Using pre-set license
Built from '2021.3/staging' branch; Version is '2021.3.15f1 (e8e88683f834) revision 15263878'; Using compiler version '192829333'; Build Type 'Release'
OS: 'Windows 11  (10.0.22631) 64bit CoreSingleLanguage' Language: 'en' Physical Memory: 24315 MB
BatchMode: 1, IsHumanControllingUs: 0, StartBugReporterOnCrash: 0, Is64bit: 1, IsPro: 1

COMMAND LINE ARGUMENTS:
C:\Program Files\Unity 2021.3.15f1\Editor\Unity.exe
-adb2
-batchMode
-noUpm
-name
AssetImportWorker3
-projectPath
C:/HomeWork/unity/MatchMeck-main/MatchMeck-main/TopDown/Assets
-logFile
Logs/AssetImportWorker3.log
-srvPort
55872
Successfully changed project path to: C:/HomeWork/unity/MatchMeck-main/MatchMeck-main/TopDown/Assets
C:/HomeWork/unity/MatchMeck-main/MatchMeck-main/TopDown/Assets
[UnityMemory] Configuration Parameters - Can be set up in boot.config
    "memorysetup-bucket-allocator-granularity=16"
    "memorysetup-bucket-allocator-bucket-count=8"
    "memorysetup-bucket-allocator-block-size=33554432"
    "memorysetup-bucket-allocator-block-count=8"
    "memorysetup-main-allocator-block-size=16777216"
    "memorysetup-thread-allocator-block-size=16777216"
    "memorysetup-gfx-main-allocator-block-size=16777216"
    "memorysetup-gfx-thread-allocator-block-size=16777216"
    "memorysetup-cache-allocator-block-size=4194304"
    "memorysetup-typetree-allocator-block-size=2097152"
    "memorysetup-profiler-bucket-allocator-granularity=16"
    "memorysetup-profiler-bucket-allocator-bucket-count=8"
    "memorysetup-profiler-bucket-allocator-block-size=33554432"
    "memorysetup-profiler-bucket-allocator-block-count=8"
    "memorysetup-profiler-allocator-block-size=16777216"
    "memorysetup-profiler-editor-allocator-block-size=1048576"
    "memorysetup-temp-allocator-size-main=16777216"
    "memorysetup-job-temp-allocator-block-size=2097152"
    "memorysetup-job-temp-allocator-block-size-background=1048576"
    "memorysetup-job-temp-allocator-reduction-small-platforms=262144"
    "memorysetup-temp-allocator-size-background-worker=32768"
    "memorysetup-temp-allocator-size-job-worker=262144"
    "memorysetup-temp-allocator-size-preload-manager=33554432"
    "memorysetup-temp-allocator-size-nav-mesh-worker=65536"
    "memorysetup-temp-allocator-size-audio-worker=65536"
    "memorysetup-temp-allocator-size-cloud-worker=32768"
    "memorysetup-temp-allocator-size-gi-baking-worker=262144"
    "memorysetup-temp-allocator-size-gfx=262144"
Player connection [3828] Host "[IP] 192.168.43.48 [Port] 0 [Flags] 2 [Guid] 1688393777 [EditorId] 1688393777 [Version] 1048832 [Id] WindowsEditor(7,LAPTOP-1BOK71AU) [Debug] 1 [PackageName] WindowsEditor [ProjectName] Editor" joined multi-casting on [225.0.0.222:54997]...

Player connection [3828] Host "[IP] 192.168.43.48 [Port] 0 [Flags] 2 [Guid] 1688393777 [EditorId] 1688393777 [Version] 1048832 [Id] WindowsEditor(7,LAPTOP-1BOK71AU) [Debug] 1 [PackageName] WindowsEditor [ProjectName] Editor" joined alternative multi-casting on [225.0.0.222:34997]...

Refreshing native plugins compatible for Editor in 55.46 ms, found 3 plugins.
Preloading 0 native plugins for Editor in 0.00 ms.
Initialize engine version: 2021.3.15f1 (e8e88683f834)
[Subsystems] Discovering subsystems at path C:/Program Files/Unity 2021.3.15f1/Editor/Data/Resources/UnitySubsystems
[Subsystems] Discovering subsystems at path C:/HomeWork/unity/MatchMeck-main/MatchMeck-main/TopDown/Assets/Assets
GfxDevice: creating device client; threaded=0; jobified=0
Direct3D:
    Version:  Direct3D 11.0 [level 11.1]
    Renderer: NVIDIA GeForce RTX 4060 Laptop GPU (ID=0x28e0)
    Vendor:   NVIDIA
    VRAM:     7972 MB
    Driver:   31.0.15.4629
Initialize mono
Mono path[0] = 'C:/Program Files/Unity 2021.3.15f1/Editor/Data/Managed'
Mono path[1] = 'C:/Program Files/Unity 2021.3.15f1/Editor/Data/MonoBleedingEdge/lib/mono/unityjit-win32'
Mono config path = 'C:/Program Files/Unity 2021.3.15f1/Editor/Data/MonoBleedingEdge/etc'
Using monoOptions --debugger-agent=transport=dt_socket,embedding=1,server=y,suspend=n,address=127.0.0.1:56584
Begin MonoManager ReloadAssembly
Registering precompiled unity dll's ...
Register platform support module: C:/Program Files/Unity 2021.3.15f1/Editor/Data/PlaybackEngines/WebGLSupport/UnityEditor.WebGL.Extensions.dll
Register platform support module: C:/Program Files/Unity 2021.3.15f1/Editor/Data/PlaybackEngines/WindowsStandaloneSupport/UnityEditor.WindowsStandalone.Extensions.dll
Registered in 0.003191 seconds.
Native extension for WindowsStandalone target not found
Native extension for WebGL target not found
Refreshing native plugins compatible for Editor in 52.25 ms, found 3 plugins.
Preloading 0 native plugins for Editor in 0.00 ms.
Mono: successfully reloaded assembly
- Completed reload, in  0.540 seconds
Domain Reload Profiling:
	ReloadAssembly (540ms)
		BeginReloadAssembly (68ms)
			ExecutionOrderSort (0ms)
			DisableScriptedObjects (0ms)
			BackupInstance (0ms)
			ReleaseScriptingObjects (0ms)
			CreateAndSetChildDomain (1ms)
		EndReloadAssembly (379ms)
			LoadAssemblies (65ms)
			RebuildTransferFunctionScriptingTraits (0ms)
			SetupTypeCache (88ms)
			ReleaseScriptCaches (0ms)
			RebuildScriptCaches (25ms)
			SetupLoadedEditorAssemblies (223ms)
				LogAssemblyErrors (0ms)
				InitializePlatformSupportModulesInManaged (8ms)
				SetLoadedEditorAssemblies (0ms)
				RefreshPlugins (52ms)
				BeforeProcessingInitializeOnLoad (1ms)
				ProcessInitializeOnLoadAttributes (117ms)
				ProcessInitializeOnLoadMethodAttributes (44ms)
				AfterProcessingInitializeOnLoad (0ms)
				EditorAssembliesLoaded (0ms)
			ExecutionOrderSort2 (0ms)
			AwakeInstancesAfterBackupRestoration (0ms)
Platform modules already initialized, skipping
Registering precompiled user dll's ...
Registered in 0.006523 seconds.
Begin MonoManager ReloadAssembly
Native extension for WindowsStandalone target not found
Native extension for WebGL target not found
Refreshing native plugins compatible for Editor in 1.34 ms, found 3 plugins.
Preloading 0 native plugins for Editor in 0.00 ms.
Mono: successfully reloaded assembly
- Completed reload, in  1.290 seconds
Domain Reload Profiling:
	ReloadAssembly (1291ms)
		BeginReloadAssembly (100ms)
			ExecutionOrderSort (0ms)
			DisableScriptedObjects (6ms)
			BackupInstance (0ms)
			ReleaseScriptingObjects (0ms)
			CreateAndSetChildDomain (21ms)
		EndReloadAssembly (1056ms)
			LoadAssemblies (78ms)
			RebuildTransferFunctionScriptingTraits (0ms)
			SetupTypeCache (310ms)
			ReleaseScriptCaches (1ms)
			RebuildScriptCaches (60ms)
			SetupLoadedEditorAssemblies (534ms)
				LogAssemblyErrors (0ms)
				InitializePlatformSupportModulesInManaged (13ms)
				SetLoadedEditorAssemblies (1ms)
				RefreshPlugins (1ms)
				BeforeProcessingInitializeOnLoad (105ms)
				ProcessInitializeOnLoadAttributes (374ms)
				ProcessInitializeOnLoadMethodAttributes (31ms)
				AfterProcessingInitializeOnLoad (8ms)
				EditorAssembliesLoaded (0ms)
			ExecutionOrderSort2 (0ms)
			AwakeInstancesAfterBackupRestoration (7ms)
Platform modules already initialized, skipping
========================================================================
Worker process is ready to serve import requests
Launched and connected shader compiler UnityShaderCompiler.exe after 0.07 seconds
Refreshing native plugins compatible for Editor in 0.57 ms, found 3 plugins.
Preloading 0 native plugins for Editor in 0.00 ms.
Unloading 3230 Unused Serialized files (Serialized files now loaded: 0)
Unloading 24 unused Assets / (56.4 KB). Loaded Objects now: 3690.
Memory consumption went from 110.9 MB to 110.8 MB.
Total: 5.654500 ms (FindLiveObjects: 0.409100 ms CreateObjectMapping: 0.197800 ms MarkObjects: 4.853600 ms  DeleteObjects: 0.190900 ms)

AssetImportParameters requested are different than current active one (requested -> active):
  custom:video-decoder-ogg-theora: a1e56fd34408186e4bbccfd4996cb3dc -> 
  custom:container-muxer-webm: aa71ff27fc2769a1b78a27578f13a17b -> 
  custom:container-demuxer-webm: 4f35f7cbe854078d1ac9338744f61a02 -> 
  custom:video-encoder-webm-vp8: eb34c28f22e8b96e1ab97ce403110664 -> 
  custom:video-codec-MediaFoundation-h265: 746d11721c4dcdbdad8f713fa42b33f4 -> 
  custom:audio-encoder-webm-vorbis: bf7c407c2cedff20999df2af8eb42d56 -> 
  custom:framework-win-MediaFoundation: 216162199b28c13a410421893ffa2e32 -> 
  custom:container-demuxer-ogg: 62fdf1f143b41e24485cea50d1cbac27 -> 
  custom:video-decoder-webm-vp8: 9c59270c3fd7afecdb556c50c9e8de78 -> 
  custom:audio-decoder-ogg-vorbis: bf7c407c2cedff20999df2af8eb42d56 -> 
========================================================================
Received Import Request.
  Time since last request: 344409.603469 seconds.
  path: Assets/Simp_Prop/- Prefabs/scp_ip_factory_building_05.prefab
  artifactKey: Guid(b2624b35974530048a8b7ad7a86c7605) Importer(815301076,1909f56bfc062723c751e8b465ee728b)
Start importing Assets/Simp_Prop/- Prefabs/scp_ip_factory_building_05.prefab using Guid(b2624b35974530048a8b7ad7a86c7605) Importer(815301076,1909f56bfc062723c751e8b465ee728b)  -> (artifact id: '3c7f6765284666cb1850b15f75167f68') in 0.328835 seconds 
========================================================================
Received Import Request.
  Time since last request: 0.000091 seconds.
  path: Assets/Simp_Prop/- Prefabs/scp_ip_granary_building_05.prefab
  artifactKey: Guid(7b6c9a1518c6cea4982fe8150a364c42) Importer(815301076,1909f56bfc062723c751e8b465ee728b)
Start importing Assets/Simp_Prop/- Prefabs/scp_ip_granary_building_05.prefab using Guid(7b6c9a1518c6cea4982fe8150a364c42) Importer(815301076,1909f56bfc062723c751e8b465ee728b)  -> (artifact id: '8f75ede5930532b672dd756345b6088c') in 0.079388 seconds 
========================================================================
Received Import Request.
  Time since last request: 0.000052 seconds.
  path: Assets/Simp_Prop/- Prefabs/scp_ip_nuclear_plant_building_02.prefab
  artifactKey: Guid(50bc914f57ea9b14286868d23365e6e7) Importer(815301076,1909f56bfc062723c751e8b465ee728b)
Start importing Assets/Simp_Prop/- Prefabs/scp_ip_nuclear_plant_building_02.prefab using Guid(50bc914f57ea9b14286868d23365e6e7) Importer(815301076,1909f56bfc062723c751e8b465ee728b)  -> (artifact id: '599059216ea456787600f5a40bd38518') in 0.075444 seconds 
========================================================================
Received Import Request.
  Time since last request: 0.000074 seconds.
  path: Assets/Simp_Prop/- Prefabs/scp_ip_nuclear_plant_building_03.prefab
  artifactKey: Guid(1c7ebdad6536b3b4b8e111480e1f0ab2) Importer(815301076,1909f56bfc062723c751e8b465ee728b)
Start importing Assets/Simp_Prop/- Prefabs/scp_ip_nuclear_plant_building_03.prefab using Guid(1c7ebdad6536b3b4b8e111480e1f0ab2) Importer(815301076,1909f56bfc062723c751e8b465ee728b)  -> (artifact id: '948e2b432971e743edd22e62dd73a33a') in 0.085877 seconds 
========================================================================
Received Import Request.
  Time since last request: 0.000036 seconds.
  path: Assets/Simp_Prop/- Prefabs/scp_ip_granary_container_02.prefab
  artifactKey: Guid(d7bfb9d873e77d942b1f8e5785588ca7) Importer(815301076,1909f56bfc062723c751e8b465ee728b)
Start importing Assets/Simp_Prop/- Prefabs/scp_ip_granary_container_02.prefab using Guid(d7bfb9d873e77d942b1f8e5785588ca7) Importer(815301076,1909f56bfc062723c751e8b465ee728b)  -> (artifact id: '864322d03d7e1858f3fc5f69f41fd450') in 0.071733 seconds 
========================================================================
Received Import Request.
  Time since last request: 0.000044 seconds.
  path: Assets/Simp_Prop/- Prefabs/scp_ip_factory_pipe_double_01.prefab
  artifactKey: Guid(1a41b059d630a5c41a7fa1e95cd2bf2e) Importer(815301076,1909f56bfc062723c751e8b465ee728b)
Start importing Assets/Simp_Prop/- Prefabs/scp_ip_factory_pipe_double_01.prefab using Guid(1a41b059d630a5c41a7fa1e95cd2bf2e) Importer(815301076,1909f56bfc062723c751e8b465ee728b)  -> (artifact id: '220e108454cf8f234fd700b9b5796f83') in 0.081302 seconds 
========================================================================
Received Import Request.
  Time since last request: 0.000076 seconds.
  path: Assets/Simp_Prop/- Prefabs/scp_ip_factory_pipe_valve.prefab
  artifactKey: Guid(bf77ce77d32dec340be6e216f874155b) Importer(815301076,1909f56bfc062723c751e8b465ee728b)
Start importing Assets/Simp_Prop/- Prefabs/scp_ip_factory_pipe_valve.prefab using Guid(bf77ce77d32dec340be6e216f874155b) Importer(815301076,1909f56bfc062723c751e8b465ee728b)  -> (artifact id: '068a39f344d82f13bb056e750052064f') in 0.069396 seconds 
========================================================================
Received Import Request.
  Time since last request: 0.869350 seconds.
  path: Assets/Simp_Prop/- Materials/plane.mat
  artifactKey: Guid(609fa8eb1ac93ec4181b8ec4ef601761) Importer(815301076,1909f56bfc062723c751e8b465ee728b)
Start importing Assets/Simp_Prop/- Materials/plane.mat using Guid(609fa8eb1ac93ec4181b8ec4ef601761) Importer(815301076,1909f56bfc062723c751e8b465ee728b)  -> (artifact id: '1f651bc0d4fa5fd17dfa079c5f7e60ae') in 0.140171 seconds 
