Using pre-set license
Built from '2021.3/staging' branch; Version is '2021.3.15f1 (e8e88683f834) revision 15263878'; Using compiler version '192829333'; Build Type 'Release'
OS: 'Windows 11  (10.0.22631) 64bit CoreSingleLanguage' Language: 'en' Physical Memory: 24315 MB
BatchMode: 1, IsHumanControllingUs: 0, StartBugReporterOnCrash: 0, Is64bit: 1, IsPro: 1

COMMAND LINE ARGUMENTS:
C:\Program Files\Unity 2021.3.15f1\Editor\Unity.exe
-adb2
-batchMode
-noUpm
-name
AssetImportWorker2
-projectPath
C:/HomeWork/unity/MatchMeck-main/MatchMeck-main/TopDown/Assets
-logFile
Logs/AssetImportWorker2.log
-srvPort
55872
Successfully changed project path to: C:/HomeWork/unity/MatchMeck-main/MatchMeck-main/TopDown/Assets
C:/HomeWork/unity/MatchMeck-main/MatchMeck-main/TopDown/Assets
[UnityMemory] Configuration Parameters - Can be set up in boot.config
    "memorysetup-bucket-allocator-granularity=16"
    "memorysetup-bucket-allocator-bucket-count=8"
    "memorysetup-bucket-allocator-block-size=33554432"
    "memorysetup-bucket-allocator-block-count=8"
    "memorysetup-main-allocator-block-size=16777216"
    "memorysetup-thread-allocator-block-size=16777216"
    "memorysetup-gfx-main-allocator-block-size=16777216"
    "memorysetup-gfx-thread-allocator-block-size=16777216"
    "memorysetup-cache-allocator-block-size=4194304"
    "memorysetup-typetree-allocator-block-size=2097152"
    "memorysetup-profiler-bucket-allocator-granularity=16"
    "memorysetup-profiler-bucket-allocator-bucket-count=8"
    "memorysetup-profiler-bucket-allocator-block-size=33554432"
    "memorysetup-profiler-bucket-allocator-block-count=8"
    "memorysetup-profiler-allocator-block-size=16777216"
    "memorysetup-profiler-editor-allocator-block-size=1048576"
    "memorysetup-temp-allocator-size-main=16777216"
    "memorysetup-job-temp-allocator-block-size=2097152"
    "memorysetup-job-temp-allocator-block-size-background=1048576"
    "memorysetup-job-temp-allocator-reduction-small-platforms=262144"
    "memorysetup-temp-allocator-size-background-worker=32768"
    "memorysetup-temp-allocator-size-job-worker=262144"
    "memorysetup-temp-allocator-size-preload-manager=33554432"
    "memorysetup-temp-allocator-size-nav-mesh-worker=65536"
    "memorysetup-temp-allocator-size-audio-worker=65536"
    "memorysetup-temp-allocator-size-cloud-worker=32768"
    "memorysetup-temp-allocator-size-gi-baking-worker=262144"
    "memorysetup-temp-allocator-size-gfx=262144"
Player connection [21884] Host "[IP] 192.168.43.48 [Port] 0 [Flags] 2 [Guid] 2656142499 [EditorId] 2656142499 [Version] 1048832 [Id] WindowsEditor(7,LAPTOP-1BOK71AU) [Debug] 1 [PackageName] WindowsEditor [ProjectName] Editor" joined multi-casting on [225.0.0.222:54997]...

Player connection [21884] Host "[IP] 192.168.43.48 [Port] 0 [Flags] 2 [Guid] 2656142499 [EditorId] 2656142499 [Version] 1048832 [Id] WindowsEditor(7,LAPTOP-1BOK71AU) [Debug] 1 [PackageName] WindowsEditor [ProjectName] Editor" joined alternative multi-casting on [225.0.0.222:34997]...

Refreshing native plugins compatible for Editor in 59.86 ms, found 3 plugins.
Preloading 0 native plugins for Editor in 0.00 ms.
Initialize engine version: 2021.3.15f1 (e8e88683f834)
[Subsystems] Discovering subsystems at path C:/Program Files/Unity 2021.3.15f1/Editor/Data/Resources/UnitySubsystems
[Subsystems] Discovering subsystems at path C:/HomeWork/unity/MatchMeck-main/MatchMeck-main/TopDown/Assets/Assets
GfxDevice: creating device client; threaded=0; jobified=0
Direct3D:
    Version:  Direct3D 11.0 [level 11.1]
    Renderer: NVIDIA GeForce RTX 4060 Laptop GPU (ID=0x28e0)
    Vendor:   NVIDIA
    VRAM:     7972 MB
    Driver:   31.0.15.4629
Initialize mono
Mono path[0] = 'C:/Program Files/Unity 2021.3.15f1/Editor/Data/Managed'
Mono path[1] = 'C:/Program Files/Unity 2021.3.15f1/Editor/Data/MonoBleedingEdge/lib/mono/unityjit-win32'
Mono config path = 'C:/Program Files/Unity 2021.3.15f1/Editor/Data/MonoBleedingEdge/etc'
Using monoOptions --debugger-agent=transport=dt_socket,embedding=1,server=y,suspend=n,address=127.0.0.1:56572
Begin MonoManager ReloadAssembly
Registering precompiled unity dll's ...
Register platform support module: C:/Program Files/Unity 2021.3.15f1/Editor/Data/PlaybackEngines/WebGLSupport/UnityEditor.WebGL.Extensions.dll
Register platform support module: C:/Program Files/Unity 2021.3.15f1/Editor/Data/PlaybackEngines/WindowsStandaloneSupport/UnityEditor.WindowsStandalone.Extensions.dll
Registered in 0.003685 seconds.
Native extension for WindowsStandalone target not found
Native extension for WebGL target not found
Refreshing native plugins compatible for Editor in 52.98 ms, found 3 plugins.
Preloading 0 native plugins for Editor in 0.00 ms.
Mono: successfully reloaded assembly
- Completed reload, in  0.541 seconds
Domain Reload Profiling:
	ReloadAssembly (541ms)
		BeginReloadAssembly (69ms)
			ExecutionOrderSort (0ms)
			DisableScriptedObjects (0ms)
			BackupInstance (0ms)
			ReleaseScriptingObjects (0ms)
			CreateAndSetChildDomain (1ms)
		EndReloadAssembly (376ms)
			LoadAssemblies (65ms)
			RebuildTransferFunctionScriptingTraits (0ms)
			SetupTypeCache (86ms)
			ReleaseScriptCaches (0ms)
			RebuildScriptCaches (26ms)
			SetupLoadedEditorAssemblies (211ms)
				LogAssemblyErrors (0ms)
				InitializePlatformSupportModulesInManaged (10ms)
				SetLoadedEditorAssemblies (0ms)
				RefreshPlugins (53ms)
				BeforeProcessingInitializeOnLoad (1ms)
				ProcessInitializeOnLoadAttributes (108ms)
				ProcessInitializeOnLoadMethodAttributes (40ms)
				AfterProcessingInitializeOnLoad (0ms)
				EditorAssembliesLoaded (0ms)
			ExecutionOrderSort2 (0ms)
			AwakeInstancesAfterBackupRestoration (0ms)
Platform modules already initialized, skipping
Registering precompiled user dll's ...
Registered in 0.005350 seconds.
Begin MonoManager ReloadAssembly
Native extension for WindowsStandalone target not found
Native extension for WebGL target not found
Refreshing native plugins compatible for Editor in 0.56 ms, found 3 plugins.
Preloading 0 native plugins for Editor in 0.00 ms.
Mono: successfully reloaded assembly
- Completed reload, in  0.870 seconds
Domain Reload Profiling:
	ReloadAssembly (871ms)
		BeginReloadAssembly (96ms)
			ExecutionOrderSort (0ms)
			DisableScriptedObjects (5ms)
			BackupInstance (0ms)
			ReleaseScriptingObjects (0ms)
			CreateAndSetChildDomain (15ms)
		EndReloadAssembly (680ms)
			LoadAssemblies (72ms)
			RebuildTransferFunctionScriptingTraits (0ms)
			SetupTypeCache (193ms)
			ReleaseScriptCaches (1ms)
			RebuildScriptCaches (49ms)
			SetupLoadedEditorAssemblies (325ms)
				LogAssemblyErrors (0ms)
				InitializePlatformSupportModulesInManaged (6ms)
				SetLoadedEditorAssemblies (0ms)
				RefreshPlugins (1ms)
				BeforeProcessingInitializeOnLoad (65ms)
				ProcessInitializeOnLoadAttributes (222ms)
				ProcessInitializeOnLoadMethodAttributes (22ms)
				AfterProcessingInitializeOnLoad (10ms)
				EditorAssembliesLoaded (0ms)
			ExecutionOrderSort2 (0ms)
			AwakeInstancesAfterBackupRestoration (7ms)
Platform modules already initialized, skipping
========================================================================
Worker process is ready to serve import requests
Launched and connected shader compiler UnityShaderCompiler.exe after 0.09 seconds
Refreshing native plugins compatible for Editor in 2.25 ms, found 3 plugins.
Preloading 0 native plugins for Editor in 0.00 ms.
Unloading 3230 Unused Serialized files (Serialized files now loaded: 0)
Unloading 24 unused Assets / (56.4 KB). Loaded Objects now: 3690.
Memory consumption went from 110.9 MB to 110.8 MB.
Total: 4.969200 ms (FindLiveObjects: 0.360800 ms CreateObjectMapping: 0.447200 ms MarkObjects: 3.893700 ms  DeleteObjects: 0.265900 ms)

AssetImportParameters requested are different than current active one (requested -> active):
  custom:video-decoder-ogg-theora: a1e56fd34408186e4bbccfd4996cb3dc -> 
  custom:container-muxer-webm: aa71ff27fc2769a1b78a27578f13a17b -> 
  custom:container-demuxer-webm: 4f35f7cbe854078d1ac9338744f61a02 -> 
  custom:video-encoder-webm-vp8: eb34c28f22e8b96e1ab97ce403110664 -> 
  custom:video-codec-MediaFoundation-h265: 746d11721c4dcdbdad8f713fa42b33f4 -> 
  custom:audio-encoder-webm-vorbis: bf7c407c2cedff20999df2af8eb42d56 -> 
  custom:framework-win-MediaFoundation: 216162199b28c13a410421893ffa2e32 -> 
  custom:container-demuxer-ogg: 62fdf1f143b41e24485cea50d1cbac27 -> 
  custom:video-decoder-webm-vp8: 9c59270c3fd7afecdb556c50c9e8de78 -> 
  custom:audio-decoder-ogg-vorbis: bf7c407c2cedff20999df2af8eb42d56 -> 
========================================================================
Received Import Request.
  Time since last request: 344407.416994 seconds.
  path: Assets/Simp_Prop/- Meshes/scp_ip_granary_pipe_01.FBX
  artifactKey: Guid(29c751ad8ef72de4397f324d4ce502e4) Importer(815301076,1909f56bfc062723c751e8b465ee728b)
Start importing Assets/Simp_Prop/- Meshes/scp_ip_granary_pipe_01.FBX using Guid(29c751ad8ef72de4397f324d4ce502e4) Importer(815301076,1909f56bfc062723c751e8b465ee728b)  -> (artifact id: '3722c707ec8de0b533b30615cc9c96ea') in 0.474134 seconds 
========================================================================
Received Import Request.
  Time since last request: 0.000098 seconds.
  path: Assets/Simp_Prop/- Meshes/scp_ip_factory_pipe_double_02.FBX
  artifactKey: Guid(30923fde64acdb54194b759c03af15ed) Importer(815301076,1909f56bfc062723c751e8b465ee728b)
Start importing Assets/Simp_Prop/- Meshes/scp_ip_factory_pipe_double_02.FBX using Guid(30923fde64acdb54194b759c03af15ed) Importer(815301076,1909f56bfc062723c751e8b465ee728b)  -> (artifact id: '5c35943896d94a44876db1af69205f10') in 0.021901 seconds 
========================================================================
Received Import Request.
  Time since last request: 0.000117 seconds.
  path: Assets/Simp_Prop/- Meshes/scp_ip_concrete.FBX
  artifactKey: Guid(1d654eac7a3c0644c87c1bcd14876c5e) Importer(815301076,1909f56bfc062723c751e8b465ee728b)
Start importing Assets/Simp_Prop/- Meshes/scp_ip_concrete.FBX using Guid(1d654eac7a3c0644c87c1bcd14876c5e) Importer(815301076,1909f56bfc062723c751e8b465ee728b)  -> (artifact id: '71cad9731365e32ff48ae99a33677390') in 0.020553 seconds 
========================================================================
Received Import Request.
  Time since last request: 0.000085 seconds.
  path: Assets/Simp_Prop/- Meshes/scp_ip_nuclear_plant_tank_02.FBX
  artifactKey: Guid(05a680928fac9b0439eee9d05305a7b1) Importer(815301076,1909f56bfc062723c751e8b465ee728b)
Start importing Assets/Simp_Prop/- Meshes/scp_ip_nuclear_plant_tank_02.FBX using Guid(05a680928fac9b0439eee9d05305a7b1) Importer(815301076,1909f56bfc062723c751e8b465ee728b)  -> (artifact id: 'e3cef150a200f002d200a0843cfade92') in 0.021933 seconds 
========================================================================
Received Import Request.
  Time since last request: 0.000077 seconds.
  path: Assets/Simp_Prop/- Meshes/scp_ip_nuclear_plant_building_03.FBX
  artifactKey: Guid(203b203a28888df4e83628bdc03b037b) Importer(815301076,1909f56bfc062723c751e8b465ee728b)
Start importing Assets/Simp_Prop/- Meshes/scp_ip_nuclear_plant_building_03.FBX using Guid(203b203a28888df4e83628bdc03b037b) Importer(815301076,1909f56bfc062723c751e8b465ee728b)  -> (artifact id: '6cd2623220193d3f4ec5dadea5f19794') in 0.018154 seconds 
========================================================================
Received Import Request.
  Time since last request: 0.000035 seconds.
  path: Assets/Simp_Prop/- Meshes/scp_ip_granary_container_02.FBX
  artifactKey: Guid(9c825b62888687049a1e2042c84888a4) Importer(815301076,1909f56bfc062723c751e8b465ee728b)
Start importing Assets/Simp_Prop/- Meshes/scp_ip_granary_container_02.FBX using Guid(9c825b62888687049a1e2042c84888a4) Importer(815301076,1909f56bfc062723c751e8b465ee728b)  -> (artifact id: '782119cf2119822dafc875c88003d561') in 0.018418 seconds 
========================================================================
Received Import Request.
  Time since last request: 0.000057 seconds.
  path: Assets/Simp_Prop/- Meshes/scp_ip_factory_building_01.FBX
  artifactKey: Guid(0b94dd6f76d2f54409fd4d69eaa4a830) Importer(815301076,1909f56bfc062723c751e8b465ee728b)
Start importing Assets/Simp_Prop/- Meshes/scp_ip_factory_building_01.FBX using Guid(0b94dd6f76d2f54409fd4d69eaa4a830) Importer(815301076,1909f56bfc062723c751e8b465ee728b)  -> (artifact id: '92fff8c504c308401ef54df514b062c7') in 0.017049 seconds 
========================================================================
Received Import Request.
  Time since last request: 0.000040 seconds.
  path: Assets/Simp_Prop/- Meshes/scp_ip_factory_pipe_01.FBX
  artifactKey: Guid(7126f8749562ef746aa10f5c2c839b0f) Importer(815301076,1909f56bfc062723c751e8b465ee728b)
Start importing Assets/Simp_Prop/- Meshes/scp_ip_factory_pipe_01.FBX using Guid(7126f8749562ef746aa10f5c2c839b0f) Importer(815301076,1909f56bfc062723c751e8b465ee728b)  -> (artifact id: '838d7c60384a1567c5b348dd3b79e0d6') in 0.013923 seconds 
========================================================================
Received Import Request.
  Time since last request: 0.000043 seconds.
  path: Assets/Simp_Prop/- Meshes/scp_ip_nuclear_plant_building_02.FBX
  artifactKey: Guid(34eed4b94cd9fa94a9086ca4cf4302de) Importer(815301076,1909f56bfc062723c751e8b465ee728b)
Start importing Assets/Simp_Prop/- Meshes/scp_ip_nuclear_plant_building_02.FBX using Guid(34eed4b94cd9fa94a9086ca4cf4302de) Importer(815301076,1909f56bfc062723c751e8b465ee728b)  -> (artifact id: 'dfbd9c2e3478b7fc54278c23744e6c17') in 0.013355 seconds 
========================================================================
Received Import Request.
  Time since last request: 0.685865 seconds.
  path: Assets/Simp_Prop/- Textures/scp_ip_d_01.tif
  artifactKey: Guid(df1515a5a7dad5b43a1cd7ab133e3471) Importer(815301076,1909f56bfc062723c751e8b465ee728b)
Start importing Assets/Simp_Prop/- Textures/scp_ip_d_01.tif using Guid(df1515a5a7dad5b43a1cd7ab133e3471) Importer(815301076,1909f56bfc062723c751e8b465ee728b)  -> (artifact id: '5eb985e2cd44508eb143030ade0f0221') in 0.032330 seconds 
========================================================================
Received Import Request.
  Time since last request: 0.770514 seconds.
  path: Assets/Simp_Prop/- Prefabs/scp_ip_factory_building_02.prefab
  artifactKey: Guid(9ff88184627ab2043bf0ab1bea0babb7) Importer(815301076,1909f56bfc062723c751e8b465ee728b)
Start importing Assets/Simp_Prop/- Prefabs/scp_ip_factory_building_02.prefab using Guid(9ff88184627ab2043bf0ab1bea0babb7) Importer(815301076,1909f56bfc062723c751e8b465ee728b)  -> (artifact id: 'dd5ccca640d604877dabe9e7f23c826a') in 0.196193 seconds 
========================================================================
Received Import Request.
  Time since last request: 0.000026 seconds.
  path: Assets/Simp_Prop/- Prefabs/scp_ip_factory_tank_01.prefab
  artifactKey: Guid(ba8654207d6bb5b4ba156c94a54c0a2f) Importer(815301076,1909f56bfc062723c751e8b465ee728b)
Start importing Assets/Simp_Prop/- Prefabs/scp_ip_factory_tank_01.prefab using Guid(ba8654207d6bb5b4ba156c94a54c0a2f) Importer(815301076,1909f56bfc062723c751e8b465ee728b)  -> (artifact id: '6baab58d55ed61b7da93db58a44de08b') in 0.073689 seconds 
========================================================================
Received Import Request.
  Time since last request: 0.000079 seconds.
  path: Assets/Simp_Prop/- Prefabs/scp_ip_factory_pipe_double_01_support.prefab
  artifactKey: Guid(7192fd225ed3f344b9aedaf8d9aec784) Importer(815301076,1909f56bfc062723c751e8b465ee728b)
Start importing Assets/Simp_Prop/- Prefabs/scp_ip_factory_pipe_double_01_support.prefab using Guid(7192fd225ed3f344b9aedaf8d9aec784) Importer(815301076,1909f56bfc062723c751e8b465ee728b)  -> (artifact id: '58ac5efa141ad86e97f2d784de19a2f0') in 0.081252 seconds 
========================================================================
Received Import Request.
  Time since last request: 0.000022 seconds.
  path: Assets/Simp_Prop/- Prefabs/scp_ip_factory_tank_02.prefab
  artifactKey: Guid(d07f1f19525c8d446bf4e520391261d2) Importer(815301076,1909f56bfc062723c751e8b465ee728b)
Start importing Assets/Simp_Prop/- Prefabs/scp_ip_factory_tank_02.prefab using Guid(d07f1f19525c8d446bf4e520391261d2) Importer(815301076,1909f56bfc062723c751e8b465ee728b)  -> (artifact id: '9204779ad88d66968a50af8d3db0ebce') in 0.072832 seconds 
========================================================================
Received Import Request.
  Time since last request: 0.000074 seconds.
  path: Assets/Simp_Prop/- Prefabs/scp_ip_factory_pipe_01.prefab
  artifactKey: Guid(42ce53d0d59ad8944ac7ccf8209c514d) Importer(815301076,1909f56bfc062723c751e8b465ee728b)
Start importing Assets/Simp_Prop/- Prefabs/scp_ip_factory_pipe_01.prefab using Guid(42ce53d0d59ad8944ac7ccf8209c514d) Importer(815301076,1909f56bfc062723c751e8b465ee728b)  -> (artifact id: '02bf7e38f94352df45ae505da46ffc98') in 0.080122 seconds 
========================================================================
Received Import Request.
  Time since last request: 0.000060 seconds.
  path: Assets/Simp_Prop/- Prefabs/scp_ip_nuclear_plant_transmission_tower.prefab
  artifactKey: Guid(8dca1f78c0e7f104895655f1ad42efb1) Importer(815301076,1909f56bfc062723c751e8b465ee728b)
Start importing Assets/Simp_Prop/- Prefabs/scp_ip_nuclear_plant_transmission_tower.prefab using Guid(8dca1f78c0e7f104895655f1ad42efb1) Importer(815301076,1909f56bfc062723c751e8b465ee728b)  -> (artifact id: '30c54fd1163daef95f768f3326b576b1') in 0.078651 seconds 
========================================================================
Received Import Request.
  Time since last request: 0.000118 seconds.
  path: Assets/Simp_Prop/- Prefabs/scp_ip_nuclear_plant_pipe_01.prefab
  artifactKey: Guid(518ec4b12301988428490a62da122f4b) Importer(815301076,1909f56bfc062723c751e8b465ee728b)
Start importing Assets/Simp_Prop/- Prefabs/scp_ip_nuclear_plant_pipe_01.prefab using Guid(518ec4b12301988428490a62da122f4b) Importer(815301076,1909f56bfc062723c751e8b465ee728b)  -> (artifact id: '4ba6405281a1134bb0f560cee35fb831') in 0.071433 seconds 
========================================================================
Received Import Request.
  Time since last request: 0.000063 seconds.
  path: Assets/Simp_Prop/- Prefabs/scp_ip_granary_building_01.prefab
  artifactKey: Guid(4a95b73fb4325dd49a8bcf93312ac3e8) Importer(815301076,1909f56bfc062723c751e8b465ee728b)
Start importing Assets/Simp_Prop/- Prefabs/scp_ip_granary_building_01.prefab using Guid(4a95b73fb4325dd49a8bcf93312ac3e8) Importer(815301076,1909f56bfc062723c751e8b465ee728b)  -> (artifact id: '686a31d57f43d4b13f2764796f59213e') in 0.079585 seconds 
========================================================================
Received Import Request.
  Time since last request: 0.000078 seconds.
  path: Assets/Simp_Prop/- Prefabs/scp_ip_granary_building_04.prefab
  artifactKey: Guid(fc1c5e841092dce46950301447c2b6d0) Importer(815301076,1909f56bfc062723c751e8b465ee728b)
Start importing Assets/Simp_Prop/- Prefabs/scp_ip_granary_building_04.prefab using Guid(fc1c5e841092dce46950301447c2b6d0) Importer(815301076,1909f56bfc062723c751e8b465ee728b)  -> (artifact id: '6826e39a91af9876f68be5c6ef6a98fc') in 0.071136 seconds 
========================================================================
Received Import Request.
  Time since last request: 0.834012 seconds.
  path: Assets/Simp_Prop/- Materials/concrete_02.mat
  artifactKey: Guid(a815592cdede4d548a1d82a714eb9a35) Importer(815301076,1909f56bfc062723c751e8b465ee728b)
Start importing Assets/Simp_Prop/- Materials/concrete_02.mat using Guid(a815592cdede4d548a1d82a714eb9a35) Importer(815301076,1909f56bfc062723c751e8b465ee728b)  -> (artifact id: '28183f922528b158048de9a228f7e9da') in 0.135649 seconds 
========================================================================
Received Import Request.
  Time since last request: 0.000023 seconds.
  path: Assets/Simp_Prop/- Materials/scp_ip_material_01.mat
  artifactKey: Guid(d643bb379830900459c36f7d5f26a0b5) Importer(815301076,1909f56bfc062723c751e8b465ee728b)
Start importing Assets/Simp_Prop/- Materials/scp_ip_material_01.mat using Guid(d643bb379830900459c36f7d5f26a0b5) Importer(815301076,1909f56bfc062723c751e8b465ee728b)  -> (artifact id: 'abd6fed46ca902c2f934cae877052b75') in 0.053655 seconds 
