Using pre-set license
Built from '2021.3/staging' branch; Version is '2021.3.15f1 (e8e88683f834) revision 15263878'; Using compiler version '192829333'; Build Type 'Release'
OS: 'Windows 11  (10.0.22631) 64bit CoreSingleLanguage' Language: 'en' Physical Memory: 24315 MB
BatchMode: 1, IsHumanControllingUs: 0, StartBugReporterOnCrash: 0, Is64bit: 1, IsPro: 1

COMMAND LINE ARGUMENTS:
C:\Program Files\Unity 2021.3.15f1\Editor\Unity.exe
-adb2
-batchMode
-noUpm
-name
AssetImportWorker0
-projectPath
C:/MatchMeck/TopDownGame
-logFile
Logs/AssetImportWorker0.log
-srvPort
59798
Successfully changed project path to: C:/MatchMeck/TopDownGame
C:/MatchMeck/TopDownGame
[UnityMemory] Configuration Parameters - Can be set up in boot.config
    "memorysetup-bucket-allocator-granularity=16"
    "memorysetup-bucket-allocator-bucket-count=8"
    "memorysetup-bucket-allocator-block-size=33554432"
    "memorysetup-bucket-allocator-block-count=8"
    "memorysetup-main-allocator-block-size=16777216"
    "memorysetup-thread-allocator-block-size=16777216"
    "memorysetup-gfx-main-allocator-block-size=16777216"
    "memorysetup-gfx-thread-allocator-block-size=16777216"
    "memorysetup-cache-allocator-block-size=4194304"
    "memorysetup-typetree-allocator-block-size=2097152"
    "memorysetup-profiler-bucket-allocator-granularity=16"
    "memorysetup-profiler-bucket-allocator-bucket-count=8"
    "memorysetup-profiler-bucket-allocator-block-size=33554432"
    "memorysetup-profiler-bucket-allocator-block-count=8"
    "memorysetup-profiler-allocator-block-size=16777216"
    "memorysetup-profiler-editor-allocator-block-size=1048576"
    "memorysetup-temp-allocator-size-main=16777216"
    "memorysetup-job-temp-allocator-block-size=2097152"
    "memorysetup-job-temp-allocator-block-size-background=1048576"
    "memorysetup-job-temp-allocator-reduction-small-platforms=262144"
    "memorysetup-temp-allocator-size-background-worker=32768"
    "memorysetup-temp-allocator-size-job-worker=262144"
    "memorysetup-temp-allocator-size-preload-manager=33554432"
    "memorysetup-temp-allocator-size-nav-mesh-worker=65536"
    "memorysetup-temp-allocator-size-audio-worker=65536"
    "memorysetup-temp-allocator-size-cloud-worker=32768"
    "memorysetup-temp-allocator-size-gi-baking-worker=262144"
    "memorysetup-temp-allocator-size-gfx=262144"
Player connection [45960] Host "[IP] 172.30.165.71 [Port] 0 [Flags] 2 [Guid] 596612788 [EditorId] 596612788 [Version] 1048832 [Id] WindowsEditor(7,LAPTOP-1BOK71AU) [Debug] 1 [PackageName] WindowsEditor [ProjectName] Editor" joined multi-casting on [225.0.0.222:54997]...

Player connection [45960] Host "[IP] 172.30.165.71 [Port] 0 [Flags] 2 [Guid] 596612788 [EditorId] 596612788 [Version] 1048832 [Id] WindowsEditor(7,LAPTOP-1BOK71AU) [Debug] 1 [PackageName] WindowsEditor [ProjectName] Editor" joined alternative multi-casting on [225.0.0.222:34997]...

Refreshing native plugins compatible for Editor in 66.80 ms, found 4 plugins.
Preloading 0 native plugins for Editor in 0.00 ms.
Initialize engine version: 2021.3.15f1 (e8e88683f834)
[Subsystems] Discovering subsystems at path C:/Program Files/Unity 2021.3.15f1/Editor/Data/Resources/UnitySubsystems
[Subsystems] Discovering subsystems at path C:/MatchMeck/TopDownGame/Assets
GfxDevice: creating device client; threaded=0; jobified=0
Direct3D:
    Version:  Direct3D 11.0 [level 11.1]
    Renderer: NVIDIA GeForce RTX 4060 Laptop GPU (ID=0x28e0)
    Vendor:   NVIDIA
    VRAM:     7972 MB
    Driver:   31.0.15.4629
Initialize mono
Mono path[0] = 'C:/Program Files/Unity 2021.3.15f1/Editor/Data/Managed'
Mono path[1] = 'C:/Program Files/Unity 2021.3.15f1/Editor/Data/MonoBleedingEdge/lib/mono/unityjit-win32'
Mono config path = 'C:/Program Files/Unity 2021.3.15f1/Editor/Data/MonoBleedingEdge/etc'
Using monoOptions --debugger-agent=transport=dt_socket,embedding=1,server=y,suspend=n,address=127.0.0.1:56332
Begin MonoManager ReloadAssembly
Registering precompiled unity dll's ...
Register platform support module: C:/Program Files/Unity 2021.3.15f1/Editor/Data/PlaybackEngines/WebGLSupport/UnityEditor.WebGL.Extensions.dll
Register platform support module: C:/Program Files/Unity 2021.3.15f1/Editor/Data/PlaybackEngines/WindowsStandaloneSupport/UnityEditor.WindowsStandalone.Extensions.dll
Registered in 0.002974 seconds.
Native extension for WindowsStandalone target not found
Native extension for WebGL target not found
Refreshing native plugins compatible for Editor in 66.98 ms, found 4 plugins.
Preloading 0 native plugins for Editor in 0.00 ms.
Mono: successfully reloaded assembly
- Completed reload, in  0.514 seconds
Domain Reload Profiling:
	ReloadAssembly (514ms)
		BeginReloadAssembly (63ms)
			ExecutionOrderSort (0ms)
			DisableScriptedObjects (0ms)
			BackupInstance (0ms)
			ReleaseScriptingObjects (0ms)
			CreateAndSetChildDomain (1ms)
		EndReloadAssembly (368ms)
			LoadAssemblies (61ms)
			RebuildTransferFunctionScriptingTraits (0ms)
			SetupTypeCache (82ms)
			ReleaseScriptCaches (0ms)
			RebuildScriptCaches (23ms)
			SetupLoadedEditorAssemblies (220ms)
				LogAssemblyErrors (0ms)
				InitializePlatformSupportModulesInManaged (8ms)
				SetLoadedEditorAssemblies (0ms)
				RefreshPlugins (67ms)
				BeforeProcessingInitializeOnLoad (1ms)
				ProcessInitializeOnLoadAttributes (106ms)
				ProcessInitializeOnLoadMethodAttributes (37ms)
				AfterProcessingInitializeOnLoad (0ms)
				EditorAssembliesLoaded (0ms)
			ExecutionOrderSort2 (0ms)
			AwakeInstancesAfterBackupRestoration (0ms)
Platform modules already initialized, skipping
Registering precompiled user dll's ...
Registered in 0.017775 seconds.
Begin MonoManager ReloadAssembly
Symbol file LoadedFromMemory doesn't match image C:\MatchMeck\TopDownGame\Library\PackageCache\com.unity.visualscripting@1.7.8\Editor\VisualScripting.Core\Dependencies\YamlDotNet\Unity.VisualScripting.YamlDotNet.dll
Symbol file LoadedFromMemory doesn't match image C:\MatchMeck\TopDownGame\Library\PackageCache\com.unity.visualscripting@1.7.8\Editor\VisualScripting.Core\Dependencies\DotNetZip\Unity.VisualScripting.IonicZip.dll
Native extension for WindowsStandalone target not found
Native extension for WebGL target not found
Refreshing native plugins compatible for Editor in 74.50 ms, found 4 plugins.
Preloading 0 native plugins for Editor in 0.00 ms.
Mono: successfully reloaded assembly
- Completed reload, in  1.218 seconds
Domain Reload Profiling:
	ReloadAssembly (1219ms)
		BeginReloadAssembly (111ms)
			ExecutionOrderSort (0ms)
			DisableScriptedObjects (5ms)
			BackupInstance (0ms)
			ReleaseScriptingObjects (0ms)
			CreateAndSetChildDomain (18ms)
		EndReloadAssembly (1009ms)
			LoadAssemblies (95ms)
			RebuildTransferFunctionScriptingTraits (0ms)
			SetupTypeCache (269ms)
			ReleaseScriptCaches (0ms)
			RebuildScriptCaches (57ms)
			SetupLoadedEditorAssemblies (517ms)
				LogAssemblyErrors (0ms)
				InitializePlatformSupportModulesInManaged (8ms)
				SetLoadedEditorAssemblies (0ms)
				RefreshPlugins (75ms)
				BeforeProcessingInitializeOnLoad (99ms)
				ProcessInitializeOnLoadAttributes (291ms)
				ProcessInitializeOnLoadMethodAttributes (36ms)
				AfterProcessingInitializeOnLoad (8ms)
				EditorAssembliesLoaded (0ms)
			ExecutionOrderSort2 (0ms)
			AwakeInstancesAfterBackupRestoration (8ms)
Platform modules already initialized, skipping
========================================================================
Worker process is ready to serve import requests
Launched and connected shader compiler UnityShaderCompiler.exe after 0.06 seconds
Refreshing native plugins compatible for Editor in 0.76 ms, found 4 plugins.
Preloading 0 native plugins for Editor in 0.00 ms.
Unloading 3965 Unused Serialized files (Serialized files now loaded: 0)
Unloading 38 unused Assets / (114.5 KB). Loaded Objects now: 4442.
Memory consumption went from 162.9 MB to 162.8 MB.
Total: 4.921000 ms (FindLiveObjects: 0.271600 ms CreateObjectMapping: 0.187300 ms MarkObjects: 4.298100 ms  DeleteObjects: 0.161600 ms)

AssetImportParameters requested are different than current active one (requested -> active):
  custom:video-decoder-ogg-theora: a1e56fd34408186e4bbccfd4996cb3dc -> 
  custom:container-muxer-webm: aa71ff27fc2769a1b78a27578f13a17b -> 
  custom:container-demuxer-webm: 4f35f7cbe854078d1ac9338744f61a02 -> 
  custom:video-encoder-webm-vp8: eb34c28f22e8b96e1ab97ce403110664 -> 
  custom:video-codec-MediaFoundation-h265: 746d11721c4dcdbdad8f713fa42b33f4 -> 
  custom:audio-encoder-webm-vorbis: bf7c407c2cedff20999df2af8eb42d56 -> 
  custom:framework-win-MediaFoundation: 216162199b28c13a410421893ffa2e32 -> 
  custom:container-demuxer-ogg: 62fdf1f143b41e24485cea50d1cbac27 -> 
  custom:video-decoder-webm-vp8: 9c59270c3fd7afecdb556c50c9e8de78 -> 
  custom:audio-decoder-ogg-vorbis: bf7c407c2cedff20999df2af8eb42d56 -> 
========================================================================
Received Import Request.
  Time since last request: 203958.211913 seconds.
  path: Assets/Assets/Simp_Prop/- Meshes/scp_ip_granary_pipe_01.FBX
  artifactKey: Guid(29c751ad8ef72de4397f324d4ce502e4) Importer(815301076,1909f56bfc062723c751e8b465ee728b)
Start importing Assets/Assets/Simp_Prop/- Meshes/scp_ip_granary_pipe_01.FBX using Guid(29c751ad8ef72de4397f324d4ce502e4) Importer(815301076,1909f56bfc062723c751e8b465ee728b)  -> (artifact id: '272a212d2fef3d4fcf6062f3d55d0403') in 0.145735 seconds 
========================================================================
Received Import Request.
  Time since last request: 0.000036 seconds.
  path: Assets/Assets/Simp_Prop/- Prefabs/scp_ip_factory_pipe_03.prefab
  artifactKey: Guid(fdfe04aac73d64a41b146bb2cba96038) Importer(815301076,1909f56bfc062723c751e8b465ee728b)
Start importing Assets/Assets/Simp_Prop/- Prefabs/scp_ip_factory_pipe_03.prefab using Guid(fdfe04aac73d64a41b146bb2cba96038) Importer(815301076,1909f56bfc062723c751e8b465ee728b)  -> (artifact id: 'adbf3d4218106ea96efd7aa7b906efc6') in 0.084710 seconds 
========================================================================
Received Import Request.
  Time since last request: 0.000018 seconds.
  path: Assets/Assets/Simp_Prop/- Meshes/scp_ip_factory_pipe_01_support.FBX
  artifactKey: Guid(988e07fb210abc34cbe14a1254798ed4) Importer(815301076,1909f56bfc062723c751e8b465ee728b)
Start importing Assets/Assets/Simp_Prop/- Meshes/scp_ip_factory_pipe_01_support.FBX using Guid(988e07fb210abc34cbe14a1254798ed4) Importer(815301076,1909f56bfc062723c751e8b465ee728b)  -> (artifact id: 'c26d22f22ad45be36c593bfa7a11e9a5') in 0.011556 seconds 
========================================================================
Received Import Request.
  Time since last request: 0.000030 seconds.
  path: Assets/Assets/Simp_Prop/- Meshes/scp_ip_factory_pipe_double_01.FBX
  artifactKey: Guid(4eafd52b3cf727145bfe1d3a4c043f61) Importer(815301076,1909f56bfc062723c751e8b465ee728b)
Start importing Assets/Assets/Simp_Prop/- Meshes/scp_ip_factory_pipe_double_01.FBX using Guid(4eafd52b3cf727145bfe1d3a4c043f61) Importer(815301076,1909f56bfc062723c751e8b465ee728b)  -> (artifact id: '39e2a63a56528e289829522325b27027') in 0.014409 seconds 
========================================================================
Received Import Request.
  Time since last request: 0.000027 seconds.
  path: Assets/Assets/Simp_Prop/- Prefabs/scp_ip_factory_pipe_02.prefab
  artifactKey: Guid(7a1246484f87020428d93558a242584e) Importer(815301076,1909f56bfc062723c751e8b465ee728b)
Start importing Assets/Assets/Simp_Prop/- Prefabs/scp_ip_factory_pipe_02.prefab using Guid(7a1246484f87020428d93558a242584e) Importer(815301076,1909f56bfc062723c751e8b465ee728b)  -> (artifact id: '7621bcb1c7f8a8ba78924a5bcc0545b0') in 0.057352 seconds 
========================================================================
Received Import Request.
  Time since last request: 0.000023 seconds.
  path: Assets/Assets/Simp_Prop/- Prefabs/scp_ip_nuclear_plant_building_04.prefab
  artifactKey: Guid(96969b34130652340af47c10188e1811) Importer(815301076,1909f56bfc062723c751e8b465ee728b)
Start importing Assets/Assets/Simp_Prop/- Prefabs/scp_ip_nuclear_plant_building_04.prefab using Guid(96969b34130652340af47c10188e1811) Importer(815301076,1909f56bfc062723c751e8b465ee728b)  -> (artifact id: '35428cb14a1133bc66681170a1a9fce1') in 0.058645 seconds 
========================================================================
Received Import Request.
  Time since last request: 0.000032 seconds.
  path: Assets/Assets/Simp_Prop/- Meshes/scp_ip_granary_pipe_02.FBX
  artifactKey: Guid(eeb1ce5015698f74d98fff75e80ad2b2) Importer(815301076,1909f56bfc062723c751e8b465ee728b)
Start importing Assets/Assets/Simp_Prop/- Meshes/scp_ip_granary_pipe_02.FBX using Guid(eeb1ce5015698f74d98fff75e80ad2b2) Importer(815301076,1909f56bfc062723c751e8b465ee728b)  -> (artifact id: '96ca15ad54d175bc89ff30fbd9d564d6') in 0.010756 seconds 
========================================================================
Received Import Request.
  Time since last request: 0.000024 seconds.
  path: Assets/Assets/Simp_Prop/- Prefabs/scp_ip_factory_tank_02.prefab
  artifactKey: Guid(d07f1f19525c8d446bf4e520391261d2) Importer(815301076,1909f56bfc062723c751e8b465ee728b)
Start importing Assets/Assets/Simp_Prop/- Prefabs/scp_ip_factory_tank_02.prefab using Guid(d07f1f19525c8d446bf4e520391261d2) Importer(815301076,1909f56bfc062723c751e8b465ee728b)  -> (artifact id: 'd9cbe572f3b5105c78e45e6744fef37e') in 0.052524 seconds 
========================================================================
Received Import Request.
  Time since last request: 0.000030 seconds.
  path: Assets/Assets/Simp_Prop/- Meshes/scp_ip_factory_tank_02.FBX
  artifactKey: Guid(ce754d598ed15bc4191654294ff05c64) Importer(815301076,1909f56bfc062723c751e8b465ee728b)
Start importing Assets/Assets/Simp_Prop/- Meshes/scp_ip_factory_tank_02.FBX using Guid(ce754d598ed15bc4191654294ff05c64) Importer(815301076,1909f56bfc062723c751e8b465ee728b)  -> (artifact id: '01dca6e17ec8bedbdbf29d42e459b173') in 0.021425 seconds 
========================================================================
Received Import Request.
  Time since last request: 0.000102 seconds.
  path: Assets/Assets/Simp_Prop/- Prefabs/scp_ip_granary_pipe_01.prefab
  artifactKey: Guid(814bcbe54afb37f469e34510e51e4dad) Importer(815301076,1909f56bfc062723c751e8b465ee728b)
Start importing Assets/Assets/Simp_Prop/- Prefabs/scp_ip_granary_pipe_01.prefab using Guid(814bcbe54afb37f469e34510e51e4dad) Importer(815301076,1909f56bfc062723c751e8b465ee728b)  -> (artifact id: '098f415dbeb90c55ede1d023e968e3b2') in 0.059264 seconds 
========================================================================
Received Import Request.
  Time since last request: 0.000017 seconds.
  path: Assets/Assets/Simp_Prop/- Prefabs/scp_ip_granary_pipe_02.prefab
  artifactKey: Guid(8b2d24a0cf900144c8c2acbb75b45c23) Importer(815301076,1909f56bfc062723c751e8b465ee728b)
Start importing Assets/Assets/Simp_Prop/- Prefabs/scp_ip_granary_pipe_02.prefab using Guid(8b2d24a0cf900144c8c2acbb75b45c23) Importer(815301076,1909f56bfc062723c751e8b465ee728b)  -> (artifact id: '502fb99d65c3a548166e6f02c75ab6a0') in 0.056266 seconds 
========================================================================
Received Import Request.
  Time since last request: 0.000027 seconds.
  path: Assets/Assets/Simp_Prop/- Meshes/scp_ip_factory_building_02.FBX
  artifactKey: Guid(ffab324f57a75014bb0dd79090f39c15) Importer(815301076,1909f56bfc062723c751e8b465ee728b)
Start importing Assets/Assets/Simp_Prop/- Meshes/scp_ip_factory_building_02.FBX using Guid(ffab324f57a75014bb0dd79090f39c15) Importer(815301076,1909f56bfc062723c751e8b465ee728b)  -> (artifact id: '7cd556b3fec9db8a399ba89b6bca5b3e') in 0.009572 seconds 
========================================================================
Received Import Request.
  Time since last request: 0.000033 seconds.
  path: Assets/Assets/Simp_Prop/- Meshes/scp_ip_granary_pipe_01_support.FBX
  artifactKey: Guid(8bf49d785fc03fe42bce92104e701251) Importer(815301076,1909f56bfc062723c751e8b465ee728b)
Start importing Assets/Assets/Simp_Prop/- Meshes/scp_ip_granary_pipe_01_support.FBX using Guid(8bf49d785fc03fe42bce92104e701251) Importer(815301076,1909f56bfc062723c751e8b465ee728b)  -> (artifact id: 'f20770300dd0d57ac6ff32decf00f70b') in 0.011352 seconds 
========================================================================
Received Import Request.
  Time since last request: 0.000038 seconds.
  path: Assets/Assets/Simp_Prop/- Meshes/scp_ip_factory_pipe_valve.FBX
  artifactKey: Guid(7fd65b7f905b5a14f9d817142bf84593) Importer(815301076,1909f56bfc062723c751e8b465ee728b)
Start importing Assets/Assets/Simp_Prop/- Meshes/scp_ip_factory_pipe_valve.FBX using Guid(7fd65b7f905b5a14f9d817142bf84593) Importer(815301076,1909f56bfc062723c751e8b465ee728b)  -> (artifact id: '3e48a3c3e783b826b4b9a8df84e67721') in 0.010511 seconds 
========================================================================
Received Import Request.
  Time since last request: 0.000031 seconds.
  path: Assets/Assets/Simp_Prop/- Meshes/scp_ip_granary_building_06.FBX
  artifactKey: Guid(ea8f533cff1878b46b3645168e40d920) Importer(815301076,1909f56bfc062723c751e8b465ee728b)
Start importing Assets/Assets/Simp_Prop/- Meshes/scp_ip_granary_building_06.FBX using Guid(ea8f533cff1878b46b3645168e40d920) Importer(815301076,1909f56bfc062723c751e8b465ee728b)  -> (artifact id: '3b6c3369ba37b949a1c75e3409b06db2') in 0.017532 seconds 
========================================================================
Received Import Request.
  Time since last request: 0.000030 seconds.
  path: Assets/Assets/Simp_Prop/- Prefabs/scp_ip_factory_building_03.prefab
  artifactKey: Guid(ebdba3422ff652a4ab5bb1590e90eb2e) Importer(815301076,1909f56bfc062723c751e8b465ee728b)
Start importing Assets/Assets/Simp_Prop/- Prefabs/scp_ip_factory_building_03.prefab using Guid(ebdba3422ff652a4ab5bb1590e90eb2e) Importer(815301076,1909f56bfc062723c751e8b465ee728b)  -> (artifact id: 'd091de2715d9df9669afedca3d3e95e0') in 0.058401 seconds 
========================================================================
Received Import Request.
  Time since last request: 0.000042 seconds.
  path: Assets/Assets/Simp_Prop/- Prefabs/scp_ip_nuclear_plant_building_03.prefab
  artifactKey: Guid(1c7ebdad6536b3b4b8e111480e1f0ab2) Importer(815301076,1909f56bfc062723c751e8b465ee728b)
Start importing Assets/Assets/Simp_Prop/- Prefabs/scp_ip_nuclear_plant_building_03.prefab using Guid(1c7ebdad6536b3b4b8e111480e1f0ab2) Importer(815301076,1909f56bfc062723c751e8b465ee728b)  -> (artifact id: '079b3425344cdafe5941a2cb0ba88632') in 0.063788 seconds 
========================================================================
Received Import Request.
  Time since last request: 0.000034 seconds.
  path: Assets/Assets/Simp_Prop/- Meshes/scp_ip_factory_pipe_double_02.FBX
  artifactKey: Guid(30923fde64acdb54194b759c03af15ed) Importer(815301076,1909f56bfc062723c751e8b465ee728b)
Start importing Assets/Assets/Simp_Prop/- Meshes/scp_ip_factory_pipe_double_02.FBX using Guid(30923fde64acdb54194b759c03af15ed) Importer(815301076,1909f56bfc062723c751e8b465ee728b)  -> (artifact id: 'caa0c414f4d656c6c1cb1f9b8cf4e717') in 0.011292 seconds 
========================================================================
Received Import Request.
  Time since last request: 0.000028 seconds.
  path: Assets/Assets/Simp_Prop/- Meshes/scp_ip_granary_container_01.FBX
  artifactKey: Guid(3d4340990e1cfc745bc4259ab29b3cfe) Importer(815301076,1909f56bfc062723c751e8b465ee728b)
Start importing Assets/Assets/Simp_Prop/- Meshes/scp_ip_granary_container_01.FBX using Guid(3d4340990e1cfc745bc4259ab29b3cfe) Importer(815301076,1909f56bfc062723c751e8b465ee728b)  -> (artifact id: '6156fa1988fe6d781ddf256b29007e41') in 0.011535 seconds 
========================================================================
Received Import Request.
  Time since last request: 0.000030 seconds.
  path: Assets/Assets/Simp_Prop/- Meshes/scp_ip_concrete.FBX
  artifactKey: Guid(1d654eac7a3c0644c87c1bcd14876c5e) Importer(815301076,1909f56bfc062723c751e8b465ee728b)
Start importing Assets/Assets/Simp_Prop/- Meshes/scp_ip_concrete.FBX using Guid(1d654eac7a3c0644c87c1bcd14876c5e) Importer(815301076,1909f56bfc062723c751e8b465ee728b)  -> (artifact id: 'a858f7b2bdc0ef594c61a355c234eac0') in 0.013444 seconds 
========================================================================
Received Import Request.
  Time since last request: 0.000047 seconds.
  path: Assets/Assets/Simp_Prop/- Meshes/scp_ip_factory_building_05.FBX
  artifactKey: Guid(99dc843160b89b943be7b40d0cb58c57) Importer(815301076,1909f56bfc062723c751e8b465ee728b)
Start importing Assets/Assets/Simp_Prop/- Meshes/scp_ip_factory_building_05.FBX using Guid(99dc843160b89b943be7b40d0cb58c57) Importer(815301076,1909f56bfc062723c751e8b465ee728b)  -> (artifact id: '9a31970d901c8dcc1bb25e3d701e4972') in 0.014632 seconds 
========================================================================
Received Import Request.
  Time since last request: 0.000026 seconds.
  path: Assets/Assets/Simp_Prop/- Prefabs/scp_ip_nuclear_plant_building_02.prefab
  artifactKey: Guid(50bc914f57ea9b14286868d23365e6e7) Importer(815301076,1909f56bfc062723c751e8b465ee728b)
Start importing Assets/Assets/Simp_Prop/- Prefabs/scp_ip_nuclear_plant_building_02.prefab using Guid(50bc914f57ea9b14286868d23365e6e7) Importer(815301076,1909f56bfc062723c751e8b465ee728b)  -> (artifact id: '4329a14e4f73c08257dec3176b1f54c3') in 0.060572 seconds 
========================================================================
Received Import Request.
  Time since last request: 0.000056 seconds.
  path: Assets/Assets/Simp_Prop/- Prefabs/scp_ip_granary_container_01.prefab
  artifactKey: Guid(2ca1658fac74ea84e8eff54d71813b86) Importer(815301076,1909f56bfc062723c751e8b465ee728b)
Start importing Assets/Assets/Simp_Prop/- Prefabs/scp_ip_granary_container_01.prefab using Guid(2ca1658fac74ea84e8eff54d71813b86) Importer(815301076,1909f56bfc062723c751e8b465ee728b)  -> (artifact id: '6318e05e5046c65eaa1b84b746bda84f') in 0.058384 seconds 
========================================================================
Received Import Request.
  Time since last request: 0.000025 seconds.
  path: Assets/Assets/Simp_Prop/- Meshes/scp_ip_granary_building_04.FBX
  artifactKey: Guid(7f2da27ec5f96ca43a8cb6cad036cf59) Importer(815301076,1909f56bfc062723c751e8b465ee728b)
Start importing Assets/Assets/Simp_Prop/- Meshes/scp_ip_granary_building_04.FBX using Guid(7f2da27ec5f96ca43a8cb6cad036cf59) Importer(815301076,1909f56bfc062723c751e8b465ee728b)  -> (artifact id: '8ead01d153618eb88ca7279e7dcc42ae') in 0.011215 seconds 
========================================================================
Received Import Request.
  Time since last request: 0.000051 seconds.
  path: Assets/Assets/Simp_Prop/- Meshes/scp_ip_nuclear_plant_building_03.FBX
  artifactKey: Guid(203b203a28888df4e83628bdc03b037b) Importer(815301076,1909f56bfc062723c751e8b465ee728b)
Start importing Assets/Assets/Simp_Prop/- Meshes/scp_ip_nuclear_plant_building_03.FBX using Guid(203b203a28888df4e83628bdc03b037b) Importer(815301076,1909f56bfc062723c751e8b465ee728b)  -> (artifact id: '58bd8a52a73c20dc48c22af32777a917') in 0.012814 seconds 
========================================================================
Received Import Request.
  Time since last request: 0.000046 seconds.
  path: Assets/Assets/Simp_Prop/- Meshes/scp_ip_factory_building_04.FBX
  artifactKey: Guid(451ea04126f28a346aabce0d5cbce401) Importer(815301076,1909f56bfc062723c751e8b465ee728b)
Start importing Assets/Assets/Simp_Prop/- Meshes/scp_ip_factory_building_04.FBX using Guid(451ea04126f28a346aabce0d5cbce401) Importer(815301076,1909f56bfc062723c751e8b465ee728b)  -> (artifact id: '55d26fe790649ed44c07985d149d6457') in 0.012344 seconds 
========================================================================
Received Import Request.
  Time since last request: 0.000039 seconds.
  path: Assets/Assets/Simp_Prop/- Meshes/scp_ip_nuclear_plant_building_05.FBX
  artifactKey: Guid(e2d4e6e0171daee4ebd04e1a389b21e1) Importer(815301076,1909f56bfc062723c751e8b465ee728b)
Start importing Assets/Assets/Simp_Prop/- Meshes/scp_ip_nuclear_plant_building_05.FBX using Guid(e2d4e6e0171daee4ebd04e1a389b21e1) Importer(815301076,1909f56bfc062723c751e8b465ee728b)  -> (artifact id: 'b8b54b35d0f1074b8c39f9403fdbfa62') in 0.014226 seconds 
========================================================================
Received Import Request.
  Time since last request: 0.000029 seconds.
  path: Assets/Assets/Simp_Prop/- Meshes/scp_ip_granary_container_02.FBX
  artifactKey: Guid(9c825b62888687049a1e2042c84888a4) Importer(815301076,1909f56bfc062723c751e8b465ee728b)
Start importing Assets/Assets/Simp_Prop/- Meshes/scp_ip_granary_container_02.FBX using Guid(9c825b62888687049a1e2042c84888a4) Importer(815301076,1909f56bfc062723c751e8b465ee728b)  -> (artifact id: '8d87b9aa06167e2666705e911a1b5e19') in 0.015020 seconds 
========================================================================
Received Import Request.
  Time since last request: 0.000028 seconds.
  path: Assets/Assets/Simp_Prop/- Prefabs/scp_ip_factory_building_05.prefab
  artifactKey: Guid(b2624b35974530048a8b7ad7a86c7605) Importer(815301076,1909f56bfc062723c751e8b465ee728b)
Start importing Assets/Assets/Simp_Prop/- Prefabs/scp_ip_factory_building_05.prefab using Guid(b2624b35974530048a8b7ad7a86c7605) Importer(815301076,1909f56bfc062723c751e8b465ee728b)  -> (artifact id: 'd69f9900518fa5ba3553b2ee1e90442c') in 0.058486 seconds 
========================================================================
Received Import Request.
  Time since last request: 0.000042 seconds.
  path: Assets/Assets/Simp_Prop/- Prefabs/scp_ip_factory_pipe_double_01.prefab
  artifactKey: Guid(1a41b059d630a5c41a7fa1e95cd2bf2e) Importer(815301076,1909f56bfc062723c751e8b465ee728b)
Start importing Assets/Assets/Simp_Prop/- Prefabs/scp_ip_factory_pipe_double_01.prefab using Guid(1a41b059d630a5c41a7fa1e95cd2bf2e) Importer(815301076,1909f56bfc062723c751e8b465ee728b)  -> (artifact id: '2abab44978310ef7ac10a3092779a2ca') in 0.058045 seconds 
========================================================================
Received Import Request.
  Time since last request: 0.000023 seconds.
  path: Assets/Assets/Simp_Prop/- Prefabs/scp_ip_factory_pipe_double_02.prefab
  artifactKey: Guid(7f18af7e02070684796457ae0d83599d) Importer(815301076,1909f56bfc062723c751e8b465ee728b)
Start importing Assets/Assets/Simp_Prop/- Prefabs/scp_ip_factory_pipe_double_02.prefab using Guid(7f18af7e02070684796457ae0d83599d) Importer(815301076,1909f56bfc062723c751e8b465ee728b)  -> (artifact id: '24a7e9edc7da2aa91bf7e594ecb4126e') in 0.055282 seconds 
========================================================================
Received Import Request.
  Time since last request: 0.000032 seconds.
  path: Assets/Assets/Simp_Prop/- Prefabs/scp_ip_factory_pipe_valve.prefab
  artifactKey: Guid(bf77ce77d32dec340be6e216f874155b) Importer(815301076,1909f56bfc062723c751e8b465ee728b)
Start importing Assets/Assets/Simp_Prop/- Prefabs/scp_ip_factory_pipe_valve.prefab using Guid(bf77ce77d32dec340be6e216f874155b) Importer(815301076,1909f56bfc062723c751e8b465ee728b)  -> (artifact id: '326b61ac20a266940d6f0994dc3aaceb') in 0.057481 seconds 
========================================================================
Received Import Request.
  Time since last request: 0.000040 seconds.
  path: Assets/Assets/Simp_Prop/- Prefabs/scp_ip_granary_building_04.prefab
  artifactKey: Guid(fc1c5e841092dce46950301447c2b6d0) Importer(815301076,1909f56bfc062723c751e8b465ee728b)
Start importing Assets/Assets/Simp_Prop/- Prefabs/scp_ip_granary_building_04.prefab using Guid(fc1c5e841092dce46950301447c2b6d0) Importer(815301076,1909f56bfc062723c751e8b465ee728b)  -> (artifact id: '1b61d12251db0d820fd81d738a9f95b1') in 0.058914 seconds 
========================================================================
Received Import Request.
  Time since last request: 0.000026 seconds.
  path: Assets/Assets/Simp_Prop/- Meshes/scp_ip_factory_pipe_02.FBX
  artifactKey: Guid(b36bdfa1fe0f4b043be33c1e29523a3b) Importer(815301076,1909f56bfc062723c751e8b465ee728b)
Start importing Assets/Assets/Simp_Prop/- Meshes/scp_ip_factory_pipe_02.FBX using Guid(b36bdfa1fe0f4b043be33c1e29523a3b) Importer(815301076,1909f56bfc062723c751e8b465ee728b)  -> (artifact id: '5b2eaf235d311a1e998e7615c4287721') in 0.013741 seconds 
========================================================================
Received Import Request.
  Time since last request: 0.000021 seconds.
  path: Assets/Assets/Simp_Prop/- Prefabs/scp_ip_granary_building_06.prefab
  artifactKey: Guid(a715fde9e3d39bd4da110b7e1876a0d5) Importer(815301076,1909f56bfc062723c751e8b465ee728b)
Start importing Assets/Assets/Simp_Prop/- Prefabs/scp_ip_granary_building_06.prefab using Guid(a715fde9e3d39bd4da110b7e1876a0d5) Importer(815301076,1909f56bfc062723c751e8b465ee728b)  -> (artifact id: 'a4efcacc66b3425039f5cee6ea066816') in 0.061196 seconds 
========================================================================
Received Import Request.
  Time since last request: 0.000044 seconds.
  path: Assets/Assets/Simp_Prop/- Prefabs/scp_ip_factory_pipe_double_01_support.prefab
  artifactKey: Guid(7192fd225ed3f344b9aedaf8d9aec784) Importer(815301076,1909f56bfc062723c751e8b465ee728b)
Start importing Assets/Assets/Simp_Prop/- Prefabs/scp_ip_factory_pipe_double_01_support.prefab using Guid(7192fd225ed3f344b9aedaf8d9aec784) Importer(815301076,1909f56bfc062723c751e8b465ee728b)  -> (artifact id: '3256c63608081ac9befa27677d33510c') in 0.064792 seconds 
========================================================================
Received Import Request.
  Time since last request: 0.000043 seconds.
  path: Assets/Assets/Simp_Prop/- Meshes/scp_ip_granary_building_07.FBX
  artifactKey: Guid(50dd9f16ff47d7440b1b61b6b2cc58f8) Importer(815301076,1909f56bfc062723c751e8b465ee728b)
Start importing Assets/Assets/Simp_Prop/- Meshes/scp_ip_granary_building_07.FBX using Guid(50dd9f16ff47d7440b1b61b6b2cc58f8) Importer(815301076,1909f56bfc062723c751e8b465ee728b)  -> (artifact id: '4b0d0902468f4098dc947f764a93cc12') in 0.017521 seconds 
========================================================================
Received Import Request.
  Time since last request: 0.000077 seconds.
  path: Assets/Assets/Simp_Prop/- Prefabs/scp_ip_granary_building_05.prefab
  artifactKey: Guid(7b6c9a1518c6cea4982fe8150a364c42) Importer(815301076,1909f56bfc062723c751e8b465ee728b)
Start importing Assets/Assets/Simp_Prop/- Prefabs/scp_ip_granary_building_05.prefab using Guid(7b6c9a1518c6cea4982fe8150a364c42) Importer(815301076,1909f56bfc062723c751e8b465ee728b)  -> (artifact id: '4a2a179e38f94d72c654d59e6d1668a2') in 0.074241 seconds 
========================================================================
Received Import Request.
  Time since last request: 0.000045 seconds.
  path: Assets/Assets/Simp_Prop/- Meshes/scp_ip_factory_building_03.FBX
  artifactKey: Guid(abea1a39b64d4d347815fac10e9ab9f8) Importer(815301076,1909f56bfc062723c751e8b465ee728b)
Start importing Assets/Assets/Simp_Prop/- Meshes/scp_ip_factory_building_03.FBX using Guid(abea1a39b64d4d347815fac10e9ab9f8) Importer(815301076,1909f56bfc062723c751e8b465ee728b)  -> (artifact id: 'fc9f995e9c3cb5ab50b40fc155e10e62') in 0.011903 seconds 
========================================================================
Received Import Request.
  Time since last request: 0.000034 seconds.
  path: Assets/Assets/Simp_Prop/- Meshes/scp_ip_nuclear_plant_building_01.FBX
  artifactKey: Guid(b39dcc10b8089144c920098178a56583) Importer(815301076,1909f56bfc062723c751e8b465ee728b)
Start importing Assets/Assets/Simp_Prop/- Meshes/scp_ip_nuclear_plant_building_01.FBX using Guid(b39dcc10b8089144c920098178a56583) Importer(815301076,1909f56bfc062723c751e8b465ee728b)  -> (artifact id: 'ef781920118cd44d9f26f27d1afdeff9') in 0.013619 seconds 
========================================================================
Received Import Request.
  Time since last request: 0.000026 seconds.
  path: Assets/Assets/Simp_Prop/- Prefabs/scp_ip_factory_pipe_01.prefab
  artifactKey: Guid(42ce53d0d59ad8944ac7ccf8209c514d) Importer(815301076,1909f56bfc062723c751e8b465ee728b)
Start importing Assets/Assets/Simp_Prop/- Prefabs/scp_ip_factory_pipe_01.prefab using Guid(42ce53d0d59ad8944ac7ccf8209c514d) Importer(815301076,1909f56bfc062723c751e8b465ee728b)  -> (artifact id: '3c1cea9e3bf259b44abc59cb8bdf4e70') in 0.053160 seconds 
========================================================================
Received Import Request.
  Time since last request: 0.000021 seconds.
  path: Assets/Assets/Simp_Prop/- Meshes/scp_ip_factory_pipe_double_01_support.FBX
  artifactKey: Guid(5ae364716201b824d8bf3281e00dd621) Importer(815301076,1909f56bfc062723c751e8b465ee728b)
Start importing Assets/Assets/Simp_Prop/- Meshes/scp_ip_factory_pipe_double_01_support.FBX using Guid(5ae364716201b824d8bf3281e00dd621) Importer(815301076,1909f56bfc062723c751e8b465ee728b)  -> (artifact id: '74459aa2c6094f4733792aa38398b0f3') in 0.012011 seconds 
========================================================================
Received Import Request.
  Time since last request: 0.000071 seconds.
  path: Assets/Assets/Simp_Prop/- Meshes/scp_ip_granary_building_01.FBX
  artifactKey: Guid(d727fbfc7a034f542b8e8609a93b599f) Importer(815301076,1909f56bfc062723c751e8b465ee728b)
Start importing Assets/Assets/Simp_Prop/- Meshes/scp_ip_granary_building_01.FBX using Guid(d727fbfc7a034f542b8e8609a93b599f) Importer(815301076,1909f56bfc062723c751e8b465ee728b)  -> (artifact id: '8b2c697e21e521a469002cf4edecb501') in 0.012840 seconds 
========================================================================
Received Import Request.
  Time since last request: 0.000027 seconds.
  path: Assets/Assets/Simp_Prop/- Prefabs/scp_ip_granary_building_03.prefab
  artifactKey: Guid(6d1e5e39990546546984e8e4b6cf6f06) Importer(815301076,1909f56bfc062723c751e8b465ee728b)
Start importing Assets/Assets/Simp_Prop/- Prefabs/scp_ip_granary_building_03.prefab using Guid(6d1e5e39990546546984e8e4b6cf6f06) Importer(815301076,1909f56bfc062723c751e8b465ee728b)  -> (artifact id: '9ab3d269642ac2e3ace0bbdb32c696fd') in 0.051892 seconds 
========================================================================
Received Import Request.
  Time since last request: 0.000040 seconds.
  path: Assets/Assets/Simp_Prop/- Prefabs/scp_ip_factory_building_02.prefab
  artifactKey: Guid(9ff88184627ab2043bf0ab1bea0babb7) Importer(815301076,1909f56bfc062723c751e8b465ee728b)
Start importing Assets/Assets/Simp_Prop/- Prefabs/scp_ip_factory_building_02.prefab using Guid(9ff88184627ab2043bf0ab1bea0babb7) Importer(815301076,1909f56bfc062723c751e8b465ee728b)  -> (artifact id: 'f841434e5049cdbca1d9a669155d8cf5') in 0.055345 seconds 
========================================================================
Received Import Request.
  Time since last request: 0.000017 seconds.
  path: Assets/Assets/Simp_Prop/- Meshes/scp_ip_granary_prop_01.FBX
  artifactKey: Guid(149552f586b4749488f75e227d358875) Importer(815301076,1909f56bfc062723c751e8b465ee728b)
Start importing Assets/Assets/Simp_Prop/- Meshes/scp_ip_granary_prop_01.FBX using Guid(149552f586b4749488f75e227d358875) Importer(815301076,1909f56bfc062723c751e8b465ee728b)  -> (artifact id: '7ecf7de13162b6d15154b56dec7f4326') in 0.009623 seconds 
========================================================================
Received Import Request.
  Time since last request: 0.000015 seconds.
  path: Assets/Assets/Simp_Prop/- Meshes/scp_ip_granary_building_05.FBX
  artifactKey: Guid(6eb69c1d3ea73a3479f4cc5d92bae9fd) Importer(815301076,1909f56bfc062723c751e8b465ee728b)
Start importing Assets/Assets/Simp_Prop/- Meshes/scp_ip_granary_building_05.FBX using Guid(6eb69c1d3ea73a3479f4cc5d92bae9fd) Importer(815301076,1909f56bfc062723c751e8b465ee728b)  -> (artifact id: '4b14dab38ec3f6cfb3e402eecfa9ddce') in 0.007582 seconds 
========================================================================
Received Import Request.
  Time since last request: 0.000023 seconds.
  path: Assets/Assets/Simp_Prop/- Meshes/scp_ip_factory_building_01.FBX
  artifactKey: Guid(0b94dd6f76d2f54409fd4d69eaa4a830) Importer(815301076,1909f56bfc062723c751e8b465ee728b)
Start importing Assets/Assets/Simp_Prop/- Meshes/scp_ip_factory_building_01.FBX using Guid(0b94dd6f76d2f54409fd4d69eaa4a830) Importer(815301076,1909f56bfc062723c751e8b465ee728b)  -> (artifact id: '69b4e489b5b8be27000262ebd045a33b') in 0.008469 seconds 
========================================================================
Received Import Request.
  Time since last request: 0.000031 seconds.
  path: Assets/Assets/Simp_Prop/- Prefabs/scp_ip_factory_building_01.prefab
  artifactKey: Guid(17eaf550a6ba1134ea6c13421a26cb08) Importer(815301076,1909f56bfc062723c751e8b465ee728b)
Start importing Assets/Assets/Simp_Prop/- Prefabs/scp_ip_factory_building_01.prefab using Guid(17eaf550a6ba1134ea6c13421a26cb08) Importer(815301076,1909f56bfc062723c751e8b465ee728b)  -> (artifact id: 'd579297639591112916613d544d83932') in 0.045735 seconds 
========================================================================
Received Import Request.
  Time since last request: 0.000041 seconds.
  path: Assets/Assets/Simp_Prop/- Meshes/scp_ip_granary_building_03.FBX
  artifactKey: Guid(1d4fd985e3f7ae44db4a7922249c33da) Importer(815301076,1909f56bfc062723c751e8b465ee728b)
Start importing Assets/Assets/Simp_Prop/- Meshes/scp_ip_granary_building_03.FBX using Guid(1d4fd985e3f7ae44db4a7922249c33da) Importer(815301076,1909f56bfc062723c751e8b465ee728b)  -> (artifact id: '510c2b1ab73ed8d2bba5a657e0981a41') in 0.007129 seconds 
========================================================================
Received Import Request.
  Time since last request: 0.000016 seconds.
  path: Assets/Assets/Simp_Prop/- Meshes/scp_ip_nuclear_plant_building_02.FBX
  artifactKey: Guid(34eed4b94cd9fa94a9086ca4cf4302de) Importer(815301076,1909f56bfc062723c751e8b465ee728b)
Start importing Assets/Assets/Simp_Prop/- Meshes/scp_ip_nuclear_plant_building_02.FBX using Guid(34eed4b94cd9fa94a9086ca4cf4302de) Importer(815301076,1909f56bfc062723c751e8b465ee728b)  -> (artifact id: '2178f497d5a083a672c3102430b28e10') in 0.009608 seconds 
========================================================================
Received Prepare
Registering precompiled user dll's ...
Registered in 0.008265 seconds.
Begin MonoManager ReloadAssembly
Symbol file LoadedFromMemory doesn't match image C:\MatchMeck\TopDownGame\Library\PackageCache\com.unity.visualscripting@1.7.8\Editor\VisualScripting.Core\Dependencies\YamlDotNet\Unity.VisualScripting.YamlDotNet.dll
Symbol file LoadedFromMemory doesn't match image C:\MatchMeck\TopDownGame\Library\PackageCache\com.unity.visualscripting@1.7.8\Editor\VisualScripting.Core\Dependencies\DotNetZip\Unity.VisualScripting.IonicZip.dll
Native extension for WindowsStandalone target not found
Native extension for WebGL target not found
Refreshing native plugins compatible for Editor in 62.16 ms, found 3 plugins.
Preloading 0 native plugins for Editor in 0.00 ms.
Mono: successfully reloaded assembly
- Completed reload, in  0.911 seconds
Domain Reload Profiling:
	ReloadAssembly (911ms)
		BeginReloadAssembly (125ms)
			ExecutionOrderSort (0ms)
			DisableScriptedObjects (4ms)
			BackupInstance (0ms)
			ReleaseScriptingObjects (0ms)
			CreateAndSetChildDomain (32ms)
		EndReloadAssembly (703ms)
			LoadAssemblies (91ms)
			RebuildTransferFunctionScriptingTraits (0ms)
			SetupTypeCache (205ms)
			ReleaseScriptCaches (1ms)
			RebuildScriptCaches (39ms)
			SetupLoadedEditorAssemblies (323ms)
				LogAssemblyErrors (0ms)
				InitializePlatformSupportModulesInManaged (9ms)
				SetLoadedEditorAssemblies (0ms)
				RefreshPlugins (62ms)
				BeforeProcessingInitializeOnLoad (64ms)
				ProcessInitializeOnLoadAttributes (165ms)
				ProcessInitializeOnLoadMethodAttributes (15ms)
				AfterProcessingInitializeOnLoad (8ms)
				EditorAssembliesLoaded (0ms)
			ExecutionOrderSort2 (0ms)
			AwakeInstancesAfterBackupRestoration (5ms)
Platform modules already initialized, skipping
Refreshing native plugins compatible for Editor in 2.03 ms, found 3 plugins.
Preloading 0 native plugins for Editor in 0.00 ms.
Unloading 3413 Unused Serialized files (Serialized files now loaded: 0)
Unloading 275 unused Assets / (82.4 KB). Loaded Objects now: 4203.
Memory consumption went from 155.4 MB to 155.4 MB.
Total: 2.850500 ms (FindLiveObjects: 0.178100 ms CreateObjectMapping: 0.086700 ms MarkObjects: 2.412200 ms  DeleteObjects: 0.172200 ms)

AssetImportParameters requested are different than current active one (requested -> active):
  custom:video-decoder-ogg-theora: a1e56fd34408186e4bbccfd4996cb3dc -> 
  custom:container-muxer-webm: aa71ff27fc2769a1b78a27578f13a17b -> 
  custom:container-demuxer-webm: 4f35f7cbe854078d1ac9338744f61a02 -> 
  custom:video-encoder-webm-vp8: eb34c28f22e8b96e1ab97ce403110664 -> 
  custom:video-codec-MediaFoundation-h265: 746d11721c4dcdbdad8f713fa42b33f4 -> 
  custom:audio-encoder-webm-vorbis: bf7c407c2cedff20999df2af8eb42d56 -> 
  custom:framework-win-MediaFoundation: 216162199b28c13a410421893ffa2e32 -> 
  custom:container-demuxer-ogg: 62fdf1f143b41e24485cea50d1cbac27 -> 
  custom:video-decoder-webm-vp8: 9c59270c3fd7afecdb556c50c9e8de78 -> 
  custom:audio-decoder-ogg-vorbis: bf7c407c2cedff20999df2af8eb42d56 -> 
