Using pre-set license
Built from '2021.3/staging' branch; Version is '2021.3.15f1 (e8e88683f834) revision 15263878'; Using compiler version '192829333'; Build Type 'Release'
OS: 'Windows 11  (10.0.22631) 64bit CoreSingleLanguage' Language: 'en' Physical Memory: 24315 MB
BatchMode: 1, IsHumanControllingUs: 0, StartBugReporterOnCrash: 0, Is64bit: 1, IsPro: 1

COMMAND LINE ARGUMENTS:
C:\Program Files\Unity 2021.3.15f1\Editor\Unity.exe
-adb2
-batchMode
-noUpm
-name
AssetImportWorker1
-projectPath
C:/MatchMeck/TopDownGame
-logFile
Logs/AssetImportWorker1.log
-srvPort
59798
Successfully changed project path to: C:/MatchMeck/TopDownGame
C:/MatchMeck/TopDownGame
[UnityMemory] Configuration Parameters - Can be set up in boot.config
    "memorysetup-bucket-allocator-granularity=16"
    "memorysetup-bucket-allocator-bucket-count=8"
    "memorysetup-bucket-allocator-block-size=33554432"
    "memorysetup-bucket-allocator-block-count=8"
    "memorysetup-main-allocator-block-size=16777216"
    "memorysetup-thread-allocator-block-size=16777216"
    "memorysetup-gfx-main-allocator-block-size=16777216"
    "memorysetup-gfx-thread-allocator-block-size=16777216"
    "memorysetup-cache-allocator-block-size=4194304"
    "memorysetup-typetree-allocator-block-size=2097152"
    "memorysetup-profiler-bucket-allocator-granularity=16"
    "memorysetup-profiler-bucket-allocator-bucket-count=8"
    "memorysetup-profiler-bucket-allocator-block-size=33554432"
    "memorysetup-profiler-bucket-allocator-block-count=8"
    "memorysetup-profiler-allocator-block-size=16777216"
    "memorysetup-profiler-editor-allocator-block-size=1048576"
    "memorysetup-temp-allocator-size-main=16777216"
    "memorysetup-job-temp-allocator-block-size=2097152"
    "memorysetup-job-temp-allocator-block-size-background=1048576"
    "memorysetup-job-temp-allocator-reduction-small-platforms=262144"
    "memorysetup-temp-allocator-size-background-worker=32768"
    "memorysetup-temp-allocator-size-job-worker=262144"
    "memorysetup-temp-allocator-size-preload-manager=33554432"
    "memorysetup-temp-allocator-size-nav-mesh-worker=65536"
    "memorysetup-temp-allocator-size-audio-worker=65536"
    "memorysetup-temp-allocator-size-cloud-worker=32768"
    "memorysetup-temp-allocator-size-gi-baking-worker=262144"
    "memorysetup-temp-allocator-size-gfx=262144"
Player connection [22344] Host "[IP] 172.30.165.71 [Port] 0 [Flags] 2 [Guid] 3379121811 [EditorId] 3379121811 [Version] 1048832 [Id] WindowsEditor(7,LAPTOP-1BOK71AU) [Debug] 1 [PackageName] WindowsEditor [ProjectName] Editor" joined multi-casting on [225.0.0.222:54997]...

Player connection [22344] Host "[IP] 172.30.165.71 [Port] 0 [Flags] 2 [Guid] 3379121811 [EditorId] 3379121811 [Version] 1048832 [Id] WindowsEditor(7,LAPTOP-1BOK71AU) [Debug] 1 [PackageName] WindowsEditor [ProjectName] Editor" joined alternative multi-casting on [225.0.0.222:34997]...

Refreshing native plugins compatible for Editor in 73.99 ms, found 4 plugins.
Preloading 0 native plugins for Editor in 0.00 ms.
Initialize engine version: 2021.3.15f1 (e8e88683f834)
[Subsystems] Discovering subsystems at path C:/Program Files/Unity 2021.3.15f1/Editor/Data/Resources/UnitySubsystems
[Subsystems] Discovering subsystems at path C:/MatchMeck/TopDownGame/Assets
GfxDevice: creating device client; threaded=0; jobified=0
Direct3D:
    Version:  Direct3D 11.0 [level 11.1]
    Renderer: NVIDIA GeForce RTX 4060 Laptop GPU (ID=0x28e0)
    Vendor:   NVIDIA
    VRAM:     7972 MB
    Driver:   31.0.15.4629
Initialize mono
Mono path[0] = 'C:/Program Files/Unity 2021.3.15f1/Editor/Data/Managed'
Mono path[1] = 'C:/Program Files/Unity 2021.3.15f1/Editor/Data/MonoBleedingEdge/lib/mono/unityjit-win32'
Mono config path = 'C:/Program Files/Unity 2021.3.15f1/Editor/Data/MonoBleedingEdge/etc'
Using monoOptions --debugger-agent=transport=dt_socket,embedding=1,server=y,suspend=n,address=127.0.0.1:56720
Begin MonoManager ReloadAssembly
Registering precompiled unity dll's ...
Register platform support module: C:/Program Files/Unity 2021.3.15f1/Editor/Data/PlaybackEngines/WebGLSupport/UnityEditor.WebGL.Extensions.dll
Register platform support module: C:/Program Files/Unity 2021.3.15f1/Editor/Data/PlaybackEngines/WindowsStandaloneSupport/UnityEditor.WindowsStandalone.Extensions.dll
Registered in 0.003826 seconds.
Native extension for WindowsStandalone target not found
Native extension for WebGL target not found
Refreshing native plugins compatible for Editor in 66.91 ms, found 4 plugins.
Preloading 0 native plugins for Editor in 0.00 ms.
Mono: successfully reloaded assembly
- Completed reload, in  0.560 seconds
Domain Reload Profiling:
	ReloadAssembly (561ms)
		BeginReloadAssembly (71ms)
			ExecutionOrderSort (0ms)
			DisableScriptedObjects (0ms)
			BackupInstance (0ms)
			ReleaseScriptingObjects (0ms)
			CreateAndSetChildDomain (1ms)
		EndReloadAssembly (403ms)
			LoadAssemblies (69ms)
			RebuildTransferFunctionScriptingTraits (0ms)
			SetupTypeCache (94ms)
			ReleaseScriptCaches (0ms)
			RebuildScriptCaches (25ms)
			SetupLoadedEditorAssemblies (234ms)
				LogAssemblyErrors (0ms)
				InitializePlatformSupportModulesInManaged (9ms)
				SetLoadedEditorAssemblies (0ms)
				RefreshPlugins (67ms)
				BeforeProcessingInitializeOnLoad (1ms)
				ProcessInitializeOnLoadAttributes (113ms)
				ProcessInitializeOnLoadMethodAttributes (44ms)
				AfterProcessingInitializeOnLoad (0ms)
				EditorAssembliesLoaded (0ms)
			ExecutionOrderSort2 (0ms)
			AwakeInstancesAfterBackupRestoration (0ms)
Platform modules already initialized, skipping
Registering precompiled user dll's ...
Registered in 0.008328 seconds.
Begin MonoManager ReloadAssembly
Symbol file LoadedFromMemory doesn't match image C:\MatchMeck\TopDownGame\Library\PackageCache\com.unity.visualscripting@1.7.8\Editor\VisualScripting.Core\Dependencies\YamlDotNet\Unity.VisualScripting.YamlDotNet.dll
Symbol file LoadedFromMemory doesn't match image C:\MatchMeck\TopDownGame\Library\PackageCache\com.unity.visualscripting@1.7.8\Editor\VisualScripting.Core\Dependencies\DotNetZip\Unity.VisualScripting.IonicZip.dll
Native extension for WindowsStandalone target not found
Native extension for WebGL target not found
Refreshing native plugins compatible for Editor in 78.18 ms, found 4 plugins.
Preloading 0 native plugins for Editor in 0.00 ms.
Mono: successfully reloaded assembly
- Completed reload, in  1.331 seconds
Domain Reload Profiling:
	ReloadAssembly (1333ms)
		BeginReloadAssembly (129ms)
			ExecutionOrderSort (0ms)
			DisableScriptedObjects (7ms)
			BackupInstance (0ms)
			ReleaseScriptingObjects (0ms)
			CreateAndSetChildDomain (21ms)
		EndReloadAssembly (1060ms)
			LoadAssemblies (118ms)
			RebuildTransferFunctionScriptingTraits (0ms)
			SetupTypeCache (269ms)
			ReleaseScriptCaches (1ms)
			RebuildScriptCaches (66ms)
			SetupLoadedEditorAssemblies (555ms)
				LogAssemblyErrors (0ms)
				InitializePlatformSupportModulesInManaged (5ms)
				SetLoadedEditorAssemblies (0ms)
				RefreshPlugins (78ms)
				BeforeProcessingInitializeOnLoad (89ms)
				ProcessInitializeOnLoadAttributes (331ms)
				ProcessInitializeOnLoadMethodAttributes (42ms)
				AfterProcessingInitializeOnLoad (10ms)
				EditorAssembliesLoaded (0ms)
			ExecutionOrderSort2 (0ms)
			AwakeInstancesAfterBackupRestoration (7ms)
Platform modules already initialized, skipping
========================================================================
Worker process is ready to serve import requests
Launched and connected shader compiler UnityShaderCompiler.exe after 0.05 seconds
Refreshing native plugins compatible for Editor in 1.69 ms, found 4 plugins.
Preloading 0 native plugins for Editor in 0.00 ms.
Unloading 3965 Unused Serialized files (Serialized files now loaded: 0)
Unloading 38 unused Assets / (114.4 KB). Loaded Objects now: 4442.
Memory consumption went from 162.9 MB to 162.8 MB.
Total: 3.042100 ms (FindLiveObjects: 0.340800 ms CreateObjectMapping: 0.141400 ms MarkObjects: 2.433300 ms  DeleteObjects: 0.124200 ms)

AssetImportParameters requested are different than current active one (requested -> active):
  custom:video-decoder-ogg-theora: a1e56fd34408186e4bbccfd4996cb3dc -> 
  custom:container-muxer-webm: aa71ff27fc2769a1b78a27578f13a17b -> 
  custom:container-demuxer-webm: 4f35f7cbe854078d1ac9338744f61a02 -> 
  custom:video-encoder-webm-vp8: eb34c28f22e8b96e1ab97ce403110664 -> 
  custom:video-codec-MediaFoundation-h265: 746d11721c4dcdbdad8f713fa42b33f4 -> 
  custom:audio-encoder-webm-vorbis: bf7c407c2cedff20999df2af8eb42d56 -> 
  custom:framework-win-MediaFoundation: 216162199b28c13a410421893ffa2e32 -> 
  custom:container-demuxer-ogg: 62fdf1f143b41e24485cea50d1cbac27 -> 
  custom:video-decoder-webm-vp8: 9c59270c3fd7afecdb556c50c9e8de78 -> 
  custom:audio-decoder-ogg-vorbis: bf7c407c2cedff20999df2af8eb42d56 -> 
========================================================================
Received Import Request.
  Time since last request: 203959.450260 seconds.
  path: Assets/Assets/Simp_Prop/- Prefabs/scp_ip_factory_pipe_01_support.prefab
  artifactKey: Guid(644427b3436ea8847838ada53c6d9e93) Importer(815301076,1909f56bfc062723c751e8b465ee728b)
Start importing Assets/Assets/Simp_Prop/- Prefabs/scp_ip_factory_pipe_01_support.prefab using Guid(644427b3436ea8847838ada53c6d9e93) Importer(815301076,1909f56bfc062723c751e8b465ee728b)  -> (artifact id: '77439a36eed6be13eed7e864a7eba92d') in 0.171044 seconds 
========================================================================
Received Import Request.
  Time since last request: 0.000048 seconds.
  path: Assets/Assets/Simp_Prop/- Meshes/scp_ip_factory_pipe_01.FBX
  artifactKey: Guid(7126f8749562ef746aa10f5c2c839b0f) Importer(815301076,1909f56bfc062723c751e8b465ee728b)
Start importing Assets/Assets/Simp_Prop/- Meshes/scp_ip_factory_pipe_01.FBX using Guid(7126f8749562ef746aa10f5c2c839b0f) Importer(815301076,1909f56bfc062723c751e8b465ee728b)  -> (artifact id: '2fe8806147eca717b5f24db53ea67858') in 0.036870 seconds 
========================================================================
Received Import Request.
  Time since last request: 0.000032 seconds.
  path: Assets/Assets/Simp_Prop/- Prefabs/scp_ip_factory_tank_01.prefab
  artifactKey: Guid(ba8654207d6bb5b4ba156c94a54c0a2f) Importer(815301076,1909f56bfc062723c751e8b465ee728b)
Start importing Assets/Assets/Simp_Prop/- Prefabs/scp_ip_factory_tank_01.prefab using Guid(ba8654207d6bb5b4ba156c94a54c0a2f) Importer(815301076,1909f56bfc062723c751e8b465ee728b)  -> (artifact id: 'f7a38889e04bba8ae2b57fa666b09bff') in 0.057545 seconds 
========================================================================
Received Import Request.
  Time since last request: 0.000069 seconds.
  path: Assets/Assets/Simp_Prop/- Meshes/scp_ip_factory_pipe_03.FBX
  artifactKey: Guid(4b8899c50c78fee4f92f2b0c191c1179) Importer(815301076,1909f56bfc062723c751e8b465ee728b)
Start importing Assets/Assets/Simp_Prop/- Meshes/scp_ip_factory_pipe_03.FBX using Guid(4b8899c50c78fee4f92f2b0c191c1179) Importer(815301076,1909f56bfc062723c751e8b465ee728b)  -> (artifact id: '6960616d9e7f9bea6b73b890fae2bb66') in 0.014873 seconds 
========================================================================
Received Import Request.
  Time since last request: 0.000035 seconds.
  path: Assets/Assets/Simp_Prop/- Prefabs/scp_ip_factory_building_04.prefab
  artifactKey: Guid(12426ce8d5b548b4aab8f5f65268e320) Importer(815301076,1909f56bfc062723c751e8b465ee728b)
Start importing Assets/Assets/Simp_Prop/- Prefabs/scp_ip_factory_building_04.prefab using Guid(12426ce8d5b548b4aab8f5f65268e320) Importer(815301076,1909f56bfc062723c751e8b465ee728b)  -> (artifact id: '498db7cd8a169f48899d650633edf203') in 0.062713 seconds 
========================================================================
Received Import Request.
  Time since last request: 0.000054 seconds.
  path: Assets/Assets/Simp_Prop/- Prefabs/scp_ip_granary_building_07.prefab
  artifactKey: Guid(9d98a300cebd40940ace11f6615abc4c) Importer(815301076,1909f56bfc062723c751e8b465ee728b)
Start importing Assets/Assets/Simp_Prop/- Prefabs/scp_ip_granary_building_07.prefab using Guid(9d98a300cebd40940ace11f6615abc4c) Importer(815301076,1909f56bfc062723c751e8b465ee728b)  -> (artifact id: '487ef3352d4c5d5bddb3871c8a79bf3c') in 0.079616 seconds 
========================================================================
Received Import Request.
  Time since last request: 0.000039 seconds.
  path: Assets/Assets/Simp_Prop/- Meshes/scp_ip_granary_building_02.FBX
  artifactKey: Guid(4bb42d6f20a7faf48a4d8b1e48c72902) Importer(815301076,1909f56bfc062723c751e8b465ee728b)
Start importing Assets/Assets/Simp_Prop/- Meshes/scp_ip_granary_building_02.FBX using Guid(4bb42d6f20a7faf48a4d8b1e48c72902) Importer(815301076,1909f56bfc062723c751e8b465ee728b)  -> (artifact id: '5d2d621e032661e306311d4f8ee303f8') in 0.014239 seconds 
========================================================================
Received Import Request.
  Time since last request: 0.000089 seconds.
  path: Assets/Assets/Simp_Prop/- Meshes/scp_ip_nuclear_plant_building_04.FBX
  artifactKey: Guid(b791a7a6e9fa3aa4184517380bb12ac1) Importer(815301076,1909f56bfc062723c751e8b465ee728b)
Start importing Assets/Assets/Simp_Prop/- Meshes/scp_ip_nuclear_plant_building_04.FBX using Guid(b791a7a6e9fa3aa4184517380bb12ac1) Importer(815301076,1909f56bfc062723c751e8b465ee728b)  -> (artifact id: 'd20fa59d5d671b6e4da05e12957eb4d2') in 0.014098 seconds 
========================================================================
Received Import Request.
  Time since last request: 0.000027 seconds.
  path: Assets/Assets/Simp_Prop/- Prefabs/scp_ip_granary_building_02.prefab
  artifactKey: Guid(1678a38cde2675e43933eb613cff0731) Importer(815301076,1909f56bfc062723c751e8b465ee728b)
Start importing Assets/Assets/Simp_Prop/- Prefabs/scp_ip_granary_building_02.prefab using Guid(1678a38cde2675e43933eb613cff0731) Importer(815301076,1909f56bfc062723c751e8b465ee728b)  -> (artifact id: '9c2862c7e26143f7110c283ef386419e') in 0.055517 seconds 
========================================================================
Received Import Request.
  Time since last request: 0.000046 seconds.
  path: Assets/Assets/Simp_Prop/- Prefabs/scp_ip_granary_prop_01.prefab
  artifactKey: Guid(62fd5e72c7dba12498c945d9b76cf4e8) Importer(815301076,1909f56bfc062723c751e8b465ee728b)
Start importing Assets/Assets/Simp_Prop/- Prefabs/scp_ip_granary_prop_01.prefab using Guid(62fd5e72c7dba12498c945d9b76cf4e8) Importer(815301076,1909f56bfc062723c751e8b465ee728b)  -> (artifact id: 'a80e6aed27887c4c4dbbe4f5376e7461') in 0.051090 seconds 
========================================================================
Received Import Request.
  Time since last request: 0.000033 seconds.
  path: Assets/Assets/Simp_Prop/- Prefabs/scp_ip_granary_container_02.prefab
  artifactKey: Guid(d7bfb9d873e77d942b1f8e5785588ca7) Importer(815301076,1909f56bfc062723c751e8b465ee728b)
Start importing Assets/Assets/Simp_Prop/- Prefabs/scp_ip_granary_container_02.prefab using Guid(d7bfb9d873e77d942b1f8e5785588ca7) Importer(815301076,1909f56bfc062723c751e8b465ee728b)  -> (artifact id: '2650a89652dece9f924e9054906d859b') in 0.052019 seconds 
========================================================================
Received Import Request.
  Time since last request: 0.000021 seconds.
  path: Assets/Assets/Simp_Prop/- Prefabs/scp_ip_nuclear_plant_building_01.prefab
  artifactKey: Guid(e0df626c144006a4a91366ca632d17a7) Importer(815301076,1909f56bfc062723c751e8b465ee728b)
Start importing Assets/Assets/Simp_Prop/- Prefabs/scp_ip_nuclear_plant_building_01.prefab using Guid(e0df626c144006a4a91366ca632d17a7) Importer(815301076,1909f56bfc062723c751e8b465ee728b)  -> (artifact id: 'b49a64683babfce3b73e9dc86f781fef') in 0.056443 seconds 
========================================================================
Received Import Request.
  Time since last request: 0.000016 seconds.
  path: Assets/Assets/Simp_Prop/- Prefabs/scp_ip_granary_building_01.prefab
  artifactKey: Guid(4a95b73fb4325dd49a8bcf93312ac3e8) Importer(815301076,1909f56bfc062723c751e8b465ee728b)
Start importing Assets/Assets/Simp_Prop/- Prefabs/scp_ip_granary_building_01.prefab using Guid(4a95b73fb4325dd49a8bcf93312ac3e8) Importer(815301076,1909f56bfc062723c751e8b465ee728b)  -> (artifact id: 'f1fcaa95456d5bfa32b31eaf3c44d53b') in 0.045504 seconds 
========================================================================
Received Import Request.
  Time since last request: 0.000016 seconds.
  path: Assets/Assets/Simp_Prop/- Prefabs/scp_ip_granary_pipe_01_support.prefab
  artifactKey: Guid(17be02d75b04f624fb0f0d427381c484) Importer(815301076,1909f56bfc062723c751e8b465ee728b)
Start importing Assets/Assets/Simp_Prop/- Prefabs/scp_ip_granary_pipe_01_support.prefab using Guid(17be02d75b04f624fb0f0d427381c484) Importer(815301076,1909f56bfc062723c751e8b465ee728b)  -> (artifact id: '3d7446d389a4330581f85fc4fa603d4b') in 0.046145 seconds 
========================================================================
Received Import Request.
  Time since last request: 0.000022 seconds.
  path: Assets/Assets/Simp_Prop/- Meshes/scp_ip_factory_tank_01.FBX
  artifactKey: Guid(ca85b3e723ef1c645ae54e30c9bcd66a) Importer(815301076,1909f56bfc062723c751e8b465ee728b)
Start importing Assets/Assets/Simp_Prop/- Meshes/scp_ip_factory_tank_01.FBX using Guid(ca85b3e723ef1c645ae54e30c9bcd66a) Importer(815301076,1909f56bfc062723c751e8b465ee728b)  -> (artifact id: 'e47facb409e51b47c37c59cde0d3d5a1') in 0.010084 seconds 
========================================================================
Received Prepare
Registering precompiled user dll's ...
Registered in 0.008156 seconds.
Begin MonoManager ReloadAssembly
Symbol file LoadedFromMemory doesn't match image C:\MatchMeck\TopDownGame\Library\PackageCache\com.unity.visualscripting@1.7.8\Editor\VisualScripting.Core\Dependencies\YamlDotNet\Unity.VisualScripting.YamlDotNet.dll
Symbol file LoadedFromMemory doesn't match image C:\MatchMeck\TopDownGame\Library\PackageCache\com.unity.visualscripting@1.7.8\Editor\VisualScripting.Core\Dependencies\DotNetZip\Unity.VisualScripting.IonicZip.dll
Native extension for WindowsStandalone target not found
Native extension for WebGL target not found
Refreshing native plugins compatible for Editor in 61.86 ms, found 3 plugins.
Preloading 0 native plugins for Editor in 0.00 ms.
Mono: successfully reloaded assembly
- Completed reload, in  0.912 seconds
Domain Reload Profiling:
	ReloadAssembly (912ms)
		BeginReloadAssembly (129ms)
			ExecutionOrderSort (0ms)
			DisableScriptedObjects (4ms)
			BackupInstance (0ms)
			ReleaseScriptingObjects (0ms)
			CreateAndSetChildDomain (33ms)
		EndReloadAssembly (702ms)
			LoadAssemblies (95ms)
			RebuildTransferFunctionScriptingTraits (0ms)
			SetupTypeCache (202ms)
			ReleaseScriptCaches (2ms)
			RebuildScriptCaches (37ms)
			SetupLoadedEditorAssemblies (329ms)
				LogAssemblyErrors (0ms)
				InitializePlatformSupportModulesInManaged (11ms)
				SetLoadedEditorAssemblies (0ms)
				RefreshPlugins (62ms)
				BeforeProcessingInitializeOnLoad (64ms)
				ProcessInitializeOnLoadAttributes (167ms)
				ProcessInitializeOnLoadMethodAttributes (16ms)
				AfterProcessingInitializeOnLoad (8ms)
				EditorAssembliesLoaded (0ms)
			ExecutionOrderSort2 (0ms)
			AwakeInstancesAfterBackupRestoration (5ms)
Platform modules already initialized, skipping
Refreshing native plugins compatible for Editor in 1.91 ms, found 3 plugins.
Preloading 0 native plugins for Editor in 0.00 ms.
Unloading 3413 Unused Serialized files (Serialized files now loaded: 0)
Unloading 275 unused Assets / (82.2 KB). Loaded Objects now: 4203.
Memory consumption went from 155.4 MB to 155.3 MB.
Total: 2.464600 ms (FindLiveObjects: 0.195600 ms CreateObjectMapping: 0.090300 ms MarkObjects: 2.006800 ms  DeleteObjects: 0.170800 ms)

AssetImportParameters requested are different than current active one (requested -> active):
  custom:video-decoder-ogg-theora: a1e56fd34408186e4bbccfd4996cb3dc -> 
  custom:container-muxer-webm: aa71ff27fc2769a1b78a27578f13a17b -> 
  custom:container-demuxer-webm: 4f35f7cbe854078d1ac9338744f61a02 -> 
  custom:video-encoder-webm-vp8: eb34c28f22e8b96e1ab97ce403110664 -> 
  custom:video-codec-MediaFoundation-h265: 746d11721c4dcdbdad8f713fa42b33f4 -> 
  custom:audio-encoder-webm-vorbis: bf7c407c2cedff20999df2af8eb42d56 -> 
  custom:framework-win-MediaFoundation: 216162199b28c13a410421893ffa2e32 -> 
  custom:container-demuxer-ogg: 62fdf1f143b41e24485cea50d1cbac27 -> 
  custom:video-decoder-webm-vp8: 9c59270c3fd7afecdb556c50c9e8de78 -> 
  custom:audio-decoder-ogg-vorbis: bf7c407c2cedff20999df2af8eb42d56 -> 
