Using pre-set license
Built from '2021.3/staging' branch; Version is '2021.3.15f1 (e8e88683f834) revision 15263878'; Using compiler version '192829333'; Build Type 'Release'
OS: 'Windows 11  (10.0.22631) 64bit CoreSingleLanguage' Language: 'en' Physical Memory: 24315 MB
BatchMode: 1, IsHumanControllingUs: 0, StartBugReporterOnCrash: 0, Is64bit: 1, IsPro: 1

COMMAND LINE ARGUMENTS:
C:\Program Files\Unity 2021.3.15f1\Editor\Unity.exe
-adb2
-batchMode
-noUpm
-name
AssetImportWorker4
-projectPath
C:/HomeWork/unity/MatchMeck-main/MatchMeck-main/TopDown/Assets
-logFile
Logs/AssetImportWorker4.log
-srvPort
55872
Successfully changed project path to: C:/HomeWork/unity/MatchMeck-main/MatchMeck-main/TopDown/Assets
C:/HomeWork/unity/MatchMeck-main/MatchMeck-main/TopDown/Assets
[UnityMemory] Configuration Parameters - Can be set up in boot.config
    "memorysetup-bucket-allocator-granularity=16"
    "memorysetup-bucket-allocator-bucket-count=8"
    "memorysetup-bucket-allocator-block-size=33554432"
    "memorysetup-bucket-allocator-block-count=8"
    "memorysetup-main-allocator-block-size=16777216"
    "memorysetup-thread-allocator-block-size=16777216"
    "memorysetup-gfx-main-allocator-block-size=16777216"
    "memorysetup-gfx-thread-allocator-block-size=16777216"
    "memorysetup-cache-allocator-block-size=4194304"
    "memorysetup-typetree-allocator-block-size=2097152"
    "memorysetup-profiler-bucket-allocator-granularity=16"
    "memorysetup-profiler-bucket-allocator-bucket-count=8"
    "memorysetup-profiler-bucket-allocator-block-size=33554432"
    "memorysetup-profiler-bucket-allocator-block-count=8"
    "memorysetup-profiler-allocator-block-size=16777216"
    "memorysetup-profiler-editor-allocator-block-size=1048576"
    "memorysetup-temp-allocator-size-main=16777216"
    "memorysetup-job-temp-allocator-block-size=2097152"
    "memorysetup-job-temp-allocator-block-size-background=1048576"
    "memorysetup-job-temp-allocator-reduction-small-platforms=262144"
    "memorysetup-temp-allocator-size-background-worker=32768"
    "memorysetup-temp-allocator-size-job-worker=262144"
    "memorysetup-temp-allocator-size-preload-manager=33554432"
    "memorysetup-temp-allocator-size-nav-mesh-worker=65536"
    "memorysetup-temp-allocator-size-audio-worker=65536"
    "memorysetup-temp-allocator-size-cloud-worker=32768"
    "memorysetup-temp-allocator-size-gi-baking-worker=262144"
    "memorysetup-temp-allocator-size-gfx=262144"
Player connection [37584] Host "[IP] 192.168.43.48 [Port] 0 [Flags] 2 [Guid] 4265452851 [EditorId] 4265452851 [Version] 1048832 [Id] WindowsEditor(7,LAPTOP-1BOK71AU) [Debug] 1 [PackageName] WindowsEditor [ProjectName] Editor" joined multi-casting on [225.0.0.222:54997]...

Player connection [37584] Host "[IP] 192.168.43.48 [Port] 0 [Flags] 2 [Guid] 4265452851 [EditorId] 4265452851 [Version] 1048832 [Id] WindowsEditor(7,LAPTOP-1BOK71AU) [Debug] 1 [PackageName] WindowsEditor [ProjectName] Editor" joined alternative multi-casting on [225.0.0.222:34997]...

Refreshing native plugins compatible for Editor in 56.51 ms, found 3 plugins.
Preloading 0 native plugins for Editor in 0.00 ms.
Initialize engine version: 2021.3.15f1 (e8e88683f834)
[Subsystems] Discovering subsystems at path C:/Program Files/Unity 2021.3.15f1/Editor/Data/Resources/UnitySubsystems
[Subsystems] Discovering subsystems at path C:/HomeWork/unity/MatchMeck-main/MatchMeck-main/TopDown/Assets/Assets
GfxDevice: creating device client; threaded=0; jobified=0
Direct3D:
    Version:  Direct3D 11.0 [level 11.1]
    Renderer: NVIDIA GeForce RTX 4060 Laptop GPU (ID=0x28e0)
    Vendor:   NVIDIA
    VRAM:     7972 MB
    Driver:   31.0.15.4629
Initialize mono
Mono path[0] = 'C:/Program Files/Unity 2021.3.15f1/Editor/Data/Managed'
Mono path[1] = 'C:/Program Files/Unity 2021.3.15f1/Editor/Data/MonoBleedingEdge/lib/mono/unityjit-win32'
Mono config path = 'C:/Program Files/Unity 2021.3.15f1/Editor/Data/MonoBleedingEdge/etc'
Using monoOptions --debugger-agent=transport=dt_socket,embedding=1,server=y,suspend=n,address=127.0.0.1:56728
Begin MonoManager ReloadAssembly
Registering precompiled unity dll's ...
Register platform support module: C:/Program Files/Unity 2021.3.15f1/Editor/Data/PlaybackEngines/WebGLSupport/UnityEditor.WebGL.Extensions.dll
Register platform support module: C:/Program Files/Unity 2021.3.15f1/Editor/Data/PlaybackEngines/WindowsStandaloneSupport/UnityEditor.WindowsStandalone.Extensions.dll
Registered in 0.004826 seconds.
Native extension for WindowsStandalone target not found
Native extension for WebGL target not found
Refreshing native plugins compatible for Editor in 48.89 ms, found 3 plugins.
Preloading 0 native plugins for Editor in 0.00 ms.
Mono: successfully reloaded assembly
- Completed reload, in  0.572 seconds
Domain Reload Profiling:
	ReloadAssembly (573ms)
		BeginReloadAssembly (86ms)
			ExecutionOrderSort (0ms)
			DisableScriptedObjects (0ms)
			BackupInstance (0ms)
			ReleaseScriptingObjects (0ms)
			CreateAndSetChildDomain (1ms)
		EndReloadAssembly (378ms)
			LoadAssemblies (78ms)
			RebuildTransferFunctionScriptingTraits (0ms)
			SetupTypeCache (87ms)
			ReleaseScriptCaches (0ms)
			RebuildScriptCaches (21ms)
			SetupLoadedEditorAssemblies (210ms)
				LogAssemblyErrors (0ms)
				InitializePlatformSupportModulesInManaged (7ms)
				SetLoadedEditorAssemblies (0ms)
				RefreshPlugins (49ms)
				BeforeProcessingInitializeOnLoad (1ms)
				ProcessInitializeOnLoadAttributes (108ms)
				ProcessInitializeOnLoadMethodAttributes (45ms)
				AfterProcessingInitializeOnLoad (0ms)
				EditorAssembliesLoaded (0ms)
			ExecutionOrderSort2 (0ms)
			AwakeInstancesAfterBackupRestoration (0ms)
Platform modules already initialized, skipping
Registering precompiled user dll's ...
Registered in 0.004684 seconds.
Begin MonoManager ReloadAssembly
Native extension for WindowsStandalone target not found
Native extension for WebGL target not found
Refreshing native plugins compatible for Editor in 0.60 ms, found 3 plugins.
Preloading 0 native plugins for Editor in 0.00 ms.
Mono: successfully reloaded assembly
- Completed reload, in  1.085 seconds
Domain Reload Profiling:
	ReloadAssembly (1087ms)
		BeginReloadAssembly (196ms)
			ExecutionOrderSort (0ms)
			DisableScriptedObjects (10ms)
			BackupInstance (0ms)
			ReleaseScriptingObjects (0ms)
			CreateAndSetChildDomain (58ms)
		EndReloadAssembly (746ms)
			LoadAssemblies (122ms)
			RebuildTransferFunctionScriptingTraits (0ms)
			SetupTypeCache (233ms)
			ReleaseScriptCaches (0ms)
			RebuildScriptCaches (50ms)
			SetupLoadedEditorAssemblies (324ms)
				LogAssemblyErrors (0ms)
				InitializePlatformSupportModulesInManaged (5ms)
				SetLoadedEditorAssemblies (0ms)
				RefreshPlugins (1ms)
				BeforeProcessingInitializeOnLoad (68ms)
				ProcessInitializeOnLoadAttributes (214ms)
				ProcessInitializeOnLoadMethodAttributes (29ms)
				AfterProcessingInitializeOnLoad (7ms)
				EditorAssembliesLoaded (0ms)
			ExecutionOrderSort2 (0ms)
			AwakeInstancesAfterBackupRestoration (9ms)
Platform modules already initialized, skipping
========================================================================
Worker process is ready to serve import requests
Launched and connected shader compiler UnityShaderCompiler.exe after 0.07 seconds
Refreshing native plugins compatible for Editor in 1.71 ms, found 3 plugins.
Preloading 0 native plugins for Editor in 0.00 ms.
Unloading 3230 Unused Serialized files (Serialized files now loaded: 0)
Unloading 24 unused Assets / (56.4 KB). Loaded Objects now: 3690.
Memory consumption went from 110.9 MB to 110.8 MB.
Total: 4.786900 ms (FindLiveObjects: 0.597900 ms CreateObjectMapping: 0.239900 ms MarkObjects: 3.872700 ms  DeleteObjects: 0.074000 ms)

AssetImportParameters requested are different than current active one (requested -> active):
  custom:video-decoder-ogg-theora: a1e56fd34408186e4bbccfd4996cb3dc -> 
  custom:container-muxer-webm: aa71ff27fc2769a1b78a27578f13a17b -> 
  custom:container-demuxer-webm: 4f35f7cbe854078d1ac9338744f61a02 -> 
  custom:video-encoder-webm-vp8: eb34c28f22e8b96e1ab97ce403110664 -> 
  custom:video-codec-MediaFoundation-h265: 746d11721c4dcdbdad8f713fa42b33f4 -> 
  custom:audio-encoder-webm-vorbis: bf7c407c2cedff20999df2af8eb42d56 -> 
  custom:framework-win-MediaFoundation: 216162199b28c13a410421893ffa2e32 -> 
  custom:container-demuxer-ogg: 62fdf1f143b41e24485cea50d1cbac27 -> 
  custom:video-decoder-webm-vp8: 9c59270c3fd7afecdb556c50c9e8de78 -> 
  custom:audio-decoder-ogg-vorbis: bf7c407c2cedff20999df2af8eb42d56 -> 
========================================================================
Received Import Request.
  Time since last request: 344409.601848 seconds.
  path: Assets/Simp_Prop/- Prefabs/scp_ip_factory_building_01.prefab
  artifactKey: Guid(17eaf550a6ba1134ea6c13421a26cb08) Importer(815301076,1909f56bfc062723c751e8b465ee728b)
Start importing Assets/Simp_Prop/- Prefabs/scp_ip_factory_building_01.prefab using Guid(17eaf550a6ba1134ea6c13421a26cb08) Importer(815301076,1909f56bfc062723c751e8b465ee728b)  -> (artifact id: 'd6b4fd59640d098134a92697b3fb2d00') in 0.329764 seconds 
========================================================================
Received Import Request.
  Time since last request: 0.000085 seconds.
  path: Assets/Simp_Prop/- Prefabs/scp_ip_factory_pipe_02.prefab
  artifactKey: Guid(7a1246484f87020428d93558a242584e) Importer(815301076,1909f56bfc062723c751e8b465ee728b)
Start importing Assets/Simp_Prop/- Prefabs/scp_ip_factory_pipe_02.prefab using Guid(7a1246484f87020428d93558a242584e) Importer(815301076,1909f56bfc062723c751e8b465ee728b)  -> (artifact id: 'f975baa51d8304651c85a2bb44f26dbc') in 0.080700 seconds 
========================================================================
Received Import Request.
  Time since last request: 0.000039 seconds.
  path: Assets/Simp_Prop/- Prefabs/scp_ip_nuclear_plant_tank_02.prefab
  artifactKey: Guid(d763d3307a994a74bad500b4391c54de) Importer(815301076,1909f56bfc062723c751e8b465ee728b)
Start importing Assets/Simp_Prop/- Prefabs/scp_ip_nuclear_plant_tank_02.prefab using Guid(d763d3307a994a74bad500b4391c54de) Importer(815301076,1909f56bfc062723c751e8b465ee728b)  -> (artifact id: '400fda6dfb4afdd7fa36432bdb4badaa') in 0.072968 seconds 
========================================================================
Received Import Request.
  Time since last request: 0.000050 seconds.
  path: Assets/Simp_Prop/- Prefabs/scp_ip_granary_pipe_01.prefab
  artifactKey: Guid(814bcbe54afb37f469e34510e51e4dad) Importer(815301076,1909f56bfc062723c751e8b465ee728b)
Start importing Assets/Simp_Prop/- Prefabs/scp_ip_granary_pipe_01.prefab using Guid(814bcbe54afb37f469e34510e51e4dad) Importer(815301076,1909f56bfc062723c751e8b465ee728b)  -> (artifact id: '21483e4f750c3afd8d3190bb418d2dc3') in 0.074182 seconds 
========================================================================
Received Import Request.
  Time since last request: 0.000099 seconds.
  path: Assets/Simp_Prop/- Prefabs/scp_ip_nuclear_plant_tank_01.prefab
  artifactKey: Guid(a5c4d61ed5105e544828e3c96a063713) Importer(815301076,1909f56bfc062723c751e8b465ee728b)
Start importing Assets/Simp_Prop/- Prefabs/scp_ip_nuclear_plant_tank_01.prefab using Guid(a5c4d61ed5105e544828e3c96a063713) Importer(815301076,1909f56bfc062723c751e8b465ee728b)  -> (artifact id: 'ee8400fe2ac8c41ae5b47645d9837974') in 0.073595 seconds 
========================================================================
Received Import Request.
  Time since last request: 0.000036 seconds.
  path: Assets/Simp_Prop/- Prefabs/scp_ip_nuclear_plant_prop_02.prefab
  artifactKey: Guid(b7db04cbd6cad6548b4f64b194536724) Importer(815301076,1909f56bfc062723c751e8b465ee728b)
Start importing Assets/Simp_Prop/- Prefabs/scp_ip_nuclear_plant_prop_02.prefab using Guid(b7db04cbd6cad6548b4f64b194536724) Importer(815301076,1909f56bfc062723c751e8b465ee728b)  -> (artifact id: '986bb57f5d270c755c85e32471f4f993') in 0.088982 seconds 
========================================================================
Received Import Request.
  Time since last request: 0.000052 seconds.
  path: Assets/Simp_Prop/- Prefabs/scp_ip_granary_pipe_01_support.prefab
  artifactKey: Guid(17be02d75b04f624fb0f0d427381c484) Importer(815301076,1909f56bfc062723c751e8b465ee728b)
Start importing Assets/Simp_Prop/- Prefabs/scp_ip_granary_pipe_01_support.prefab using Guid(17be02d75b04f624fb0f0d427381c484) Importer(815301076,1909f56bfc062723c751e8b465ee728b)  -> (artifact id: '96b15dbea8455621c0f0b7a120a4a1ba') in 0.075304 seconds 
========================================================================
Received Import Request.
  Time since last request: 0.860121 seconds.
  path: Assets/Simp_Prop/- Materials/concrete_01.mat
  artifactKey: Guid(6efcf11d129fc5d4eaaab4876a907b85) Importer(815301076,1909f56bfc062723c751e8b465ee728b)
Start importing Assets/Simp_Prop/- Materials/concrete_01.mat using Guid(6efcf11d129fc5d4eaaab4876a907b85) Importer(815301076,1909f56bfc062723c751e8b465ee728b)  -> (artifact id: '3359502a4adcd3a026475bf60a70f5f0') in 0.145844 seconds 
