Using pre-set license
Built from '2021.3/staging' branch; Version is '2021.3.15f1 (e8e88683f834) revision 15263878'; Using compiler version '192829333'; Build Type 'Release'
OS: 'Windows 11  (10.0.22631) 64bit CoreSingleLanguage' Language: 'th' Physical Memory: 7521 MB
BatchMode: 1, IsHumanControllingUs: 0, StartBugReporterOnCrash: 0, Is64bit: 1, IsPro: 1

COMMAND LINE ARGUMENTS:
C:\Program Files\Unity\Hub\Editor\2021.3.15f1\Editor\Unity.exe
-adb2
-batchMode
-noUpm
-name
AssetImportWorker0
-projectPath
C:/MatchMeck/TopDown-update
-logFile
Logs/AssetImportWorker0.log
-srvPort
60500
Successfully changed project path to: C:/MatchMeck/TopDown-update
C:/MatchMeck/TopDown-update
[UnityMemory] Configuration Parameters - Can be set up in boot.config
    "memorysetup-bucket-allocator-granularity=16"
    "memorysetup-bucket-allocator-bucket-count=8"
    "memorysetup-bucket-allocator-block-size=33554432"
    "memorysetup-bucket-allocator-block-count=8"
    "memorysetup-main-allocator-block-size=16777216"
    "memorysetup-thread-allocator-block-size=16777216"
    "memorysetup-gfx-main-allocator-block-size=16777216"
    "memorysetup-gfx-thread-allocator-block-size=16777216"
    "memorysetup-cache-allocator-block-size=4194304"
    "memorysetup-typetree-allocator-block-size=2097152"
    "memorysetup-profiler-bucket-allocator-granularity=16"
    "memorysetup-profiler-bucket-allocator-bucket-count=8"
    "memorysetup-profiler-bucket-allocator-block-size=33554432"
    "memorysetup-profiler-bucket-allocator-block-count=8"
    "memorysetup-profiler-allocator-block-size=16777216"
    "memorysetup-profiler-editor-allocator-block-size=1048576"
    "memorysetup-temp-allocator-size-main=16777216"
    "memorysetup-job-temp-allocator-block-size=2097152"
    "memorysetup-job-temp-allocator-block-size-background=1048576"
    "memorysetup-job-temp-allocator-reduction-small-platforms=262144"
    "memorysetup-temp-allocator-size-background-worker=32768"
    "memorysetup-temp-allocator-size-job-worker=262144"
    "memorysetup-temp-allocator-size-preload-manager=33554432"
    "memorysetup-temp-allocator-size-nav-mesh-worker=65536"
    "memorysetup-temp-allocator-size-audio-worker=65536"
    "memorysetup-temp-allocator-size-cloud-worker=32768"
    "memorysetup-temp-allocator-size-gi-baking-worker=262144"
    "memorysetup-temp-allocator-size-gfx=262144"
Player connection [33660] Host "[IP] 192.168.39.153 [Port] 0 [Flags] 2 [Guid] 2043006847 [EditorId] 2043006847 [Version] 1048832 [Id] WindowsEditor(7,LAPTOP-P61D9A3B) [Debug] 1 [PackageName] WindowsEditor [ProjectName] Editor" joined multi-casting on [225.0.0.222:54997]...

Player connection [33660] Host "[IP] 192.168.39.153 [Port] 0 [Flags] 2 [Guid] 2043006847 [EditorId] 2043006847 [Version] 1048832 [Id] WindowsEditor(7,LAPTOP-P61D9A3B) [Debug] 1 [PackageName] WindowsEditor [ProjectName] Editor" joined alternative multi-casting on [225.0.0.222:34997]...

Refreshing native plugins compatible for Editor in 90.09 ms, found 3 plugins.
Preloading 0 native plugins for Editor in 0.00 ms.
Initialize engine version: 2021.3.15f1 (e8e88683f834)
[Subsystems] Discovering subsystems at path C:/Program Files/Unity/Hub/Editor/2021.3.15f1/Editor/Data/Resources/UnitySubsystems
[Subsystems] Discovering subsystems at path C:/MatchMeck/TopDown-update/Assets
GfxDevice: creating device client; threaded=0; jobified=0
Direct3D:
    Version:  Direct3D 11.0 [level 11.1]
    Renderer: NVIDIA GeForce GTX 1650 (ID=0x1f9d)
    Vendor:   NVIDIA
    VRAM:     3950 MB
    Driver:   31.0.15.4626
Initialize mono
Mono path[0] = 'C:/Program Files/Unity/Hub/Editor/2021.3.15f1/Editor/Data/Managed'
Mono path[1] = 'C:/Program Files/Unity/Hub/Editor/2021.3.15f1/Editor/Data/MonoBleedingEdge/lib/mono/unityjit-win32'
Mono config path = 'C:/Program Files/Unity/Hub/Editor/2021.3.15f1/Editor/Data/MonoBleedingEdge/etc'
Using monoOptions --debugger-agent=transport=dt_socket,embedding=1,server=y,suspend=n,address=127.0.0.1:56364
Begin MonoManager ReloadAssembly
Registering precompiled unity dll's ...
Register platform support module: C:/Program Files/Unity/Hub/Editor/2021.3.15f1/Editor/Data/PlaybackEngines/WebGLSupport/UnityEditor.WebGL.Extensions.dll
Register platform support module: C:/Program Files/Unity/Hub/Editor/2021.3.15f1/Editor/Data/PlaybackEngines/WindowsStandaloneSupport/UnityEditor.WindowsStandalone.Extensions.dll
Registered in 0.012150 seconds.
Native extension for WindowsStandalone target not found
Native extension for WebGL target not found
Refreshing native plugins compatible for Editor in 104.38 ms, found 3 plugins.
Preloading 0 native plugins for Editor in 0.00 ms.
Mono: successfully reloaded assembly
- Completed reload, in  0.727 seconds
Domain Reload Profiling:
	ReloadAssembly (728ms)
		BeginReloadAssembly (95ms)
			ExecutionOrderSort (0ms)
			DisableScriptedObjects (0ms)
			BackupInstance (0ms)
			ReleaseScriptingObjects (0ms)
			CreateAndSetChildDomain (1ms)
		EndReloadAssembly (504ms)
			LoadAssemblies (91ms)
			RebuildTransferFunctionScriptingTraits (0ms)
			SetupTypeCache (115ms)
			ReleaseScriptCaches (0ms)
			RebuildScriptCaches (26ms)
			SetupLoadedEditorAssemblies (301ms)
				LogAssemblyErrors (0ms)
				InitializePlatformSupportModulesInManaged (10ms)
				SetLoadedEditorAssemblies (0ms)
				RefreshPlugins (104ms)
				BeforeProcessingInitializeOnLoad (1ms)
				ProcessInitializeOnLoadAttributes (140ms)
				ProcessInitializeOnLoadMethodAttributes (46ms)
				AfterProcessingInitializeOnLoad (0ms)
				EditorAssembliesLoaded (0ms)
			ExecutionOrderSort2 (0ms)
			AwakeInstancesAfterBackupRestoration (0ms)
Platform modules already initialized, skipping
Registering precompiled user dll's ...
Registered in 0.010138 seconds.
Begin MonoManager ReloadAssembly
Symbol file LoadedFromMemory doesn't match image C:\MatchMeck\TopDown-update\Library\PackageCache\com.unity.visualscripting@1.7.8\Editor\VisualScripting.Core\Dependencies\YamlDotNet\Unity.VisualScripting.YamlDotNet.dll
Symbol file LoadedFromMemory doesn't match image C:\MatchMeck\TopDown-update\Library\PackageCache\com.unity.visualscripting@1.7.8\Editor\VisualScripting.Core\Dependencies\DotNetZip\Unity.VisualScripting.IonicZip.dll
Native extension for WindowsStandalone target not found
Native extension for WebGL target not found
Refreshing native plugins compatible for Editor in 0.70 ms, found 3 plugins.
Preloading 0 native plugins for Editor in 0.00 ms.
Mono: successfully reloaded assembly
- Completed reload, in  1.407 seconds
Domain Reload Profiling:
	ReloadAssembly (1407ms)
		BeginReloadAssembly (139ms)
			ExecutionOrderSort (0ms)
			DisableScriptedObjects (8ms)
			BackupInstance (0ms)
			ReleaseScriptingObjects (0ms)
			CreateAndSetChildDomain (26ms)
		EndReloadAssembly (1149ms)
			LoadAssemblies (133ms)
			RebuildTransferFunctionScriptingTraits (0ms)
			SetupTypeCache (262ms)
			ReleaseScriptCaches (1ms)
			RebuildScriptCaches (46ms)
			SetupLoadedEditorAssemblies (673ms)
				LogAssemblyErrors (0ms)
				InitializePlatformSupportModulesInManaged (8ms)
				SetLoadedEditorAssemblies (0ms)
				RefreshPlugins (1ms)
				BeforeProcessingInitializeOnLoad (109ms)
				ProcessInitializeOnLoadAttributes (515ms)
				ProcessInitializeOnLoadMethodAttributes (27ms)
				AfterProcessingInitializeOnLoad (13ms)
				EditorAssembliesLoaded (0ms)
			ExecutionOrderSort2 (0ms)
			AwakeInstancesAfterBackupRestoration (6ms)
Platform modules already initialized, skipping
========================================================================
Worker process is ready to serve import requests
Launched and connected shader compiler UnityShaderCompiler.exe after 0.07 seconds
Refreshing native plugins compatible for Editor in 0.68 ms, found 3 plugins.
Preloading 0 native plugins for Editor in 0.00 ms.
Unloading 3369 Unused Serialized files (Serialized files now loaded: 0)
Unloading 28 unused Assets / (114.3 KB). Loaded Objects now: 3850.
Memory consumption went from 129.5 MB to 129.4 MB.
Total: 3.085100 ms (FindLiveObjects: 0.305100 ms CreateObjectMapping: 0.109900 ms MarkObjects: 2.531000 ms  DeleteObjects: 0.137800 ms)

AssetImportParameters requested are different than current active one (requested -> active):
  custom:video-decoder-ogg-theora: a1e56fd34408186e4bbccfd4996cb3dc -> 
  custom:container-muxer-webm: aa71ff27fc2769a1b78a27578f13a17b -> 
  custom:container-demuxer-webm: 4f35f7cbe854078d1ac9338744f61a02 -> 
  custom:video-encoder-webm-vp8: eb34c28f22e8b96e1ab97ce403110664 -> 
  custom:video-codec-MediaFoundation-h265: 746d11721c4dcdbdad8f713fa42b33f4 -> 
  custom:audio-encoder-webm-vorbis: bf7c407c2cedff20999df2af8eb42d56 -> 
  custom:framework-win-MediaFoundation: 216162199b28c13a410421893ffa2e32 -> 
  custom:container-demuxer-ogg: 62fdf1f143b41e24485cea50d1cbac27 -> 
  custom:video-decoder-webm-vp8: 9c59270c3fd7afecdb556c50c9e8de78 -> 
  custom:audio-decoder-ogg-vorbis: bf7c407c2cedff20999df2af8eb42d56 -> 
========================================================================
Received Import Request.
  Time since last request: 183079.781106 seconds.
  path: Assets/Assets/Simp_Prop/- Materials/concrete_01.mat
  artifactKey: Guid(6efcf11d129fc5d4eaaab4876a907b85) Importer(815301076,1909f56bfc062723c751e8b465ee728b)
Start importing Assets/Assets/Simp_Prop/- Materials/concrete_01.mat using Guid(6efcf11d129fc5d4eaaab4876a907b85) Importer(815301076,1909f56bfc062723c751e8b465ee728b)  -> (artifact id: '1f16d30e24df6b9b2d0f94a2e6ef1dea') in 0.141228 seconds 
========================================================================
Received Import Request.
  Time since last request: 0.000028 seconds.
  path: Assets/Assets/Simp_Prop/- Materials/road.mat
  artifactKey: Guid(db9876c2725a8174594a09b7fe201fa6) Importer(815301076,1909f56bfc062723c751e8b465ee728b)
Start importing Assets/Assets/Simp_Prop/- Materials/road.mat using Guid(db9876c2725a8174594a09b7fe201fa6) Importer(815301076,1909f56bfc062723c751e8b465ee728b)  -> (artifact id: '47c666d259db2273c9524481a9e42803') in 0.025544 seconds 
========================================================================
Received Import Request.
  Time since last request: 0.000031 seconds.
  path: Assets/Assets/Simp_Prop/- Materials/fence.mat
  artifactKey: Guid(3b821e336edb68a45843626d1e05083a) Importer(815301076,1909f56bfc062723c751e8b465ee728b)
Start importing Assets/Assets/Simp_Prop/- Materials/fence.mat using Guid(3b821e336edb68a45843626d1e05083a) Importer(815301076,1909f56bfc062723c751e8b465ee728b)  -> (artifact id: '9ae4c88ae4955a4a5b608d46d5991314') in 0.020307 seconds 
========================================================================
Received Import Request.
  Time since last request: 0.000026 seconds.
  path: Assets/Assets/Simp_Prop/- Materials/plane.mat
  artifactKey: Guid(609fa8eb1ac93ec4181b8ec4ef601761) Importer(815301076,1909f56bfc062723c751e8b465ee728b)
Start importing Assets/Assets/Simp_Prop/- Materials/plane.mat using Guid(609fa8eb1ac93ec4181b8ec4ef601761) Importer(815301076,1909f56bfc062723c751e8b465ee728b)  -> (artifact id: '482b5a302cdba64d047de957f0c62bdc') in 0.022601 seconds 
========================================================================
Received Import Request.
  Time since last request: 0.554855 seconds.
  path: Assets/Assets/Simp_Prop/- Meshes/scp_ip_concrete.FBX
  artifactKey: Guid(1d654eac7a3c0644c87c1bcd14876c5e) Importer(815301076,1909f56bfc062723c751e8b465ee728b)
Start importing Assets/Assets/Simp_Prop/- Meshes/scp_ip_concrete.FBX using Guid(1d654eac7a3c0644c87c1bcd14876c5e) Importer(815301076,1909f56bfc062723c751e8b465ee728b)  -> (artifact id: 'e9720fbeed6968d2241a28caf98e488e') in 0.113268 seconds 
========================================================================
Received Import Request.
  Time since last request: 0.000026 seconds.
  path: Assets/Assets/Simp_Prop/- Meshes/scp_ip_factory_pipe_02.FBX
  artifactKey: Guid(b36bdfa1fe0f4b043be33c1e29523a3b) Importer(815301076,1909f56bfc062723c751e8b465ee728b)
Start importing Assets/Assets/Simp_Prop/- Meshes/scp_ip_factory_pipe_02.FBX using Guid(b36bdfa1fe0f4b043be33c1e29523a3b) Importer(815301076,1909f56bfc062723c751e8b465ee728b)  -> (artifact id: 'f7d4e28b526f80e44b9222a300f6aff0') in 0.023644 seconds 
========================================================================
Received Import Request.
  Time since last request: 0.000028 seconds.
  path: Assets/Assets/Simp_Prop/- Meshes/scp_ip_factory_pipe_03.FBX
  artifactKey: Guid(4b8899c50c78fee4f92f2b0c191c1179) Importer(815301076,1909f56bfc062723c751e8b465ee728b)
Start importing Assets/Assets/Simp_Prop/- Meshes/scp_ip_factory_pipe_03.FBX using Guid(4b8899c50c78fee4f92f2b0c191c1179) Importer(815301076,1909f56bfc062723c751e8b465ee728b)  -> (artifact id: '62a4aa748b65d1f1d38db49599c28675') in 0.022514 seconds 
========================================================================
Received Import Request.
  Time since last request: 0.000027 seconds.
  path: Assets/Assets/Simp_Prop/- Meshes/scp_ip_factory_pipe_double_01.FBX
  artifactKey: Guid(4eafd52b3cf727145bfe1d3a4c043f61) Importer(815301076,1909f56bfc062723c751e8b465ee728b)
Start importing Assets/Assets/Simp_Prop/- Meshes/scp_ip_factory_pipe_double_01.FBX using Guid(4eafd52b3cf727145bfe1d3a4c043f61) Importer(815301076,1909f56bfc062723c751e8b465ee728b)  -> (artifact id: 'a331c084bf71cb6d23eab15a9994b698') in 0.020044 seconds 
========================================================================
Received Import Request.
  Time since last request: 0.000022 seconds.
  path: Assets/Assets/Simp_Prop/- Meshes/scp_ip_granary_pipe_02.FBX
  artifactKey: Guid(eeb1ce5015698f74d98fff75e80ad2b2) Importer(815301076,1909f56bfc062723c751e8b465ee728b)
Start importing Assets/Assets/Simp_Prop/- Meshes/scp_ip_granary_pipe_02.FBX using Guid(eeb1ce5015698f74d98fff75e80ad2b2) Importer(815301076,1909f56bfc062723c751e8b465ee728b)  -> (artifact id: 'd43cd52c4cfd6fa8034698ee9aa9a3b9') in 0.021284 seconds 
========================================================================
Received Import Request.
  Time since last request: 0.000019 seconds.
  path: Assets/Assets/Simp_Prop/- Meshes/scp_ip_granary_building_02.FBX
  artifactKey: Guid(4bb42d6f20a7faf48a4d8b1e48c72902) Importer(815301076,1909f56bfc062723c751e8b465ee728b)
Start importing Assets/Assets/Simp_Prop/- Meshes/scp_ip_granary_building_02.FBX using Guid(4bb42d6f20a7faf48a4d8b1e48c72902) Importer(815301076,1909f56bfc062723c751e8b465ee728b)  -> (artifact id: '7ff5513e6db5d0ed6553d61588e0334a') in 0.022670 seconds 
========================================================================
Received Import Request.
  Time since last request: 0.000039 seconds.
  path: Assets/Assets/Simp_Prop/- Meshes/scp_ip_factory_building_03.FBX
  artifactKey: Guid(abea1a39b64d4d347815fac10e9ab9f8) Importer(815301076,1909f56bfc062723c751e8b465ee728b)
Start importing Assets/Assets/Simp_Prop/- Meshes/scp_ip_factory_building_03.FBX using Guid(abea1a39b64d4d347815fac10e9ab9f8) Importer(815301076,1909f56bfc062723c751e8b465ee728b)  -> (artifact id: 'fdb8ded5d4465fdaba9429d689405073') in 0.021835 seconds 
========================================================================
Received Import Request.
  Time since last request: 0.000041 seconds.
  path: Assets/Assets/Simp_Prop/- Meshes/scp_ip_factory_tank_02.FBX
  artifactKey: Guid(ce754d598ed15bc4191654294ff05c64) Importer(815301076,1909f56bfc062723c751e8b465ee728b)
Start importing Assets/Assets/Simp_Prop/- Meshes/scp_ip_factory_tank_02.FBX using Guid(ce754d598ed15bc4191654294ff05c64) Importer(815301076,1909f56bfc062723c751e8b465ee728b)  -> (artifact id: '37d2cb2f4344645013cab12663cb859f') in 0.021869 seconds 
========================================================================
Received Import Request.
  Time since last request: 0.000023 seconds.
  path: Assets/Assets/Simp_Prop/- Meshes/scp_ip_factory_building_02.FBX
  artifactKey: Guid(ffab324f57a75014bb0dd79090f39c15) Importer(815301076,1909f56bfc062723c751e8b465ee728b)
Start importing Assets/Assets/Simp_Prop/- Meshes/scp_ip_factory_building_02.FBX using Guid(ffab324f57a75014bb0dd79090f39c15) Importer(815301076,1909f56bfc062723c751e8b465ee728b)  -> (artifact id: '9593f3954e8c3436cfd88a48cbeb979e') in 0.022474 seconds 
========================================================================
Received Import Request.
  Time since last request: 0.000033 seconds.
  path: Assets/Assets/Simp_Prop/- Meshes/scp_ip_factory_pipe_valve.FBX
  artifactKey: Guid(7fd65b7f905b5a14f9d817142bf84593) Importer(815301076,1909f56bfc062723c751e8b465ee728b)
Start importing Assets/Assets/Simp_Prop/- Meshes/scp_ip_factory_pipe_valve.FBX using Guid(7fd65b7f905b5a14f9d817142bf84593) Importer(815301076,1909f56bfc062723c751e8b465ee728b)  -> (artifact id: '7441bfa7d254530d1f21ac1a497c286c') in 0.022384 seconds 
========================================================================
Received Import Request.
  Time since last request: 0.000034 seconds.
  path: Assets/Assets/Simp_Prop/- Meshes/scp_ip_nuclear_plant_pipe_02.FBX
  artifactKey: Guid(2337b1f7693c3b34789739ba0391974a) Importer(815301076,1909f56bfc062723c751e8b465ee728b)
Start importing Assets/Assets/Simp_Prop/- Meshes/scp_ip_nuclear_plant_pipe_02.FBX using Guid(2337b1f7693c3b34789739ba0391974a) Importer(815301076,1909f56bfc062723c751e8b465ee728b)  -> (artifact id: 'c6bb4bc592b3b3f3821393877c4ceacf') in 0.020668 seconds 
========================================================================
Received Import Request.
  Time since last request: 0.000039 seconds.
  path: Assets/Assets/Simp_Prop/- Meshes/scp_ip_factory_pipe_double_02.FBX
  artifactKey: Guid(30923fde64acdb54194b759c03af15ed) Importer(815301076,1909f56bfc062723c751e8b465ee728b)
Start importing Assets/Assets/Simp_Prop/- Meshes/scp_ip_factory_pipe_double_02.FBX using Guid(30923fde64acdb54194b759c03af15ed) Importer(815301076,1909f56bfc062723c751e8b465ee728b)  -> (artifact id: '817f1240ad951b30632b94cfb7af0216') in 0.021469 seconds 
========================================================================
Received Import Request.
  Time since last request: 0.000025 seconds.
  path: Assets/Assets/Simp_Prop/- Meshes/scp_ip_nuclear_plant_prop_01.FBX
  artifactKey: Guid(eb1430580eeda1840b32de55a5d20004) Importer(815301076,1909f56bfc062723c751e8b465ee728b)
Start importing Assets/Assets/Simp_Prop/- Meshes/scp_ip_nuclear_plant_prop_01.FBX using Guid(eb1430580eeda1840b32de55a5d20004) Importer(815301076,1909f56bfc062723c751e8b465ee728b)  -> (artifact id: '025489261a7291e652867776aa633eae') in 0.027176 seconds 
========================================================================
Received Import Request.
  Time since last request: 0.000024 seconds.
  path: Assets/Assets/Simp_Prop/- Meshes/scp_ip_nuclear_plant_transmission_tower.FBX
  artifactKey: Guid(ca94aaa433feff84a8d3f4be9072cb47) Importer(815301076,1909f56bfc062723c751e8b465ee728b)
Start importing Assets/Assets/Simp_Prop/- Meshes/scp_ip_nuclear_plant_transmission_tower.FBX using Guid(ca94aaa433feff84a8d3f4be9072cb47) Importer(815301076,1909f56bfc062723c751e8b465ee728b)  -> (artifact id: '25d4e5a631cb278cfb88abea0d2866be') in 0.023171 seconds 
========================================================================
Received Import Request.
  Time since last request: 0.000025 seconds.
  path: Assets/Assets/Simp_Prop/- Meshes/scp_ip_granary_building_01.FBX
  artifactKey: Guid(d727fbfc7a034f542b8e8609a93b599f) Importer(815301076,1909f56bfc062723c751e8b465ee728b)
Start importing Assets/Assets/Simp_Prop/- Meshes/scp_ip_granary_building_01.FBX using Guid(d727fbfc7a034f542b8e8609a93b599f) Importer(815301076,1909f56bfc062723c751e8b465ee728b)  -> (artifact id: '3eafeb5dbb1bcf4d1ca2eb16a21b6b5a') in 0.022470 seconds 
========================================================================
Received Import Request.
  Time since last request: 0.000023 seconds.
  path: Assets/Assets/Simp_Prop/- Meshes/scp_ip_factory_building_04.FBX
  artifactKey: Guid(451ea04126f28a346aabce0d5cbce401) Importer(815301076,1909f56bfc062723c751e8b465ee728b)
Start importing Assets/Assets/Simp_Prop/- Meshes/scp_ip_factory_building_04.FBX using Guid(451ea04126f28a346aabce0d5cbce401) Importer(815301076,1909f56bfc062723c751e8b465ee728b)  -> (artifact id: '74aede02f79688ec4c6d9e426a8632b3') in 0.020393 seconds 
========================================================================
Received Import Request.
  Time since last request: 0.000023 seconds.
  path: Assets/Assets/Simp_Prop/- Meshes/scp_ip_granary_container_02.FBX
  artifactKey: Guid(9c825b62888687049a1e2042c84888a4) Importer(815301076,1909f56bfc062723c751e8b465ee728b)
Start importing Assets/Assets/Simp_Prop/- Meshes/scp_ip_granary_container_02.FBX using Guid(9c825b62888687049a1e2042c84888a4) Importer(815301076,1909f56bfc062723c751e8b465ee728b)  -> (artifact id: 'b7936139ec6bda495d726875c4a897aa') in 0.021505 seconds 
========================================================================
Received Import Request.
  Time since last request: 0.000026 seconds.
  path: Assets/Assets/Simp_Prop/- Meshes/scp_ip_nuclear_plant_prop_02.FBX
  artifactKey: Guid(f42ba9d01e7a2604290c12c3ea0fb7cc) Importer(815301076,1909f56bfc062723c751e8b465ee728b)
Start importing Assets/Assets/Simp_Prop/- Meshes/scp_ip_nuclear_plant_prop_02.FBX using Guid(f42ba9d01e7a2604290c12c3ea0fb7cc) Importer(815301076,1909f56bfc062723c751e8b465ee728b)  -> (artifact id: '0ee17ce15c8cdafc463038c327815f9f') in 0.022633 seconds 
========================================================================
Received Import Request.
  Time since last request: 0.000026 seconds.
  path: Assets/Assets/Simp_Prop/- Meshes/scp_ip_nuclear_plant_tank_01.FBX
  artifactKey: Guid(978cb47028c34494399af4bf24e6209e) Importer(815301076,1909f56bfc062723c751e8b465ee728b)
Start importing Assets/Assets/Simp_Prop/- Meshes/scp_ip_nuclear_plant_tank_01.FBX using Guid(978cb47028c34494399af4bf24e6209e) Importer(815301076,1909f56bfc062723c751e8b465ee728b)  -> (artifact id: 'cfdd3b7442ad8888e4891a642dd64b7a') in 0.022040 seconds 
========================================================================
Received Import Request.
  Time since last request: 0.000027 seconds.
  path: Assets/Assets/Simp_Prop/- Meshes/scp_ip_factory_pipe_01.FBX
  artifactKey: Guid(7126f8749562ef746aa10f5c2c839b0f) Importer(815301076,1909f56bfc062723c751e8b465ee728b)
Start importing Assets/Assets/Simp_Prop/- Meshes/scp_ip_factory_pipe_01.FBX using Guid(7126f8749562ef746aa10f5c2c839b0f) Importer(815301076,1909f56bfc062723c751e8b465ee728b)  -> (artifact id: 'e19c1de85b170e7b0c5a69d65ef1b862') in 0.021671 seconds 
========================================================================
Received Import Request.
  Time since last request: 0.000029 seconds.
  path: Assets/Assets/Simp_Prop/- Meshes/scp_ip_nuclear_plant_building_02.FBX
  artifactKey: Guid(34eed4b94cd9fa94a9086ca4cf4302de) Importer(815301076,1909f56bfc062723c751e8b465ee728b)
Start importing Assets/Assets/Simp_Prop/- Meshes/scp_ip_nuclear_plant_building_02.FBX using Guid(34eed4b94cd9fa94a9086ca4cf4302de) Importer(815301076,1909f56bfc062723c751e8b465ee728b)  -> (artifact id: 'e862d8a5564a0ed391e7c094c51980d3') in 0.021471 seconds 
========================================================================
Received Import Request.
  Time since last request: 0.072454 seconds.
  path: Assets/Assets/Simp_Prop/- Prefabs/scp_ip_factory_building_01.prefab
  artifactKey: Guid(17eaf550a6ba1134ea6c13421a26cb08) Importer(815301076,1909f56bfc062723c751e8b465ee728b)
Start importing Assets/Assets/Simp_Prop/- Prefabs/scp_ip_factory_building_01.prefab using Guid(17eaf550a6ba1134ea6c13421a26cb08) Importer(815301076,1909f56bfc062723c751e8b465ee728b)  -> (artifact id: 'ebb6bafb5dedfe799eaef157f0deff6c') in 0.142105 seconds 
========================================================================
Received Import Request.
  Time since last request: 0.000031 seconds.
  path: Assets/Assets/Simp_Prop/- Prefabs/scp_ip_factory_pipe_03.prefab
  artifactKey: Guid(fdfe04aac73d64a41b146bb2cba96038) Importer(815301076,1909f56bfc062723c751e8b465ee728b)
Start importing Assets/Assets/Simp_Prop/- Prefabs/scp_ip_factory_pipe_03.prefab using Guid(fdfe04aac73d64a41b146bb2cba96038) Importer(815301076,1909f56bfc062723c751e8b465ee728b)  -> (artifact id: '8bb26770a7d15c40154b50ff3a3a4182') in 0.099642 seconds 
========================================================================
Received Import Request.
  Time since last request: 0.000028 seconds.
  path: Assets/Assets/Simp_Prop/- Prefabs/scp_ip_factory_building_04.prefab
  artifactKey: Guid(12426ce8d5b548b4aab8f5f65268e320) Importer(815301076,1909f56bfc062723c751e8b465ee728b)
Start importing Assets/Assets/Simp_Prop/- Prefabs/scp_ip_factory_building_04.prefab using Guid(12426ce8d5b548b4aab8f5f65268e320) Importer(815301076,1909f56bfc062723c751e8b465ee728b)  -> (artifact id: '6e9e4d3233ec061d55fc6aa8831eaee1') in 0.090174 seconds 
========================================================================
Received Import Request.
  Time since last request: 0.000024 seconds.
  path: Assets/Assets/Simp_Prop/- Prefabs/scp_ip_nuclear_plant_building_04.prefab
  artifactKey: Guid(96969b34130652340af47c10188e1811) Importer(815301076,1909f56bfc062723c751e8b465ee728b)
Start importing Assets/Assets/Simp_Prop/- Prefabs/scp_ip_nuclear_plant_building_04.prefab using Guid(96969b34130652340af47c10188e1811) Importer(815301076,1909f56bfc062723c751e8b465ee728b)  -> (artifact id: 'ae5e9e0a35c86e8fd2c5a25dda56c866') in 0.093824 seconds 
========================================================================
Received Import Request.
  Time since last request: 0.000022 seconds.
  path: Assets/Assets/Simp_Prop/- Prefabs/scp_ip_granary_building_05.prefab
  artifactKey: Guid(7b6c9a1518c6cea4982fe8150a364c42) Importer(815301076,1909f56bfc062723c751e8b465ee728b)
Start importing Assets/Assets/Simp_Prop/- Prefabs/scp_ip_granary_building_05.prefab using Guid(7b6c9a1518c6cea4982fe8150a364c42) Importer(815301076,1909f56bfc062723c751e8b465ee728b)  -> (artifact id: 'b0a8e655e8ab92fd79d9d6259537c156') in 0.089634 seconds 
========================================================================
Received Import Request.
  Time since last request: 0.000026 seconds.
  path: Assets/Assets/Simp_Prop/- Prefabs/scp_ip_factory_tank_02.prefab
  artifactKey: Guid(d07f1f19525c8d446bf4e520391261d2) Importer(815301076,1909f56bfc062723c751e8b465ee728b)
Start importing Assets/Assets/Simp_Prop/- Prefabs/scp_ip_factory_tank_02.prefab using Guid(d07f1f19525c8d446bf4e520391261d2) Importer(815301076,1909f56bfc062723c751e8b465ee728b)  -> (artifact id: '275796876c86e4f7fbc56b4862a8529b') in 0.090240 seconds 
========================================================================
Received Import Request.
  Time since last request: 0.000028 seconds.
  path: Assets/Assets/Simp_Prop/- Prefabs/scp_ip_nuclear_plant_tank_02.prefab
  artifactKey: Guid(d763d3307a994a74bad500b4391c54de) Importer(815301076,1909f56bfc062723c751e8b465ee728b)
Start importing Assets/Assets/Simp_Prop/- Prefabs/scp_ip_nuclear_plant_tank_02.prefab using Guid(d763d3307a994a74bad500b4391c54de) Importer(815301076,1909f56bfc062723c751e8b465ee728b)  -> (artifact id: 'ebd3cef75b8be5aed598ca5a412907d3') in 0.098933 seconds 
========================================================================
Received Import Request.
  Time since last request: 0.000570 seconds.
  path: Assets/Assets/Simp_Prop/- Prefabs/scp_ip_granary_building_02.prefab
  artifactKey: Guid(1678a38cde2675e43933eb613cff0731) Importer(815301076,1909f56bfc062723c751e8b465ee728b)
Start importing Assets/Assets/Simp_Prop/- Prefabs/scp_ip_granary_building_02.prefab using Guid(1678a38cde2675e43933eb613cff0731) Importer(815301076,1909f56bfc062723c751e8b465ee728b)  -> (artifact id: 'a2267ffdcdb95060022e9f03a2f14310') in 0.107029 seconds 
========================================================================
Received Import Request.
  Time since last request: 0.000025 seconds.
  path: Assets/Assets/Simp_Prop/- Prefabs/scp_ip_granary_pipe_02.prefab
  artifactKey: Guid(8b2d24a0cf900144c8c2acbb75b45c23) Importer(815301076,1909f56bfc062723c751e8b465ee728b)
Start importing Assets/Assets/Simp_Prop/- Prefabs/scp_ip_granary_pipe_02.prefab using Guid(8b2d24a0cf900144c8c2acbb75b45c23) Importer(815301076,1909f56bfc062723c751e8b465ee728b)  -> (artifact id: '56fd2312e62d8fce6bb2d7ae5b608b9b') in 0.108767 seconds 
========================================================================
Received Import Request.
  Time since last request: 0.000038 seconds.
  path: Assets/Assets/Simp_Prop/- Prefabs/scp_ip_nuclear_plant_building_03.prefab
  artifactKey: Guid(1c7ebdad6536b3b4b8e111480e1f0ab2) Importer(815301076,1909f56bfc062723c751e8b465ee728b)
Start importing Assets/Assets/Simp_Prop/- Prefabs/scp_ip_nuclear_plant_building_03.prefab using Guid(1c7ebdad6536b3b4b8e111480e1f0ab2) Importer(815301076,1909f56bfc062723c751e8b465ee728b)  -> (artifact id: '9bfd1ea719b4d917e22ef32cc72890f8') in 0.089421 seconds 
========================================================================
Received Import Request.
  Time since last request: 0.000020 seconds.
  path: Assets/Assets/Simp_Prop/- Prefabs/scp_ip_granary_prop_01.prefab
  artifactKey: Guid(62fd5e72c7dba12498c945d9b76cf4e8) Importer(815301076,1909f56bfc062723c751e8b465ee728b)
Start importing Assets/Assets/Simp_Prop/- Prefabs/scp_ip_granary_prop_01.prefab using Guid(62fd5e72c7dba12498c945d9b76cf4e8) Importer(815301076,1909f56bfc062723c751e8b465ee728b)  -> (artifact id: 'da42e6342cb3a56961ba925e73450e94') in 0.097227 seconds 
========================================================================
Received Import Request.
  Time since last request: 0.000054 seconds.
  path: Assets/Assets/Simp_Prop/- Prefabs/scp_ip_granary_container_01.prefab
  artifactKey: Guid(2ca1658fac74ea84e8eff54d71813b86) Importer(815301076,1909f56bfc062723c751e8b465ee728b)
Start importing Assets/Assets/Simp_Prop/- Prefabs/scp_ip_granary_container_01.prefab using Guid(2ca1658fac74ea84e8eff54d71813b86) Importer(815301076,1909f56bfc062723c751e8b465ee728b)  -> (artifact id: 'df3239e67a26f840151fbf0ff9708c30') in 0.105619 seconds 
========================================================================
Received Import Request.
  Time since last request: 0.000048 seconds.
  path: Assets/Assets/Simp_Prop/- Prefabs/scp_ip_nuclear_plant_tank_01.prefab
  artifactKey: Guid(a5c4d61ed5105e544828e3c96a063713) Importer(815301076,1909f56bfc062723c751e8b465ee728b)
Start importing Assets/Assets/Simp_Prop/- Prefabs/scp_ip_nuclear_plant_tank_01.prefab using Guid(a5c4d61ed5105e544828e3c96a063713) Importer(815301076,1909f56bfc062723c751e8b465ee728b)  -> (artifact id: '1d66f062a4d40d768aebabbab09100a6') in 0.091216 seconds 
========================================================================
Received Import Request.
  Time since last request: 0.000038 seconds.
  path: Assets/Assets/Simp_Prop/- Textures/scp_ip_d_01.tif
  artifactKey: Guid(df1515a5a7dad5b43a1cd7ab133e3471) Importer(815301076,1909f56bfc062723c751e8b465ee728b)
Start importing Assets/Assets/Simp_Prop/- Textures/scp_ip_d_01.tif using Guid(df1515a5a7dad5b43a1cd7ab133e3471) Importer(815301076,1909f56bfc062723c751e8b465ee728b)  -> (artifact id: '68236f5c68cf2deacd66941fd81c9f2a') in 0.036130 seconds 
========================================================================
Received Import Request.
  Time since last request: 0.000020 seconds.
  path: Assets/Assets/Simp_Prop/- Prefabs/scp_ip_granary_container_02.prefab
  artifactKey: Guid(d7bfb9d873e77d942b1f8e5785588ca7) Importer(815301076,1909f56bfc062723c751e8b465ee728b)
Start importing Assets/Assets/Simp_Prop/- Prefabs/scp_ip_granary_container_02.prefab using Guid(d7bfb9d873e77d942b1f8e5785588ca7) Importer(815301076,1909f56bfc062723c751e8b465ee728b)  -> (artifact id: '6c2c709e34c95926921ae474d9d8a34f') in 0.088928 seconds 
========================================================================
Received Import Request.
  Time since last request: 0.000017 seconds.
  path: Assets/Assets/Simp_Prop/- Prefabs/scp_ip_nuclear_plant_pipe_01.prefab
  artifactKey: Guid(518ec4b12301988428490a62da122f4b) Importer(815301076,1909f56bfc062723c751e8b465ee728b)
Start importing Assets/Assets/Simp_Prop/- Prefabs/scp_ip_nuclear_plant_pipe_01.prefab using Guid(518ec4b12301988428490a62da122f4b) Importer(815301076,1909f56bfc062723c751e8b465ee728b)  -> (artifact id: '7f16657284bcfccc1a0eb5f00466c720') in 0.102679 seconds 
========================================================================
Received Import Request.
  Time since last request: 0.000022 seconds.
  path: Assets/Assets/Simp_Prop/- Prefabs/scp_ip_nuclear_plant_prop_02.prefab
  artifactKey: Guid(b7db04cbd6cad6548b4f64b194536724) Importer(815301076,1909f56bfc062723c751e8b465ee728b)
Start importing Assets/Assets/Simp_Prop/- Prefabs/scp_ip_nuclear_plant_prop_02.prefab using Guid(b7db04cbd6cad6548b4f64b194536724) Importer(815301076,1909f56bfc062723c751e8b465ee728b)  -> (artifact id: '320eb197b10c28c4001663a4e4572a0b') in 0.105006 seconds 
========================================================================
Received Import Request.
  Time since last request: 0.000024 seconds.
  path: Assets/Assets/Simp_Prop/- Prefabs/scp_ip_factory_pipe_double_01.prefab
  artifactKey: Guid(1a41b059d630a5c41a7fa1e95cd2bf2e) Importer(815301076,1909f56bfc062723c751e8b465ee728b)
Start importing Assets/Assets/Simp_Prop/- Prefabs/scp_ip_factory_pipe_double_01.prefab using Guid(1a41b059d630a5c41a7fa1e95cd2bf2e) Importer(815301076,1909f56bfc062723c751e8b465ee728b)  -> (artifact id: '7cc7b18c9b0756d824f8d2f29bc52cba') in 0.087724 seconds 
========================================================================
Received Import Request.
  Time since last request: 0.000033 seconds.
  path: Assets/Assets/Simp_Prop/- Prefabs/scp_ip_factory_pipe_01_support.prefab
  artifactKey: Guid(644427b3436ea8847838ada53c6d9e93) Importer(815301076,1909f56bfc062723c751e8b465ee728b)
Start importing Assets/Assets/Simp_Prop/- Prefabs/scp_ip_factory_pipe_01_support.prefab using Guid(644427b3436ea8847838ada53c6d9e93) Importer(815301076,1909f56bfc062723c751e8b465ee728b)  -> (artifact id: '843eae5bc1111202576671c77954c0b1') in 0.121677 seconds 
========================================================================
Received Import Request.
  Time since last request: 0.000023 seconds.
  path: Assets/Assets/Simp_Prop/- Prefabs/scp_ip_factory_pipe_valve.prefab
  artifactKey: Guid(bf77ce77d32dec340be6e216f874155b) Importer(815301076,1909f56bfc062723c751e8b465ee728b)
Start importing Assets/Assets/Simp_Prop/- Prefabs/scp_ip_factory_pipe_valve.prefab using Guid(bf77ce77d32dec340be6e216f874155b) Importer(815301076,1909f56bfc062723c751e8b465ee728b)  -> (artifact id: '703ac14bc15023ff5eaf23c5fc21b49e') in 0.104867 seconds 
========================================================================
Received Import Request.
  Time since last request: 0.000046 seconds.
  path: Assets/Assets/Simp_Prop/- Prefabs/scp_ip_granary_building_04.prefab
  artifactKey: Guid(fc1c5e841092dce46950301447c2b6d0) Importer(815301076,1909f56bfc062723c751e8b465ee728b)
Start importing Assets/Assets/Simp_Prop/- Prefabs/scp_ip_granary_building_04.prefab using Guid(fc1c5e841092dce46950301447c2b6d0) Importer(815301076,1909f56bfc062723c751e8b465ee728b)  -> (artifact id: '84a5fb471bf00c11bb5bcac0abfbb689') in 0.092851 seconds 
========================================================================
Received Import Request.
  Time since last request: 4.350176 seconds.
  path: Assets/Tree_Textures/normal_specular.png
  artifactKey: Guid(3c042ed933918e743a1036b552f072ba) Importer(815301076,1909f56bfc062723c751e8b465ee728b)
Start importing Assets/Tree_Textures/normal_specular.png using Guid(3c042ed933918e743a1036b552f072ba) Importer(815301076,1909f56bfc062723c751e8b465ee728b)  -> (artifact id: '82c4b389cf2749c8874ab06af0849e11') in 0.025414 seconds 
========================================================================
Received Import Request.
  Time since last request: 0.000022 seconds.
  path: Assets/Tree_Textures/translucency_gloss.png
  artifactKey: Guid(77d17deff6fffb14cb8befbe4c6a1699) Importer(815301076,1909f56bfc062723c751e8b465ee728b)
Start importing Assets/Tree_Textures/translucency_gloss.png using Guid(77d17deff6fffb14cb8befbe4c6a1699) Importer(815301076,1909f56bfc062723c751e8b465ee728b)  -> (artifact id: '297ce459e0c030ded95c7b7a01e3a32d') in 0.018235 seconds 
========================================================================
Received Prepare
Registering precompiled user dll's ...
Registered in 0.009693 seconds.
Begin MonoManager ReloadAssembly
Symbol file LoadedFromMemory doesn't match image C:\MatchMeck\TopDown-update\Library\PackageCache\com.unity.visualscripting@1.7.8\Editor\VisualScripting.Core\Dependencies\YamlDotNet\Unity.VisualScripting.YamlDotNet.dll
Symbol file LoadedFromMemory doesn't match image C:\MatchMeck\TopDown-update\Library\PackageCache\com.unity.visualscripting@1.7.8\Editor\VisualScripting.Core\Dependencies\DotNetZip\Unity.VisualScripting.IonicZip.dll
Native extension for WindowsStandalone target not found
Native extension for WebGL target not found
Refreshing native plugins compatible for Editor in 0.99 ms, found 3 plugins.
Preloading 0 native plugins for Editor in 0.00 ms.
Mono: successfully reloaded assembly
- Completed reload, in  1.218 seconds
Domain Reload Profiling:
	ReloadAssembly (1218ms)
		BeginReloadAssembly (164ms)
			ExecutionOrderSort (0ms)
			DisableScriptedObjects (5ms)
			BackupInstance (0ms)
			ReleaseScriptingObjects (0ms)
			CreateAndSetChildDomain (48ms)
		EndReloadAssembly (943ms)
			LoadAssemblies (104ms)
			RebuildTransferFunctionScriptingTraits (0ms)
			SetupTypeCache (311ms)
			ReleaseScriptCaches (1ms)
			RebuildScriptCaches (49ms)
			SetupLoadedEditorAssemblies (431ms)
				LogAssemblyErrors (0ms)
				InitializePlatformSupportModulesInManaged (24ms)
				SetLoadedEditorAssemblies (1ms)
				RefreshPlugins (1ms)
				BeforeProcessingInitializeOnLoad (99ms)
				ProcessInitializeOnLoadAttributes (262ms)
				ProcessInitializeOnLoadMethodAttributes (28ms)
				AfterProcessingInitializeOnLoad (16ms)
				EditorAssembliesLoaded (0ms)
			ExecutionOrderSort2 (0ms)
			AwakeInstancesAfterBackupRestoration (7ms)
Platform modules already initialized, skipping
Refreshing native plugins compatible for Editor in 3.39 ms, found 3 plugins.
Preloading 0 native plugins for Editor in 0.00 ms.
Unloading 3364 Unused Serialized files (Serialized files now loaded: 0)
Unloading 21 unused Assets / (82.0 KB). Loaded Objects now: 3901.
Memory consumption went from 134.5 MB to 134.4 MB.
Total: 4.275700 ms (FindLiveObjects: 0.623800 ms CreateObjectMapping: 0.328700 ms MarkObjects: 3.083400 ms  DeleteObjects: 0.238700 ms)

AssetImportParameters requested are different than current active one (requested -> active):
  custom:video-decoder-ogg-theora: a1e56fd34408186e4bbccfd4996cb3dc -> 
  custom:container-muxer-webm: aa71ff27fc2769a1b78a27578f13a17b -> 
  custom:container-demuxer-webm: 4f35f7cbe854078d1ac9338744f61a02 -> 
  custom:video-encoder-webm-vp8: eb34c28f22e8b96e1ab97ce403110664 -> 
  custom:video-codec-MediaFoundation-h265: 746d11721c4dcdbdad8f713fa42b33f4 -> 
  custom:audio-encoder-webm-vorbis: bf7c407c2cedff20999df2af8eb42d56 -> 
  custom:framework-win-MediaFoundation: 216162199b28c13a410421893ffa2e32 -> 
  custom:container-demuxer-ogg: 62fdf1f143b41e24485cea50d1cbac27 -> 
  custom:video-decoder-webm-vp8: 9c59270c3fd7afecdb556c50c9e8de78 -> 
  custom:audio-decoder-ogg-vorbis: bf7c407c2cedff20999df2af8eb42d56 -> 
========================================================================
Received Prepare
Registering precompiled user dll's ...
Registered in 0.014062 seconds.
Begin MonoManager ReloadAssembly
Symbol file LoadedFromMemory doesn't match image C:\MatchMeck\TopDown-update\Library\PackageCache\com.unity.visualscripting@1.7.8\Editor\VisualScripting.Core\Dependencies\YamlDotNet\Unity.VisualScripting.YamlDotNet.dll
Symbol file LoadedFromMemory doesn't match image C:\MatchMeck\TopDown-update\Library\PackageCache\com.unity.visualscripting@1.7.8\Editor\VisualScripting.Core\Dependencies\DotNetZip\Unity.VisualScripting.IonicZip.dll
Native extension for WindowsStandalone target not found
Native extension for WebGL target not found
Refreshing native plugins compatible for Editor in 0.94 ms, found 3 plugins.
Preloading 0 native plugins for Editor in 0.00 ms.
Mono: successfully reloaded assembly
- Completed reload, in  1.238 seconds
Domain Reload Profiling:
	ReloadAssembly (1240ms)
		BeginReloadAssembly (290ms)
			ExecutionOrderSort (0ms)
			DisableScriptedObjects (12ms)
			BackupInstance (0ms)
			ReleaseScriptingObjects (0ms)
			CreateAndSetChildDomain (103ms)
		EndReloadAssembly (829ms)
			LoadAssemblies (119ms)
			RebuildTransferFunctionScriptingTraits (0ms)
			SetupTypeCache (273ms)
			ReleaseScriptCaches (2ms)
			RebuildScriptCaches (49ms)
			SetupLoadedEditorAssemblies (372ms)
				LogAssemblyErrors (0ms)
				InitializePlatformSupportModulesInManaged (17ms)
				SetLoadedEditorAssemblies (1ms)
				RefreshPlugins (1ms)
				BeforeProcessingInitializeOnLoad (74ms)
				ProcessInitializeOnLoadAttributes (237ms)
				ProcessInitializeOnLoadMethodAttributes (28ms)
				AfterProcessingInitializeOnLoad (14ms)
				EditorAssembliesLoaded (0ms)
			ExecutionOrderSort2 (0ms)
			AwakeInstancesAfterBackupRestoration (6ms)
Platform modules already initialized, skipping
Refreshing native plugins compatible for Editor in 2.78 ms, found 3 plugins.
Preloading 0 native plugins for Editor in 0.00 ms.
Unloading 3364 Unused Serialized files (Serialized files now loaded: 0)
Unloading 21 unused Assets / (81.9 KB). Loaded Objects now: 3904.
Memory consumption went from 134.5 MB to 134.4 MB.
Total: 5.213100 ms (FindLiveObjects: 0.400400 ms CreateObjectMapping: 0.388200 ms MarkObjects: 4.234000 ms  DeleteObjects: 0.189100 ms)

AssetImportParameters requested are different than current active one (requested -> active):
  custom:video-decoder-ogg-theora: a1e56fd34408186e4bbccfd4996cb3dc -> 
  custom:container-muxer-webm: aa71ff27fc2769a1b78a27578f13a17b -> 
  custom:container-demuxer-webm: 4f35f7cbe854078d1ac9338744f61a02 -> 
  custom:video-encoder-webm-vp8: eb34c28f22e8b96e1ab97ce403110664 -> 
  custom:video-codec-MediaFoundation-h265: 746d11721c4dcdbdad8f713fa42b33f4 -> 
  custom:audio-encoder-webm-vorbis: bf7c407c2cedff20999df2af8eb42d56 -> 
  custom:framework-win-MediaFoundation: 216162199b28c13a410421893ffa2e32 -> 
  custom:container-demuxer-ogg: 62fdf1f143b41e24485cea50d1cbac27 -> 
  custom:video-decoder-webm-vp8: 9c59270c3fd7afecdb556c50c9e8de78 -> 
  custom:audio-decoder-ogg-vorbis: bf7c407c2cedff20999df2af8eb42d56 -> 
========================================================================
Received Prepare
Registering precompiled user dll's ...
Registered in 0.008821 seconds.
Begin MonoManager ReloadAssembly
Symbol file LoadedFromMemory doesn't match image C:\MatchMeck\TopDown-update\Library\PackageCache\com.unity.visualscripting@1.7.8\Editor\VisualScripting.Core\Dependencies\YamlDotNet\Unity.VisualScripting.YamlDotNet.dll
Symbol file LoadedFromMemory doesn't match image C:\MatchMeck\TopDown-update\Library\PackageCache\com.unity.visualscripting@1.7.8\Editor\VisualScripting.Core\Dependencies\DotNetZip\Unity.VisualScripting.IonicZip.dll
Native extension for WindowsStandalone target not found
Native extension for WebGL target not found
Refreshing native plugins compatible for Editor in 0.79 ms, found 3 plugins.
Preloading 0 native plugins for Editor in 0.00 ms.
Mono: successfully reloaded assembly
- Completed reload, in  1.305 seconds
Domain Reload Profiling:
	ReloadAssembly (1306ms)
		BeginReloadAssembly (150ms)
			ExecutionOrderSort (0ms)
			DisableScriptedObjects (5ms)
			BackupInstance (0ms)
			ReleaseScriptingObjects (0ms)
			CreateAndSetChildDomain (39ms)
		EndReloadAssembly (1035ms)
			LoadAssemblies (112ms)
			RebuildTransferFunctionScriptingTraits (0ms)
			SetupTypeCache (358ms)
			ReleaseScriptCaches (2ms)
			RebuildScriptCaches (59ms)
			SetupLoadedEditorAssemblies (439ms)
				LogAssemblyErrors (0ms)
				InitializePlatformSupportModulesInManaged (26ms)
				SetLoadedEditorAssemblies (1ms)
				RefreshPlugins (1ms)
				BeforeProcessingInitializeOnLoad (108ms)
				ProcessInitializeOnLoadAttributes (258ms)
				ProcessInitializeOnLoadMethodAttributes (29ms)
				AfterProcessingInitializeOnLoad (15ms)
				EditorAssembliesLoaded (0ms)
			ExecutionOrderSort2 (0ms)
			AwakeInstancesAfterBackupRestoration (7ms)
Platform modules already initialized, skipping
Refreshing native plugins compatible for Editor in 3.56 ms, found 3 plugins.
Preloading 0 native plugins for Editor in 0.00 ms.
Unloading 3364 Unused Serialized files (Serialized files now loaded: 0)
Unloading 21 unused Assets / (82.0 KB). Loaded Objects now: 3907.
Memory consumption went from 134.5 MB to 134.4 MB.
Total: 4.569300 ms (FindLiveObjects: 0.289700 ms CreateObjectMapping: 0.195900 ms MarkObjects: 3.905400 ms  DeleteObjects: 0.176500 ms)

AssetImportParameters requested are different than current active one (requested -> active):
  custom:video-decoder-ogg-theora: a1e56fd34408186e4bbccfd4996cb3dc -> 
  custom:container-muxer-webm: aa71ff27fc2769a1b78a27578f13a17b -> 
  custom:container-demuxer-webm: 4f35f7cbe854078d1ac9338744f61a02 -> 
  custom:video-encoder-webm-vp8: eb34c28f22e8b96e1ab97ce403110664 -> 
  custom:video-codec-MediaFoundation-h265: 746d11721c4dcdbdad8f713fa42b33f4 -> 
  custom:audio-encoder-webm-vorbis: bf7c407c2cedff20999df2af8eb42d56 -> 
  custom:framework-win-MediaFoundation: 216162199b28c13a410421893ffa2e32 -> 
  custom:container-demuxer-ogg: 62fdf1f143b41e24485cea50d1cbac27 -> 
  custom:video-decoder-webm-vp8: 9c59270c3fd7afecdb556c50c9e8de78 -> 
  custom:audio-decoder-ogg-vorbis: bf7c407c2cedff20999df2af8eb42d56 -> 
========================================================================
Received Prepare
Registering precompiled user dll's ...
Registered in 0.009904 seconds.
Begin MonoManager ReloadAssembly
Symbol file LoadedFromMemory doesn't match image C:\MatchMeck\TopDown-update\Library\PackageCache\com.unity.visualscripting@1.7.8\Editor\VisualScripting.Core\Dependencies\YamlDotNet\Unity.VisualScripting.YamlDotNet.dll
Symbol file LoadedFromMemory doesn't match image C:\MatchMeck\TopDown-update\Library\PackageCache\com.unity.visualscripting@1.7.8\Editor\VisualScripting.Core\Dependencies\DotNetZip\Unity.VisualScripting.IonicZip.dll
Native extension for WindowsStandalone target not found
Native extension for WebGL target not found
Refreshing native plugins compatible for Editor in 1.50 ms, found 3 plugins.
Preloading 0 native plugins for Editor in 0.00 ms.
Mono: successfully reloaded assembly
- Completed reload, in  1.142 seconds
Domain Reload Profiling:
	ReloadAssembly (1143ms)
		BeginReloadAssembly (160ms)
			ExecutionOrderSort (0ms)
			DisableScriptedObjects (5ms)
			BackupInstance (0ms)
			ReleaseScriptingObjects (0ms)
			CreateAndSetChildDomain (44ms)
		EndReloadAssembly (875ms)
			LoadAssemblies (102ms)
			RebuildTransferFunctionScriptingTraits (0ms)
			SetupTypeCache (254ms)
			ReleaseScriptCaches (1ms)
			RebuildScriptCaches (42ms)
			SetupLoadedEditorAssemblies (419ms)
				LogAssemblyErrors (0ms)
				InitializePlatformSupportModulesInManaged (20ms)
				SetLoadedEditorAssemblies (1ms)
				RefreshPlugins (2ms)
				BeforeProcessingInitializeOnLoad (94ms)
				ProcessInitializeOnLoadAttributes (259ms)
				ProcessInitializeOnLoadMethodAttributes (30ms)
				AfterProcessingInitializeOnLoad (14ms)
				EditorAssembliesLoaded (0ms)
			ExecutionOrderSort2 (0ms)
			AwakeInstancesAfterBackupRestoration (8ms)
Platform modules already initialized, skipping
Refreshing native plugins compatible for Editor in 4.10 ms, found 3 plugins.
Preloading 0 native plugins for Editor in 0.00 ms.
Unloading 3364 Unused Serialized files (Serialized files now loaded: 0)
Unloading 21 unused Assets / (82.0 KB). Loaded Objects now: 3910.
Memory consumption went from 134.5 MB to 134.4 MB.
Total: 3.963300 ms (FindLiveObjects: 0.638300 ms CreateObjectMapping: 0.239700 ms MarkObjects: 2.948100 ms  DeleteObjects: 0.135800 ms)

AssetImportParameters requested are different than current active one (requested -> active):
  custom:video-decoder-ogg-theora: a1e56fd34408186e4bbccfd4996cb3dc -> 
  custom:container-muxer-webm: aa71ff27fc2769a1b78a27578f13a17b -> 
  custom:container-demuxer-webm: 4f35f7cbe854078d1ac9338744f61a02 -> 
  custom:video-encoder-webm-vp8: eb34c28f22e8b96e1ab97ce403110664 -> 
  custom:video-codec-MediaFoundation-h265: 746d11721c4dcdbdad8f713fa42b33f4 -> 
  custom:audio-encoder-webm-vorbis: bf7c407c2cedff20999df2af8eb42d56 -> 
  custom:framework-win-MediaFoundation: 216162199b28c13a410421893ffa2e32 -> 
  custom:container-demuxer-ogg: 62fdf1f143b41e24485cea50d1cbac27 -> 
  custom:video-decoder-webm-vp8: 9c59270c3fd7afecdb556c50c9e8de78 -> 
  custom:audio-decoder-ogg-vorbis: bf7c407c2cedff20999df2af8eb42d56 -> 
========================================================================
Received Prepare
Registering precompiled user dll's ...
Registered in 0.010775 seconds.
Begin MonoManager ReloadAssembly
Symbol file LoadedFromMemory doesn't match image C:\MatchMeck\TopDown-update\Library\PackageCache\com.unity.visualscripting@1.7.8\Editor\VisualScripting.Core\Dependencies\YamlDotNet\Unity.VisualScripting.YamlDotNet.dll
Symbol file LoadedFromMemory doesn't match image C:\MatchMeck\TopDown-update\Library\PackageCache\com.unity.visualscripting@1.7.8\Editor\VisualScripting.Core\Dependencies\DotNetZip\Unity.VisualScripting.IonicZip.dll
Native extension for WindowsStandalone target not found
Native extension for WebGL target not found
Refreshing native plugins compatible for Editor in 1.27 ms, found 3 plugins.
Preloading 0 native plugins for Editor in 0.00 ms.
Mono: successfully reloaded assembly
- Completed reload, in  1.169 seconds
Domain Reload Profiling:
	ReloadAssembly (1169ms)
		BeginReloadAssembly (167ms)
			ExecutionOrderSort (0ms)
			DisableScriptedObjects (6ms)
			BackupInstance (0ms)
			ReleaseScriptingObjects (0ms)
			CreateAndSetChildDomain (44ms)
		EndReloadAssembly (887ms)
			LoadAssemblies (104ms)
			RebuildTransferFunctionScriptingTraits (0ms)
			SetupTypeCache (261ms)
			ReleaseScriptCaches (2ms)
			RebuildScriptCaches (46ms)
			SetupLoadedEditorAssemblies (415ms)
				LogAssemblyErrors (0ms)
				InitializePlatformSupportModulesInManaged (19ms)
				SetLoadedEditorAssemblies (0ms)
				RefreshPlugins (1ms)
				BeforeProcessingInitializeOnLoad (94ms)
				ProcessInitializeOnLoadAttributes (255ms)
				ProcessInitializeOnLoadMethodAttributes (28ms)
				AfterProcessingInitializeOnLoad (17ms)
				EditorAssembliesLoaded (0ms)
			ExecutionOrderSort2 (0ms)
			AwakeInstancesAfterBackupRestoration (8ms)
Platform modules already initialized, skipping
Refreshing native plugins compatible for Editor in 2.92 ms, found 3 plugins.
Preloading 0 native plugins for Editor in 0.00 ms.
Unloading 3364 Unused Serialized files (Serialized files now loaded: 0)
Unloading 21 unused Assets / (82.0 KB). Loaded Objects now: 3913.
Memory consumption went from 134.4 MB to 134.3 MB.
Total: 3.870000 ms (FindLiveObjects: 0.253600 ms CreateObjectMapping: 0.182200 ms MarkObjects: 3.302400 ms  DeleteObjects: 0.130100 ms)

AssetImportParameters requested are different than current active one (requested -> active):
  custom:video-decoder-ogg-theora: a1e56fd34408186e4bbccfd4996cb3dc -> 
  custom:container-muxer-webm: aa71ff27fc2769a1b78a27578f13a17b -> 
  custom:container-demuxer-webm: 4f35f7cbe854078d1ac9338744f61a02 -> 
  custom:video-encoder-webm-vp8: eb34c28f22e8b96e1ab97ce403110664 -> 
  custom:video-codec-MediaFoundation-h265: 746d11721c4dcdbdad8f713fa42b33f4 -> 
  custom:audio-encoder-webm-vorbis: bf7c407c2cedff20999df2af8eb42d56 -> 
  custom:framework-win-MediaFoundation: 216162199b28c13a410421893ffa2e32 -> 
  custom:container-demuxer-ogg: 62fdf1f143b41e24485cea50d1cbac27 -> 
  custom:video-decoder-webm-vp8: 9c59270c3fd7afecdb556c50c9e8de78 -> 
  custom:audio-decoder-ogg-vorbis: bf7c407c2cedff20999df2af8eb42d56 -> 
========================================================================
Received Prepare
Registering precompiled user dll's ...
Registered in 0.009914 seconds.
Begin MonoManager ReloadAssembly
Symbol file LoadedFromMemory doesn't match image C:\MatchMeck\TopDown-update\Library\PackageCache\com.unity.visualscripting@1.7.8\Editor\VisualScripting.Core\Dependencies\YamlDotNet\Unity.VisualScripting.YamlDotNet.dll
Symbol file LoadedFromMemory doesn't match image C:\MatchMeck\TopDown-update\Library\PackageCache\com.unity.visualscripting@1.7.8\Editor\VisualScripting.Core\Dependencies\DotNetZip\Unity.VisualScripting.IonicZip.dll
Native extension for WindowsStandalone target not found
Native extension for WebGL target not found
Refreshing native plugins compatible for Editor in 1.50 ms, found 3 plugins.
Preloading 0 native plugins for Editor in 0.00 ms.
Mono: successfully reloaded assembly
- Completed reload, in  1.174 seconds
Domain Reload Profiling:
	ReloadAssembly (1175ms)
		BeginReloadAssembly (166ms)
			ExecutionOrderSort (0ms)
			DisableScriptedObjects (5ms)
			BackupInstance (0ms)
			ReleaseScriptingObjects (0ms)
			CreateAndSetChildDomain (50ms)
		EndReloadAssembly (896ms)
			LoadAssemblies (106ms)
			RebuildTransferFunctionScriptingTraits (0ms)
			SetupTypeCache (265ms)
			ReleaseScriptCaches (1ms)
			RebuildScriptCaches (49ms)
			SetupLoadedEditorAssemblies (416ms)
				LogAssemblyErrors (0ms)
				InitializePlatformSupportModulesInManaged (18ms)
				SetLoadedEditorAssemblies (1ms)
				RefreshPlugins (2ms)
				BeforeProcessingInitializeOnLoad (89ms)
				ProcessInitializeOnLoadAttributes (256ms)
				ProcessInitializeOnLoadMethodAttributes (30ms)
				AfterProcessingInitializeOnLoad (21ms)
				EditorAssembliesLoaded (0ms)
			ExecutionOrderSort2 (0ms)
			AwakeInstancesAfterBackupRestoration (8ms)
Platform modules already initialized, skipping
Refreshing native plugins compatible for Editor in 4.21 ms, found 3 plugins.
Preloading 0 native plugins for Editor in 0.00 ms.
Unloading 3364 Unused Serialized files (Serialized files now loaded: 0)
Unloading 21 unused Assets / (82.0 KB). Loaded Objects now: 3916.
Memory consumption went from 134.5 MB to 134.4 MB.
Total: 3.862800 ms (FindLiveObjects: 0.319600 ms CreateObjectMapping: 0.219000 ms MarkObjects: 3.074100 ms  DeleteObjects: 0.248500 ms)

AssetImportParameters requested are different than current active one (requested -> active):
  custom:video-decoder-ogg-theora: a1e56fd34408186e4bbccfd4996cb3dc -> 
  custom:container-muxer-webm: aa71ff27fc2769a1b78a27578f13a17b -> 
  custom:container-demuxer-webm: 4f35f7cbe854078d1ac9338744f61a02 -> 
  custom:video-encoder-webm-vp8: eb34c28f22e8b96e1ab97ce403110664 -> 
  custom:video-codec-MediaFoundation-h265: 746d11721c4dcdbdad8f713fa42b33f4 -> 
  custom:audio-encoder-webm-vorbis: bf7c407c2cedff20999df2af8eb42d56 -> 
  custom:framework-win-MediaFoundation: 216162199b28c13a410421893ffa2e32 -> 
  custom:container-demuxer-ogg: 62fdf1f143b41e24485cea50d1cbac27 -> 
  custom:video-decoder-webm-vp8: 9c59270c3fd7afecdb556c50c9e8de78 -> 
  custom:audio-decoder-ogg-vorbis: bf7c407c2cedff20999df2af8eb42d56 -> 
========================================================================
Received Prepare
Registering precompiled user dll's ...
Registered in 0.012596 seconds.
Begin MonoManager ReloadAssembly
Symbol file LoadedFromMemory doesn't match image C:\MatchMeck\TopDown-update\Library\PackageCache\com.unity.visualscripting@1.7.8\Editor\VisualScripting.Core\Dependencies\YamlDotNet\Unity.VisualScripting.YamlDotNet.dll
Symbol file LoadedFromMemory doesn't match image C:\MatchMeck\TopDown-update\Library\PackageCache\com.unity.visualscripting@1.7.8\Editor\VisualScripting.Core\Dependencies\DotNetZip\Unity.VisualScripting.IonicZip.dll
Native extension for WindowsStandalone target not found
Native extension for WebGL target not found
Refreshing native plugins compatible for Editor in 1.71 ms, found 3 plugins.
Preloading 0 native plugins for Editor in 0.00 ms.
Mono: successfully reloaded assembly
- Completed reload, in  1.375 seconds
Domain Reload Profiling:
	ReloadAssembly (1375ms)
		BeginReloadAssembly (164ms)
			ExecutionOrderSort (0ms)
			DisableScriptedObjects (8ms)
			BackupInstance (0ms)
			ReleaseScriptingObjects (0ms)
			CreateAndSetChildDomain (43ms)
		EndReloadAssembly (1090ms)
			LoadAssemblies (107ms)
			RebuildTransferFunctionScriptingTraits (0ms)
			SetupTypeCache (407ms)
			ReleaseScriptCaches (2ms)
			RebuildScriptCaches (53ms)
			SetupLoadedEditorAssemblies (460ms)
				LogAssemblyErrors (0ms)
				InitializePlatformSupportModulesInManaged (22ms)
				SetLoadedEditorAssemblies (1ms)
				RefreshPlugins (2ms)
				BeforeProcessingInitializeOnLoad (104ms)
				ProcessInitializeOnLoadAttributes (285ms)
				ProcessInitializeOnLoadMethodAttributes (31ms)
				AfterProcessingInitializeOnLoad (15ms)
				EditorAssembliesLoaded (1ms)
			ExecutionOrderSort2 (0ms)
			AwakeInstancesAfterBackupRestoration (9ms)
Platform modules already initialized, skipping
Refreshing native plugins compatible for Editor in 3.20 ms, found 3 plugins.
Preloading 0 native plugins for Editor in 0.00 ms.
Unloading 3364 Unused Serialized files (Serialized files now loaded: 0)
Unloading 21 unused Assets / (82.0 KB). Loaded Objects now: 3919.
Memory consumption went from 134.5 MB to 134.4 MB.
Total: 5.352900 ms (FindLiveObjects: 0.596800 ms CreateObjectMapping: 0.388200 ms MarkObjects: 4.199400 ms  DeleteObjects: 0.165900 ms)

AssetImportParameters requested are different than current active one (requested -> active):
  custom:video-decoder-ogg-theora: a1e56fd34408186e4bbccfd4996cb3dc -> 
  custom:container-muxer-webm: aa71ff27fc2769a1b78a27578f13a17b -> 
  custom:container-demuxer-webm: 4f35f7cbe854078d1ac9338744f61a02 -> 
  custom:video-encoder-webm-vp8: eb34c28f22e8b96e1ab97ce403110664 -> 
  custom:video-codec-MediaFoundation-h265: 746d11721c4dcdbdad8f713fa42b33f4 -> 
  custom:audio-encoder-webm-vorbis: bf7c407c2cedff20999df2af8eb42d56 -> 
  custom:framework-win-MediaFoundation: 216162199b28c13a410421893ffa2e32 -> 
  custom:container-demuxer-ogg: 62fdf1f143b41e24485cea50d1cbac27 -> 
  custom:video-decoder-webm-vp8: 9c59270c3fd7afecdb556c50c9e8de78 -> 
  custom:audio-decoder-ogg-vorbis: bf7c407c2cedff20999df2af8eb42d56 -> 
========================================================================
Received Prepare
Registering precompiled user dll's ...
Registered in 0.009506 seconds.
Begin MonoManager ReloadAssembly
Symbol file LoadedFromMemory doesn't match image C:\MatchMeck\TopDown-update\Library\PackageCache\com.unity.visualscripting@1.7.8\Editor\VisualScripting.Core\Dependencies\YamlDotNet\Unity.VisualScripting.YamlDotNet.dll
Symbol file LoadedFromMemory doesn't match image C:\MatchMeck\TopDown-update\Library\PackageCache\com.unity.visualscripting@1.7.8\Editor\VisualScripting.Core\Dependencies\DotNetZip\Unity.VisualScripting.IonicZip.dll
Native extension for WindowsStandalone target not found
Native extension for WebGL target not found
Refreshing native plugins compatible for Editor in 2.07 ms, found 3 plugins.
Preloading 0 native plugins for Editor in 0.00 ms.
Mono: successfully reloaded assembly
- Completed reload, in  1.414 seconds
Domain Reload Profiling:
	ReloadAssembly (1415ms)
		BeginReloadAssembly (194ms)
			ExecutionOrderSort (0ms)
			DisableScriptedObjects (8ms)
			BackupInstance (0ms)
			ReleaseScriptingObjects (0ms)
			CreateAndSetChildDomain (57ms)
		EndReloadAssembly (1100ms)
			LoadAssemblies (136ms)
			RebuildTransferFunctionScriptingTraits (0ms)
			SetupTypeCache (392ms)
			ReleaseScriptCaches (3ms)
			RebuildScriptCaches (49ms)
			SetupLoadedEditorAssemblies (475ms)
				LogAssemblyErrors (0ms)
				InitializePlatformSupportModulesInManaged (23ms)
				SetLoadedEditorAssemblies (1ms)
				RefreshPlugins (2ms)
				BeforeProcessingInitializeOnLoad (101ms)
				ProcessInitializeOnLoadAttributes (298ms)
				ProcessInitializeOnLoadMethodAttributes (33ms)
				AfterProcessingInitializeOnLoad (16ms)
				EditorAssembliesLoaded (1ms)
			ExecutionOrderSort2 (0ms)
			AwakeInstancesAfterBackupRestoration (8ms)
Platform modules already initialized, skipping
Refreshing native plugins compatible for Editor in 4.56 ms, found 3 plugins.
Preloading 0 native plugins for Editor in 0.00 ms.
Unloading 3364 Unused Serialized files (Serialized files now loaded: 0)
Unloading 21 unused Assets / (81.9 KB). Loaded Objects now: 3922.
Memory consumption went from 134.4 MB to 134.4 MB.
Total: 6.631900 ms (FindLiveObjects: 0.842200 ms CreateObjectMapping: 0.260900 ms MarkObjects: 5.374700 ms  DeleteObjects: 0.152400 ms)

AssetImportParameters requested are different than current active one (requested -> active):
  custom:video-decoder-ogg-theora: a1e56fd34408186e4bbccfd4996cb3dc -> 
  custom:container-muxer-webm: aa71ff27fc2769a1b78a27578f13a17b -> 
  custom:container-demuxer-webm: 4f35f7cbe854078d1ac9338744f61a02 -> 
  custom:video-encoder-webm-vp8: eb34c28f22e8b96e1ab97ce403110664 -> 
  custom:video-codec-MediaFoundation-h265: 746d11721c4dcdbdad8f713fa42b33f4 -> 
  custom:audio-encoder-webm-vorbis: bf7c407c2cedff20999df2af8eb42d56 -> 
  custom:framework-win-MediaFoundation: 216162199b28c13a410421893ffa2e32 -> 
  custom:container-demuxer-ogg: 62fdf1f143b41e24485cea50d1cbac27 -> 
  custom:video-decoder-webm-vp8: 9c59270c3fd7afecdb556c50c9e8de78 -> 
  custom:audio-decoder-ogg-vorbis: bf7c407c2cedff20999df2af8eb42d56 -> 
