Using pre-set license
Built from '2021.3/staging' branch; Version is '2021.3.15f1 (e8e88683f834) revision 15263878'; Using compiler version '192829333'; Build Type 'Release'
OS: 'Windows 11  (10.0.22631) 64bit CoreSingleLanguage' Language: 'en' Physical Memory: 24315 MB
BatchMode: 1, IsHumanControllingUs: 0, StartBugReporterOnCrash: 0, Is64bit: 1, IsPro: 1

COMMAND LINE ARGUMENTS:
C:\Program Files\Unity 2021.3.15f1\Editor\Unity.exe
-adb2
-batchMode
-noUpm
-name
AssetImportWorker4
-projectPath
C:/MatchMeck/TopDown-update
-logFile
Logs/AssetImportWorker4.log
-srvPort
62176
Successfully changed project path to: C:/MatchMeck/TopDown-update
C:/MatchMeck/TopDown-update
[UnityMemory] Configuration Parameters - Can be set up in boot.config
    "memorysetup-bucket-allocator-granularity=16"
    "memorysetup-bucket-allocator-bucket-count=8"
    "memorysetup-bucket-allocator-block-size=33554432"
    "memorysetup-bucket-allocator-block-count=8"
    "memorysetup-main-allocator-block-size=16777216"
    "memorysetup-thread-allocator-block-size=16777216"
    "memorysetup-gfx-main-allocator-block-size=16777216"
    "memorysetup-gfx-thread-allocator-block-size=16777216"
    "memorysetup-cache-allocator-block-size=4194304"
    "memorysetup-typetree-allocator-block-size=2097152"
    "memorysetup-profiler-bucket-allocator-granularity=16"
    "memorysetup-profiler-bucket-allocator-bucket-count=8"
    "memorysetup-profiler-bucket-allocator-block-size=33554432"
    "memorysetup-profiler-bucket-allocator-block-count=8"
    "memorysetup-profiler-allocator-block-size=16777216"
    "memorysetup-profiler-editor-allocator-block-size=1048576"
    "memorysetup-temp-allocator-size-main=16777216"
    "memorysetup-job-temp-allocator-block-size=2097152"
    "memorysetup-job-temp-allocator-block-size-background=1048576"
    "memorysetup-job-temp-allocator-reduction-small-platforms=262144"
    "memorysetup-temp-allocator-size-background-worker=32768"
    "memorysetup-temp-allocator-size-job-worker=262144"
    "memorysetup-temp-allocator-size-preload-manager=33554432"
    "memorysetup-temp-allocator-size-nav-mesh-worker=65536"
    "memorysetup-temp-allocator-size-audio-worker=65536"
    "memorysetup-temp-allocator-size-cloud-worker=32768"
    "memorysetup-temp-allocator-size-gi-baking-worker=262144"
    "memorysetup-temp-allocator-size-gfx=262144"
Player connection [14816] Host "[IP] 172.30.165.71 [Port] 0 [Flags] 2 [Guid] 845096713 [EditorId] 845096713 [Version] 1048832 [Id] WindowsEditor(7,LAPTOP-1BOK71AU) [Debug] 1 [PackageName] WindowsEditor [ProjectName] Editor" joined multi-casting on [225.0.0.222:54997]...

Player connection [14816] Host "[IP] 172.30.165.71 [Port] 0 [Flags] 2 [Guid] 845096713 [EditorId] 845096713 [Version] 1048832 [Id] WindowsEditor(7,LAPTOP-1BOK71AU) [Debug] 1 [PackageName] WindowsEditor [ProjectName] Editor" joined alternative multi-casting on [225.0.0.222:34997]...

Refreshing native plugins compatible for Editor in 61.93 ms, found 3 plugins.
Preloading 0 native plugins for Editor in 0.00 ms.
Initialize engine version: 2021.3.15f1 (e8e88683f834)
[Subsystems] Discovering subsystems at path C:/Program Files/Unity 2021.3.15f1/Editor/Data/Resources/UnitySubsystems
[Subsystems] Discovering subsystems at path C:/MatchMeck/TopDown-update/Assets
GfxDevice: creating device client; threaded=0; jobified=0
Direct3D:
    Version:  Direct3D 11.0 [level 11.1]
    Renderer: NVIDIA GeForce RTX 4060 Laptop GPU (ID=0x28e0)
    Vendor:   NVIDIA
    VRAM:     7972 MB
    Driver:   31.0.15.4629
Initialize mono
Mono path[0] = 'C:/Program Files/Unity 2021.3.15f1/Editor/Data/Managed'
Mono path[1] = 'C:/Program Files/Unity 2021.3.15f1/Editor/Data/MonoBleedingEdge/lib/mono/unityjit-win32'
Mono config path = 'C:/Program Files/Unity 2021.3.15f1/Editor/Data/MonoBleedingEdge/etc'
Using monoOptions --debugger-agent=transport=dt_socket,embedding=1,server=y,suspend=n,address=127.0.0.1:56104
Begin MonoManager ReloadAssembly
Registering precompiled unity dll's ...
Register platform support module: C:/Program Files/Unity 2021.3.15f1/Editor/Data/PlaybackEngines/WebGLSupport/UnityEditor.WebGL.Extensions.dll
Register platform support module: C:/Program Files/Unity 2021.3.15f1/Editor/Data/PlaybackEngines/WindowsStandaloneSupport/UnityEditor.WindowsStandalone.Extensions.dll
Registered in 0.003750 seconds.
Native extension for WindowsStandalone target not found
Native extension for WebGL target not found
Refreshing native plugins compatible for Editor in 60.77 ms, found 3 plugins.
Preloading 0 native plugins for Editor in 0.00 ms.
Mono: successfully reloaded assembly
- Completed reload, in  0.493 seconds
Domain Reload Profiling:
	ReloadAssembly (493ms)
		BeginReloadAssembly (61ms)
			ExecutionOrderSort (0ms)
			DisableScriptedObjects (0ms)
			BackupInstance (0ms)
			ReleaseScriptingObjects (0ms)
			CreateAndSetChildDomain (1ms)
		EndReloadAssembly (352ms)
			LoadAssemblies (59ms)
			RebuildTransferFunctionScriptingTraits (0ms)
			SetupTypeCache (74ms)
			ReleaseScriptCaches (0ms)
			RebuildScriptCaches (25ms)
			SetupLoadedEditorAssemblies (205ms)
				LogAssemblyErrors (0ms)
				InitializePlatformSupportModulesInManaged (8ms)
				SetLoadedEditorAssemblies (0ms)
				RefreshPlugins (61ms)
				BeforeProcessingInitializeOnLoad (1ms)
				ProcessInitializeOnLoadAttributes (99ms)
				ProcessInitializeOnLoadMethodAttributes (37ms)
				AfterProcessingInitializeOnLoad (0ms)
				EditorAssembliesLoaded (0ms)
			ExecutionOrderSort2 (0ms)
			AwakeInstancesAfterBackupRestoration (0ms)
Platform modules already initialized, skipping
Registering precompiled user dll's ...
Registered in 0.006067 seconds.
Begin MonoManager ReloadAssembly
Symbol file LoadedFromMemory doesn't match image C:\MatchMeck\TopDown-update\Library\PackageCache\com.unity.visualscripting@1.7.8\Editor\VisualScripting.Core\Dependencies\YamlDotNet\Unity.VisualScripting.YamlDotNet.dll
Symbol file LoadedFromMemory doesn't match image C:\MatchMeck\TopDown-update\Library\PackageCache\com.unity.visualscripting@1.7.8\Editor\VisualScripting.Core\Dependencies\DotNetZip\Unity.VisualScripting.IonicZip.dll
Native extension for WindowsStandalone target not found
Native extension for WebGL target not found
Refreshing native plugins compatible for Editor in 0.57 ms, found 3 plugins.
Preloading 0 native plugins for Editor in 0.00 ms.
Mono: successfully reloaded assembly
- Completed reload, in  0.845 seconds
Domain Reload Profiling:
	ReloadAssembly (846ms)
		BeginReloadAssembly (85ms)
			ExecutionOrderSort (0ms)
			DisableScriptedObjects (6ms)
			BackupInstance (0ms)
			ReleaseScriptingObjects (0ms)
			CreateAndSetChildDomain (13ms)
		EndReloadAssembly (674ms)
			LoadAssemblies (67ms)
			RebuildTransferFunctionScriptingTraits (0ms)
			SetupTypeCache (180ms)
			ReleaseScriptCaches (0ms)
			RebuildScriptCaches (34ms)
			SetupLoadedEditorAssemblies (364ms)
				LogAssemblyErrors (0ms)
				InitializePlatformSupportModulesInManaged (5ms)
				SetLoadedEditorAssemblies (0ms)
				RefreshPlugins (1ms)
				BeforeProcessingInitializeOnLoad (60ms)
				ProcessInitializeOnLoadAttributes (265ms)
				ProcessInitializeOnLoadMethodAttributes (24ms)
				AfterProcessingInitializeOnLoad (9ms)
				EditorAssembliesLoaded (0ms)
			ExecutionOrderSort2 (0ms)
			AwakeInstancesAfterBackupRestoration (4ms)
Platform modules already initialized, skipping
========================================================================
Worker process is ready to serve import requests
Launched and connected shader compiler UnityShaderCompiler.exe after 0.09 seconds
Refreshing native plugins compatible for Editor in 0.51 ms, found 3 plugins.
Preloading 0 native plugins for Editor in 0.00 ms.
Unloading 3379 Unused Serialized files (Serialized files now loaded: 0)
Unloading 28 unused Assets / (114.9 KB). Loaded Objects now: 3861.
Memory consumption went from 129.9 MB to 129.7 MB.
Total: 3.368300 ms (FindLiveObjects: 0.300700 ms CreateObjectMapping: 0.371300 ms MarkObjects: 2.576300 ms  DeleteObjects: 0.119000 ms)

AssetImportParameters requested are different than current active one (requested -> active):
  custom:video-decoder-ogg-theora: a1e56fd34408186e4bbccfd4996cb3dc -> 
  custom:container-muxer-webm: aa71ff27fc2769a1b78a27578f13a17b -> 
  custom:container-demuxer-webm: 4f35f7cbe854078d1ac9338744f61a02 -> 
  custom:video-encoder-webm-vp8: eb34c28f22e8b96e1ab97ce403110664 -> 
  custom:video-codec-MediaFoundation-h265: 746d11721c4dcdbdad8f713fa42b33f4 -> 
  custom:audio-encoder-webm-vorbis: bf7c407c2cedff20999df2af8eb42d56 -> 
  custom:framework-win-MediaFoundation: 216162199b28c13a410421893ffa2e32 -> 
  custom:container-demuxer-ogg: 62fdf1f143b41e24485cea50d1cbac27 -> 
  custom:video-decoder-webm-vp8: 9c59270c3fd7afecdb556c50c9e8de78 -> 
  custom:audio-decoder-ogg-vorbis: bf7c407c2cedff20999df2af8eb42d56 -> 
========================================================================
Received Import Request.
  Time since last request: 173302.125322 seconds.
  path: Assets/Assets/Simp_Prop/Demo/Cubemap/bk.jpg
  artifactKey: Guid(91374f45289d31645847169fe0126efc) Importer(815301076,1909f56bfc062723c751e8b465ee728b)
Start importing Assets/Assets/Simp_Prop/Demo/Cubemap/bk.jpg using Guid(91374f45289d31645847169fe0126efc) Importer(815301076,1909f56bfc062723c751e8b465ee728b)  -> (artifact id: '05bc4d04fb1d67f3c83697e2eb8d8c47') in 0.073567 seconds 
========================================================================
Received Import Request.
  Time since last request: 4.893272 seconds.
  path: Assets/Assets/Simp_Prop/Demo/Cubemap/ft.jpg
  artifactKey: Guid(106e2b56ecd20a14783def610ab3d45f) Importer(815301076,1909f56bfc062723c751e8b465ee728b)
Start importing Assets/Assets/Simp_Prop/Demo/Cubemap/ft.jpg using Guid(106e2b56ecd20a14783def610ab3d45f) Importer(815301076,1909f56bfc062723c751e8b465ee728b)  -> (artifact id: 'fc19e8be8d847879c911947daad11729') in 0.010988 seconds 
========================================================================
Received Import Request.
  Time since last request: 0.799963 seconds.
  path: Assets/Assets/Simp_Prop/Demo/Cubemap/lf.jpg
  artifactKey: Guid(f8326a0d72bd1f540b287a2960461420) Importer(815301076,1909f56bfc062723c751e8b465ee728b)
Start importing Assets/Assets/Simp_Prop/Demo/Cubemap/lf.jpg using Guid(f8326a0d72bd1f540b287a2960461420) Importer(815301076,1909f56bfc062723c751e8b465ee728b)  -> (artifact id: 'ec701dcff51b272dd4245acc76c00f6c') in 0.010447 seconds 
========================================================================
Received Import Request.
  Time since last request: 0.000037 seconds.
  path: Packages/com.unity.collab-proxy/Editor/Collaborate/Assets/Icons/loading-dark@2x.png
  artifactKey: Guid(d021820613d286f48915c2de657245d5) Importer(815301076,1909f56bfc062723c751e8b465ee728b)
Start importing Packages/com.unity.collab-proxy/Editor/Collaborate/Assets/Icons/loading-dark@2x.png using Guid(d021820613d286f48915c2de657245d5) Importer(815301076,1909f56bfc062723c751e8b465ee728b)  -> (artifact id: 'aca4be6a24904f6c4f75eb857a0ac94e') in 0.009024 seconds 
========================================================================
Received Import Request.
  Time since last request: 0.930247 seconds.
  path: Assets/Assets/Simp_Prop/Demo/Cubemap/mw_cubemap.cubemap
  artifactKey: Guid(9ef9536acce9b6d45ae6f7e3b25c494e) Importer(815301076,1909f56bfc062723c751e8b465ee728b)
Start importing Assets/Assets/Simp_Prop/Demo/Cubemap/mw_cubemap.cubemap using Guid(9ef9536acce9b6d45ae6f7e3b25c494e) Importer(815301076,1909f56bfc062723c751e8b465ee728b)  -> (artifact id: '701938417adacef92972451ed9dd11b1') in 0.091462 seconds 
========================================================================
Received Import Request.
  Time since last request: 0.452294 seconds.
  path: Assets/Assets/Simp_Prop/Demo/Cubemap/rt.jpg
  artifactKey: Guid(bbe8e2fffb3848e46a30931b2f3f0ad0) Importer(815301076,1909f56bfc062723c751e8b465ee728b)
Start importing Assets/Assets/Simp_Prop/Demo/Cubemap/rt.jpg using Guid(bbe8e2fffb3848e46a30931b2f3f0ad0) Importer(815301076,1909f56bfc062723c751e8b465ee728b)  -> (artifact id: '373a01654b22f4618b96684268ed9096') in 0.009024 seconds 
========================================================================
Received Import Request.
  Time since last request: 0.620204 seconds.
  path: Assets/Assets/Simp_Prop/Demo/Skyboxes/Textures/Sunny3/Sunny3_back.tif
  artifactKey: Guid(68287fe10cd30434b9c21ff1c55f613f) Importer(815301076,1909f56bfc062723c751e8b465ee728b)
Start importing Assets/Assets/Simp_Prop/Demo/Skyboxes/Textures/Sunny3/Sunny3_back.tif using Guid(68287fe10cd30434b9c21ff1c55f613f) Importer(815301076,1909f56bfc062723c751e8b465ee728b)  -> (artifact id: 'e803ca2b9e3625d9df8280b1ba118aa3') in 0.012681 seconds 
========================================================================
Received Import Request.
  Time since last request: 0.000019 seconds.
  path: Assets/Assets/Simp_Prop/Demo/Skyboxes/Textures/Sunny3/Sunny3_front.tif
  artifactKey: Guid(a6c23ad66d37f0e4c8c86d7c5293ac7c) Importer(815301076,1909f56bfc062723c751e8b465ee728b)
Start importing Assets/Assets/Simp_Prop/Demo/Skyboxes/Textures/Sunny3/Sunny3_front.tif using Guid(a6c23ad66d37f0e4c8c86d7c5293ac7c) Importer(815301076,1909f56bfc062723c751e8b465ee728b)  -> (artifact id: '7fdf4d859702728f108a1e75c9597492') in 0.009947 seconds 
========================================================================
Received Import Request.
  Time since last request: 0.201710 seconds.
  path: Assets/Assets/Simp_Prop/Demo/Skyboxes/Textures/Sunny3/Sunny3_right.tif
  artifactKey: Guid(e349c3f4b36417b48b65112d7bd0b54e) Importer(815301076,1909f56bfc062723c751e8b465ee728b)
Start importing Assets/Assets/Simp_Prop/Demo/Skyboxes/Textures/Sunny3/Sunny3_right.tif using Guid(e349c3f4b36417b48b65112d7bd0b54e) Importer(815301076,1909f56bfc062723c751e8b465ee728b)  -> (artifact id: 'fb2653c1cef4a3d2d7c6c72ffc3b5d10') in 0.011640 seconds 
========================================================================
Received Import Request.
  Time since last request: 0.840352 seconds.
  path: Packages/com.unity.timeline/Editor/StyleSheets/Images/Icons/TimelineEditModeMixON.png
  artifactKey: Guid(a82846d41464fcf4b962ebdc815963f5) Importer(815301076,1909f56bfc062723c751e8b465ee728b)
Start importing Packages/com.unity.timeline/Editor/StyleSheets/Images/Icons/TimelineEditModeMixON.png using Guid(a82846d41464fcf4b962ebdc815963f5) Importer(815301076,1909f56bfc062723c751e8b465ee728b)  -> (artifact id: '3cd168a9cc50e0d2d30f0f2b76627097') in 0.009909 seconds 
========================================================================
Received Import Request.
  Time since last request: 2.323340 seconds.
  path: Packages/com.unity.services.core/Editor/Core/UiHelpers/Images/ToggleOff.png
  artifactKey: Guid(04ca3057bc8a3462899551a1d4c90184) Importer(815301076,1909f56bfc062723c751e8b465ee728b)
Start importing Packages/com.unity.services.core/Editor/Core/UiHelpers/Images/ToggleOff.png using Guid(04ca3057bc8a3462899551a1d4c90184) Importer(815301076,1909f56bfc062723c751e8b465ee728b)  -> (artifact id: 'c35f70781b76ab2fd4304f0168dcf05a') in 0.009653 seconds 
========================================================================
Received Import Request.
  Time since last request: 0.000058 seconds.
  path: Assets/Assets/Simp_Prop/Demo/Cubemap/tp.jpg
  artifactKey: Guid(8ac2cadc1a3bf6f4fad9f3071c15ce7c) Importer(815301076,1909f56bfc062723c751e8b465ee728b)
Start importing Assets/Assets/Simp_Prop/Demo/Cubemap/tp.jpg using Guid(8ac2cadc1a3bf6f4fad9f3071c15ce7c) Importer(815301076,1909f56bfc062723c751e8b465ee728b)  -> (artifact id: '8e21c6366fe797c066ee8b734acdfe22') in 0.010134 seconds 
========================================================================
Received Import Request.
  Time since last request: 1.577318 seconds.
  path: Packages/com.unity.timeline/Editor/StyleSheets/Images/Icons/TrackMarkerButtonEnabled@2x.png
  artifactKey: Guid(c35a22ede3f5feb488bf69587ddc36ed) Importer(815301076,1909f56bfc062723c751e8b465ee728b)
Start importing Packages/com.unity.timeline/Editor/StyleSheets/Images/Icons/TrackMarkerButtonEnabled@2x.png using Guid(c35a22ede3f5feb488bf69587ddc36ed) Importer(815301076,1909f56bfc062723c751e8b465ee728b)  -> (artifact id: '46671e94035c7cce1e8a1cd246d09dc5') in 0.007711 seconds 
========================================================================
Received Import Request.
  Time since last request: 0.032113 seconds.
  path: Packages/com.unity.timeline/Editor/StyleSheets/Images/Icons/TrackMuteButtonDisabled.png
  artifactKey: Guid(5216b1b48296ef345ad2d2ec43105bf0) Importer(815301076,1909f56bfc062723c751e8b465ee728b)
Start importing Packages/com.unity.timeline/Editor/StyleSheets/Images/Icons/TrackMuteButtonDisabled.png using Guid(5216b1b48296ef345ad2d2ec43105bf0) Importer(815301076,1909f56bfc062723c751e8b465ee728b)  -> (artifact id: '888acd6128dcbc0b023a4623c86f0424') in 0.007320 seconds 
========================================================================
Received Import Request.
  Time since last request: 0.199894 seconds.
  path: Packages/com.unity.timeline/Editor/StyleSheets/Images/Icons/TrackMuteButtonEnabled.png
  artifactKey: Guid(81e8b4a4bcbf7a14898e2658fd827642) Importer(815301076,1909f56bfc062723c751e8b465ee728b)
Start importing Packages/com.unity.timeline/Editor/StyleSheets/Images/Icons/TrackMuteButtonEnabled.png using Guid(81e8b4a4bcbf7a14898e2658fd827642) Importer(815301076,1909f56bfc062723c751e8b465ee728b)  -> (artifact id: 'b4cadd18f5ac26e7c38384e4988ffafa') in 0.010869 seconds 
========================================================================
Received Import Request.
  Time since last request: 1625.933559 seconds.
  path: Assets/Meterail/Materials/a5d3d2375ac697d8.jpg
  artifactKey: Guid(f327ea47493956c4f818bb21d24b9b31) Importer(815301076,1909f56bfc062723c751e8b465ee728b)
Start importing Assets/Meterail/Materials/a5d3d2375ac697d8.jpg using Guid(f327ea47493956c4f818bb21d24b9b31) Importer(815301076,1909f56bfc062723c751e8b465ee728b)  -> (artifact id: '8b7c8f02054c09f7de265ab72c7870b7') in 0.011817 seconds 
========================================================================
Received Import Request.
  Time since last request: 2397.209503 seconds.
  path: Assets/Meterail/Materials/NewLayer 1.terrainlayer
  artifactKey: Guid(1f0838ad9874db543b1fbbe06aaaca2e) Importer(815301076,1909f56bfc062723c751e8b465ee728b)
Start importing Assets/Meterail/Materials/NewLayer 1.terrainlayer using Guid(1f0838ad9874db543b1fbbe06aaaca2e) Importer(815301076,1909f56bfc062723c751e8b465ee728b)  -> (artifact id: '0d94e08cb4cf05a7f288f10d702c236a') in 0.090735 seconds 
